=====================================================================
Test Case Result - Overview
=====================================================================

Test Case: Test Case 49
Result:    SUCCESS

Steps:
  1. (success) exec(Package[python])
  2. (success) exec(File[/var/lib/puppet/concat])
  3. (success) exec(Package[curl])
  4. (success) exec(Exec[install_setuptools])
  5. (success) exec(Exec[install_pip])
  6. (success) exec(Package[supervisor])
  7. (success) exec(File[/var/lib/puppet/concat/_etc_supervisord.conf])
  8. (success) exec(File[/var/lib/puppet/concat/_etc_supervisord.conf/fragments.concat])
  9. (success) assert(Exec[install_pip])
  10. (success) assert(Exec[install_setuptools])
  11. (success) assert(File[/var/lib/puppet/concat/_etc_supervisord.conf/fragments.concat])
  12. (success) assert(File[/var/lib/puppet/concat/_etc_supervisord.conf])
  13. (success) assert(File[/var/lib/puppet/concat])
  14. (success) assert(Package[curl])
  15. (success) assert(Package[python])
  16. (success) assert(Package[supervisor])
  17. (success) exec(File[/var/lib/puppet/concat/_etc_supervisord.conf/fragments.concat.out])
  18. (success) assert(Exec[install_pip])
  19. (success) assert(Exec[install_setuptools])
  20. (success) assert(File[/var/lib/puppet/concat/_etc_supervisord.conf/fragments.concat.out])
  21. (success) assert(File[/var/lib/puppet/concat/_etc_supervisord.conf/fragments.concat])
  22. (success) assert(File[/var/lib/puppet/concat/_etc_supervisord.conf])
  23. (success) assert(File[/var/lib/puppet/concat])
  24. (success) assert(Package[curl])
  25. (success) assert(Package[python])
  26. (success) assert(Package[supervisor])

=====================================================================
1. exec(Package[python])
=====================================================================

Step result:    success
Execution time: 9.122414075 seconds

############## OUTPUT START ##############
Notice: /Stage[main]/Prerequisites/Package[python]/ensure: ensure changed 'purged' to 'present'
##############  OUTPUT END  ##############

=====================================================================
2. exec(File[/var/lib/puppet/concat])
=====================================================================

Step result:    success
Execution time: 0.19438263 seconds

############## OUTPUT START ##############
Notice: /Stage[main]/Concat::Setup/File[/var/lib/puppet/concat]/ensure: created
##############  OUTPUT END  ##############

=====================================================================
3. exec(Package[curl])
=====================================================================

Step result:    success
Execution time: 0.178897777 seconds

############## OUTPUT START ##############

##############  OUTPUT END  ##############

=====================================================================
4. exec(Exec[install_setuptools])
=====================================================================

Step result:    success
Execution time: 2.092250804 seconds

############## OUTPUT START ##############
Notice: /Stage[main]/Supervisord::Pip/Exec[install_setuptools]/returns: executed successfully
##############  OUTPUT END  ##############

=====================================================================
5. exec(Exec[install_pip])
=====================================================================

Step result:    success
Execution time: 4.597789499 seconds

############## OUTPUT START ##############
Notice: /Stage[main]/Supervisord::Pip/Exec[install_pip]/returns: executed successfully
##############  OUTPUT END  ##############

=====================================================================
6. exec(Package[supervisor])
=====================================================================

Step result:    success
Execution time: 3.830918102 seconds

############## OUTPUT START ##############
Notice: /Stage[main]/Supervisord::Install/Package[supervisor]/ensure: created
##############  OUTPUT END  ##############

=====================================================================
7. exec(File[/var/lib/puppet/concat/_etc_supervisord.conf])
=====================================================================

Step result:    success
Execution time: 0.945633528 seconds

############## OUTPUT START ##############
Notice: /Stage[main]/Supervisord::Config/Concat[/etc/supervisord.conf]/File[/var/lib/puppet/concat/_etc_supervisord.conf]/ensure: created
Error: /Stage[main]/Supervisord::Config/Concat[/etc/supervisord.conf]/Exec[concat_/etc/supervisord.conf]: Failed to call refresh: Could not find command '/var/lib/puppet/concat/bin/concatfragments.rb'
Error: /Stage[main]/Supervisord::Config/Concat[/etc/supervisord.conf]/Exec[concat_/etc/supervisord.conf]: Could not find command '/var/lib/puppet/concat/bin/concatfragments.rb'
Notice: /Stage[main]/Supervisord::Reload/Exec[supervisorctl_reread]/returns: error: <class 'socket.error'>, [Errno 111] Connection refused: file: /usr/lib/python2.7/socket.py line: 571
Error: /Stage[main]/Supervisord::Reload/Exec[supervisorctl_reread]: Failed to call refresh: /usr/local/bin/supervisorctl reread returned 2 instead of one of [0]
Error: /Stage[main]/Supervisord::Reload/Exec[supervisorctl_reread]: /usr/local/bin/supervisorctl reread returned 2 instead of one of [0]
Notice: /Stage[main]/Supervisord::Reload/Exec[supervisorctl_update]/returns: error: <class 'socket.error'>, [Errno 111] Connection refused: file: /usr/lib/python2.7/socket.py line: 571
Error: /Stage[main]/Supervisord::Reload/Exec[supervisorctl_update]: Failed to call refresh: /usr/local/bin/supervisorctl update returned 2 instead of one of [0]
Error: /Stage[main]/Supervisord::Reload/Exec[supervisorctl_update]: /usr/local/bin/supervisorctl update returned 2 instead of one of [0]
##############  OUTPUT END  ##############

=====================================================================
8. exec(File[/var/lib/puppet/concat/_etc_supervisord.conf/fragments.concat])
=====================================================================

Step result:    success
Execution time: 0.937932678 seconds

############## OUTPUT START ##############
Notice: /Stage[main]/Supervisord::Config/Concat[/etc/supervisord.conf]/File[/var/lib/puppet/concat/_etc_supervisord.conf/fragments.concat]/ensure: created
Notice: /Stage[main]/Supervisord::Reload/Exec[supervisorctl_reread]/returns: error: <class 'socket.error'>, [Errno 111] Connection refused: file: /usr/lib/python2.7/socket.py line: 571
Error: /Stage[main]/Supervisord::Reload/Exec[supervisorctl_reread]: Failed to call refresh: /usr/local/bin/supervisorctl reread returned 2 instead of one of [0]
Error: /Stage[main]/Supervisord::Reload/Exec[supervisorctl_reread]: /usr/local/bin/supervisorctl reread returned 2 instead of one of [0]
Notice: /Stage[main]/Supervisord::Reload/Exec[supervisorctl_update]/returns: error: <class 'socket.error'>, [Errno 111] Connection refused: file: /usr/lib/python2.7/socket.py line: 571
Error: /Stage[main]/Supervisord::Reload/Exec[supervisorctl_update]: Failed to call refresh: /usr/local/bin/supervisorctl update returned 2 instead of one of [0]
Error: /Stage[main]/Supervisord::Reload/Exec[supervisorctl_update]: /usr/local/bin/supervisorctl update returned 2 instead of one of [0]
##############  OUTPUT END  ##############

=====================================================================
9. assert(Exec[install_pip])
=====================================================================

Step result:    success
Execution time: 5.703429484 seconds

############## OUTPUT START ##############

##############  OUTPUT END  ##############

########## CHANGE SUMMARY START ##########
No changes.
##########  CHANGE SUMMARY END  ##########

=====================================================================
10. assert(Exec[install_setuptools])
=====================================================================

Step result:    success
Execution time: 4.970889588 seconds

############## OUTPUT START ##############

##############  OUTPUT END  ##############

########## CHANGE SUMMARY START ##########
No changes.
##########  CHANGE SUMMARY END  ##########

=====================================================================
11. assert(File[/var/lib/puppet/concat/_etc_supervisord.conf/fragments.concat])
=====================================================================

Step result:    success
Execution time: 3.027473809 seconds

############## OUTPUT START ##############

##############  OUTPUT END  ##############

########## CHANGE SUMMARY START ##########
No changes.
##########  CHANGE SUMMARY END  ##########

=====================================================================
12. assert(File[/var/lib/puppet/concat/_etc_supervisord.conf])
=====================================================================

Step result:    success
Execution time: 3.019746481 seconds

############## OUTPUT START ##############

##############  OUTPUT END  ##############

########## CHANGE SUMMARY START ##########
No changes.
##########  CHANGE SUMMARY END  ##########

=====================================================================
13. assert(File[/var/lib/puppet/concat])
=====================================================================

Step result:    success
Execution time: 3.480967439 seconds

############## OUTPUT START ##############

##############  OUTPUT END  ##############

########## CHANGE SUMMARY START ##########
No changes.
##########  CHANGE SUMMARY END  ##########

=====================================================================
14. assert(Package[curl])
=====================================================================

Step result:    success
Execution time: 3.472425607 seconds

############## OUTPUT START ##############

##############  OUTPUT END  ##############

########## CHANGE SUMMARY START ##########
No changes.
##########  CHANGE SUMMARY END  ##########

=====================================================================
15. assert(Package[python])
=====================================================================

Step result:    success
Execution time: 4.386246677 seconds

############## OUTPUT START ##############

##############  OUTPUT END  ##############

########## CHANGE SUMMARY START ##########
No changes.
##########  CHANGE SUMMARY END  ##########

=====================================================================
16. assert(Package[supervisor])
=====================================================================

Step result:    success
Execution time: 3.02093487 seconds

############## OUTPUT START ##############

##############  OUTPUT END  ##############

########## CHANGE SUMMARY START ##########
No changes.
##########  CHANGE SUMMARY END  ##########

=====================================================================
17. exec(File[/var/lib/puppet/concat/_etc_supervisord.conf/fragments.concat.out])
=====================================================================

Step result:    success
Execution time: 1.004121824 seconds

############## OUTPUT START ##############
Notice: /Stage[main]/Supervisord::Config/Concat[/etc/supervisord.conf]/File[/var/lib/puppet/concat/_etc_supervisord.conf/fragments.concat.out]/ensure: created
Notice: /Stage[main]/Supervisord::Reload/Exec[supervisorctl_reread]/returns: error: <class 'socket.error'>, [Errno 111] Connection refused: file: /usr/lib/python2.7/socket.py line: 571
Error: /Stage[main]/Supervisord::Reload/Exec[supervisorctl_reread]: Failed to call refresh: /usr/local/bin/supervisorctl reread returned 2 instead of one of [0]
Error: /Stage[main]/Supervisord::Reload/Exec[supervisorctl_reread]: /usr/local/bin/supervisorctl reread returned 2 instead of one of [0]
Notice: /Stage[main]/Supervisord::Reload/Exec[supervisorctl_update]/returns: error: <class 'socket.error'>, [Errno 111] Connection refused: file: /usr/lib/python2.7/socket.py line: 571
Error: /Stage[main]/Supervisord::Reload/Exec[supervisorctl_update]: Failed to call refresh: /usr/local/bin/supervisorctl update returned 2 instead of one of [0]
Error: /Stage[main]/Supervisord::Reload/Exec[supervisorctl_update]: /usr/local/bin/supervisorctl update returned 2 instead of one of [0]
##############  OUTPUT END  ##############

=====================================================================
18. assert(Exec[install_pip])
=====================================================================

Step result:    success
Execution time: 5.633549419 seconds

############## OUTPUT START ##############

##############  OUTPUT END  ##############

########## CHANGE SUMMARY START ##########
No changes.
##########  CHANGE SUMMARY END  ##########

=====================================================================
19. assert(Exec[install_setuptools])
=====================================================================

Step result:    success
Execution time: 3.892663514 seconds

############## OUTPUT START ##############

##############  OUTPUT END  ##############

########## CHANGE SUMMARY START ##########
No changes.
##########  CHANGE SUMMARY END  ##########

=====================================================================
20. assert(File[/var/lib/puppet/concat/_etc_supervisord.conf/fragments.concat.out])
=====================================================================

Step result:    success
Execution time: 2.716401303 seconds

############## OUTPUT START ##############

##############  OUTPUT END  ##############

########## CHANGE SUMMARY START ##########
No changes.
##########  CHANGE SUMMARY END  ##########

=====================================================================
21. assert(File[/var/lib/puppet/concat/_etc_supervisord.conf/fragments.concat])
=====================================================================

Step result:    success
Execution time: 2.905998847 seconds

############## OUTPUT START ##############

##############  OUTPUT END  ##############

########## CHANGE SUMMARY START ##########
No changes.
##########  CHANGE SUMMARY END  ##########

=====================================================================
22. assert(File[/var/lib/puppet/concat/_etc_supervisord.conf])
=====================================================================

Step result:    success
Execution time: 3.052206869 seconds

############## OUTPUT START ##############

##############  OUTPUT END  ##############

########## CHANGE SUMMARY START ##########
No changes.
##########  CHANGE SUMMARY END  ##########

=====================================================================
23. assert(File[/var/lib/puppet/concat])
=====================================================================

Step result:    success
Execution time: 3.923882613 seconds

############## OUTPUT START ##############

##############  OUTPUT END  ##############

########## CHANGE SUMMARY START ##########
No changes.
##########  CHANGE SUMMARY END  ##########

=====================================================================
24. assert(Package[curl])
=====================================================================

Step result:    success
Execution time: 3.924802653 seconds

############## OUTPUT START ##############

##############  OUTPUT END  ##############

########## CHANGE SUMMARY START ##########
No changes.
##########  CHANGE SUMMARY END  ##########

=====================================================================
25. assert(Package[python])
=====================================================================

Step result:    success
Execution time: 3.525288087 seconds

############## OUTPUT START ##############

##############  OUTPUT END  ##############

########## CHANGE SUMMARY START ##########
No changes.
##########  CHANGE SUMMARY END  ##########

=====================================================================
26. assert(Package[supervisor])
=====================================================================

Step result:    success
Execution time: 3.668322507 seconds

############## OUTPUT START ##############

##############  OUTPUT END  ##############

########## CHANGE SUMMARY START ##########
No changes.
##########  CHANGE SUMMARY END  ##########

