=====================================================================
Test Case Result - Overview
=====================================================================

Test Case: Test Case 6
Result:    SUCCESS

Steps:
  1. (success) exec(Package[python])
  2. (success) assert(Package[python])
  3. (success) exec(File[/var/lib/puppet/concat])
  4. (success) assert(File[/var/lib/puppet/concat])
  5. (success) assert(Package[python])
  6. (success) exec(Package[curl])
  7. (success) assert(File[/var/lib/puppet/concat])
  8. (success) assert(Package[curl])
  9. (success) assert(Package[python])
  10. (success) exec(Exec[install_setuptools])
  11. (success) assert(Exec[install_setuptools])
  12. (success) assert(File[/var/lib/puppet/concat])
  13. (success) assert(Package[curl])
  14. (success) assert(Package[python])
  15. (success) exec(Exec[install_pip])
  16. (success) assert(Exec[install_pip])
  17. (success) assert(Exec[install_setuptools])
  18. (success) assert(File[/var/lib/puppet/concat])
  19. (success) assert(Package[curl])
  20. (success) assert(Package[python])
  21. (success) exec(File[/var/lib/puppet/concat/bin])
  22. (success) assert(Exec[install_pip])
  23. (success) assert(Exec[install_setuptools])
  24. (success) assert(File[/var/lib/puppet/concat/bin])
  25. (success) assert(File[/var/lib/puppet/concat])
  26. (success) assert(Package[curl])
  27. (success) assert(Package[python])
  28. (success) exec(Package[supervisor])
  29. (success) assert(Exec[install_pip])
  30. (success) assert(Exec[install_setuptools])
  31. (success) assert(File[/var/lib/puppet/concat/bin])
  32. (success) assert(File[/var/lib/puppet/concat])
  33. (success) assert(Package[curl])
  34. (success) assert(Package[python])
  35. (success) assert(Package[supervisor])
  36. (success) exec(File[/var/lib/puppet/concat/_etc_supervisord.conf])
  37. (success) assert(Exec[install_pip])
  38. (success) assert(Exec[install_setuptools])
  39. (success) assert(File[/var/lib/puppet/concat/_etc_supervisord.conf])
  40. (success) assert(File[/var/lib/puppet/concat/bin])
  41. (success) assert(File[/var/lib/puppet/concat])
  42. (success) assert(Package[curl])
  43. (success) assert(Package[python])
  44. (success) assert(Package[supervisor])
  45. (success) exec(File[/var/lib/puppet/concat/bin/concatfragments.rb])
  46. (success) assert(Exec[install_pip])
  47. (success) assert(Exec[install_setuptools])
  48. (success) assert(File[/var/lib/puppet/concat/_etc_supervisord.conf])
  49. (success) assert(File[/var/lib/puppet/concat/bin/concatfragments.rb])
  50. (success) assert(File[/var/lib/puppet/concat/bin])
  51. (success) assert(File[/var/lib/puppet/concat])
  52. (success) assert(Package[curl])
  53. (success) assert(Package[python])
  54. (success) assert(Package[supervisor])
  55. (success) exec(File[/var/lib/puppet/concat/_etc_supervisord.conf/fragments])
  56. (success) assert(Exec[install_pip])
  57. (success) assert(Exec[install_setuptools])
  58. (success) assert(File[/var/lib/puppet/concat/_etc_supervisord.conf/fragments])
  59. (success) assert(File[/var/lib/puppet/concat/_etc_supervisord.conf])
  60. (success) assert(File[/var/lib/puppet/concat/bin/concatfragments.rb])
  61. (success) assert(File[/var/lib/puppet/concat/bin])
  62. (success) assert(File[/var/lib/puppet/concat])
  63. (success) assert(Package[curl])
  64. (success) assert(Package[python])
  65. (success) assert(Package[supervisor])
  66. (success) exec(File[/var/lib/puppet/concat/_etc_supervisord.conf/fragments/02_supervisord_main])
  67. (success) exec(File[/var/lib/puppet/concat/_etc_supervisord.conf/fragments.concat])
  68. (success) exec(File[/var/lib/puppet/concat/_etc_supervisord.conf/fragments/01_supervisord_unix])
  69. (success) exec(Exec[concat_/etc/supervisord.conf])
  70. (success) assert(Exec[concat_/etc/supervisord.conf])
  71. (success) assert(Exec[install_pip])
  72. (success) assert(Exec[install_setuptools])
  73. (success) assert(File[/var/lib/puppet/concat/_etc_supervisord.conf/fragments.concat])
  74. (success) assert(File[/var/lib/puppet/concat/_etc_supervisord.conf/fragments/01_supervisord_unix])
  75. (success) assert(File[/var/lib/puppet/concat/_etc_supervisord.conf/fragments/02_supervisord_main])
  76. (success) assert(File[/var/lib/puppet/concat/_etc_supervisord.conf/fragments])
  77. (success) assert(File[/var/lib/puppet/concat/_etc_supervisord.conf])
  78. (success) assert(File[/var/lib/puppet/concat/bin/concatfragments.rb])
  79. (success) assert(File[/var/lib/puppet/concat/bin])
  80. (success) assert(File[/var/lib/puppet/concat])
  81. (success) assert(Package[curl])
  82. (success) assert(Package[python])
  83. (success) assert(Package[supervisor])
  84. (success) exec(File[/etc/supervisord.conf])
  85. (success) assert(Exec[concat_/etc/supervisord.conf])
  86. (success) assert(Exec[install_pip])
  87. (success) assert(Exec[install_setuptools])
  88. (success) assert(File[/etc/supervisord.conf])
  89. (success) assert(File[/var/lib/puppet/concat/_etc_supervisord.conf/fragments.concat])
  90. (success) assert(File[/var/lib/puppet/concat/_etc_supervisord.conf/fragments/01_supervisord_unix])
  91. (success) assert(File[/var/lib/puppet/concat/_etc_supervisord.conf/fragments/02_supervisord_main])
  92. (success) assert(File[/var/lib/puppet/concat/_etc_supervisord.conf/fragments])
  93. (success) assert(File[/var/lib/puppet/concat/_etc_supervisord.conf])
  94. (success) assert(File[/var/lib/puppet/concat/bin/concatfragments.rb])
  95. (success) assert(File[/var/lib/puppet/concat/bin])
  96. (success) assert(File[/var/lib/puppet/concat])
  97. (success) assert(Package[curl])
  98. (success) assert(Package[python])
  99. (success) assert(Package[supervisor])
  100. (success) exec(File[/etc/init.d/supervisord])
  101. (success) assert(Exec[concat_/etc/supervisord.conf])
  102. (success) assert(Exec[install_pip])
  103. (success) assert(Exec[install_setuptools])
  104. (success) assert(File[/etc/init.d/supervisord])
  105. (success) assert(File[/etc/supervisord.conf])
  106. (success) assert(File[/var/lib/puppet/concat/_etc_supervisord.conf/fragments.concat])
  107. (success) assert(File[/var/lib/puppet/concat/_etc_supervisord.conf/fragments/01_supervisord_unix])
  108. (success) assert(File[/var/lib/puppet/concat/_etc_supervisord.conf/fragments/02_supervisord_main])
  109. (success) assert(File[/var/lib/puppet/concat/_etc_supervisord.conf/fragments])
  110. (success) assert(File[/var/lib/puppet/concat/_etc_supervisord.conf])
  111. (success) assert(File[/var/lib/puppet/concat/bin/concatfragments.rb])
  112. (success) assert(File[/var/lib/puppet/concat/bin])
  113. (success) assert(File[/var/lib/puppet/concat])
  114. (success) assert(Package[curl])
  115. (success) assert(Package[python])
  116. (success) assert(Package[supervisor])

=====================================================================
1. exec(Package[python])
=====================================================================

Step result:    success
Execution time: 0.145973597 seconds

############## OUTPUT START ##############

##############  OUTPUT END  ##############

=====================================================================
2. assert(Package[python])
=====================================================================

Step result:    success
Execution time: 4.834919689 seconds

############## OUTPUT START ##############

##############  OUTPUT END  ##############

########## CHANGE SUMMARY START ##########
No changes.
##########  CHANGE SUMMARY END  ##########

=====================================================================
3. exec(File[/var/lib/puppet/concat])
=====================================================================

Step result:    success
Execution time: 0.224417785 seconds

############## OUTPUT START ##############
Notice: /Stage[main]/Concat::Setup/File[/var/lib/puppet/concat]/ensure: created
##############  OUTPUT END  ##############

=====================================================================
4. assert(File[/var/lib/puppet/concat])
=====================================================================

Step result:    success
Execution time: 4.665799866 seconds

############## OUTPUT START ##############

##############  OUTPUT END  ##############

########## CHANGE SUMMARY START ##########
No changes.
##########  CHANGE SUMMARY END  ##########

=====================================================================
5. assert(Package[python])
=====================================================================

Step result:    success
Execution time: 3.111798868 seconds

############## OUTPUT START ##############

##############  OUTPUT END  ##############

########## CHANGE SUMMARY START ##########
No changes.
##########  CHANGE SUMMARY END  ##########

=====================================================================
6. exec(Package[curl])
=====================================================================

Step result:    success
Execution time: 0.223292379 seconds

############## OUTPUT START ##############

##############  OUTPUT END  ##############

=====================================================================
7. assert(File[/var/lib/puppet/concat])
=====================================================================

Step result:    success
Execution time: 4.978506932 seconds

############## OUTPUT START ##############

##############  OUTPUT END  ##############

########## CHANGE SUMMARY START ##########
No changes.
##########  CHANGE SUMMARY END  ##########

=====================================================================
8. assert(Package[curl])
=====================================================================

Step result:    success
Execution time: 3.30176267 seconds

############## OUTPUT START ##############

##############  OUTPUT END  ##############

########## CHANGE SUMMARY START ##########
No changes.
##########  CHANGE SUMMARY END  ##########

=====================================================================
9. assert(Package[python])
=====================================================================

Step result:    success
Execution time: 3.378634908 seconds

############## OUTPUT START ##############

##############  OUTPUT END  ##############

########## CHANGE SUMMARY START ##########
No changes.
##########  CHANGE SUMMARY END  ##########

=====================================================================
10. exec(Exec[install_setuptools])
=====================================================================

Step result:    success
Execution time: 2.252385592 seconds

############## OUTPUT START ##############
Notice: /Stage[main]/Supervisord::Pip/Exec[install_setuptools]/returns: executed successfully
##############  OUTPUT END  ##############

=====================================================================
11. assert(Exec[install_setuptools])
=====================================================================

Step result:    success
Execution time: 4.919516053 seconds

############## OUTPUT START ##############

##############  OUTPUT END  ##############

########## CHANGE SUMMARY START ##########
No changes.
##########  CHANGE SUMMARY END  ##########

=====================================================================
12. assert(File[/var/lib/puppet/concat])
=====================================================================

Step result:    success
Execution time: 3.344612579 seconds

############## OUTPUT START ##############

##############  OUTPUT END  ##############

########## CHANGE SUMMARY START ##########
No changes.
##########  CHANGE SUMMARY END  ##########

=====================================================================
13. assert(Package[curl])
=====================================================================

Step result:    success
Execution time: 3.33332243 seconds

############## OUTPUT START ##############

##############  OUTPUT END  ##############

########## CHANGE SUMMARY START ##########
No changes.
##########  CHANGE SUMMARY END  ##########

=====================================================================
14. assert(Package[python])
=====================================================================

Step result:    success
Execution time: 3.292115644 seconds

############## OUTPUT START ##############

##############  OUTPUT END  ##############

########## CHANGE SUMMARY START ##########
No changes.
##########  CHANGE SUMMARY END  ##########

=====================================================================
15. exec(Exec[install_pip])
=====================================================================

Step result:    success
Execution time: 4.861606388 seconds

############## OUTPUT START ##############
Notice: /Stage[main]/Supervisord::Pip/Exec[install_pip]/returns: executed successfully
##############  OUTPUT END  ##############

=====================================================================
16. assert(Exec[install_pip])
=====================================================================

Step result:    success
Execution time: 5.8485935 seconds

############## OUTPUT START ##############

##############  OUTPUT END  ##############

########## CHANGE SUMMARY START ##########
No changes.
##########  CHANGE SUMMARY END  ##########

=====================================================================
17. assert(Exec[install_setuptools])
=====================================================================

Step result:    success
Execution time: 3.511651153 seconds

############## OUTPUT START ##############

##############  OUTPUT END  ##############

########## CHANGE SUMMARY START ##########
No changes.
##########  CHANGE SUMMARY END  ##########

=====================================================================
18. assert(File[/var/lib/puppet/concat])
=====================================================================

Step result:    success
Execution time: 4.270946078 seconds

############## OUTPUT START ##############

##############  OUTPUT END  ##############

########## CHANGE SUMMARY START ##########
No changes.
##########  CHANGE SUMMARY END  ##########

=====================================================================
19. assert(Package[curl])
=====================================================================

Step result:    success
Execution time: 3.539733828 seconds

############## OUTPUT START ##############

##############  OUTPUT END  ##############

########## CHANGE SUMMARY START ##########
No changes.
##########  CHANGE SUMMARY END  ##########

=====================================================================
20. assert(Package[python])
=====================================================================

Step result:    success
Execution time: 3.443903239 seconds

############## OUTPUT START ##############

##############  OUTPUT END  ##############

########## CHANGE SUMMARY START ##########
No changes.
##########  CHANGE SUMMARY END  ##########

=====================================================================
21. exec(File[/var/lib/puppet/concat/bin])
=====================================================================

Step result:    success
Execution time: 0.886021748 seconds

############## OUTPUT START ##############
Notice: /Stage[main]/Concat::Setup/File[/var/lib/puppet/concat/bin]/ensure: created
##############  OUTPUT END  ##############

=====================================================================
22. assert(Exec[install_pip])
=====================================================================

Step result:    success
Execution time: 5.32371531 seconds

############## OUTPUT START ##############

##############  OUTPUT END  ##############

########## CHANGE SUMMARY START ##########
No changes.
##########  CHANGE SUMMARY END  ##########

=====================================================================
23. assert(Exec[install_setuptools])
=====================================================================

Step result:    success
Execution time: 3.477903379 seconds

############## OUTPUT START ##############

##############  OUTPUT END  ##############

########## CHANGE SUMMARY START ##########
No changes.
##########  CHANGE SUMMARY END  ##########

=====================================================================
24. assert(File[/var/lib/puppet/concat/bin])
=====================================================================

Step result:    success
Execution time: 3.460359964 seconds

############## OUTPUT START ##############

##############  OUTPUT END  ##############

########## CHANGE SUMMARY START ##########
No changes.
##########  CHANGE SUMMARY END  ##########

=====================================================================
25. assert(File[/var/lib/puppet/concat])
=====================================================================

Step result:    success
Execution time: 4.098027446 seconds

############## OUTPUT START ##############

##############  OUTPUT END  ##############

########## CHANGE SUMMARY START ##########
No changes.
##########  CHANGE SUMMARY END  ##########

=====================================================================
26. assert(Package[curl])
=====================================================================

Step result:    success
Execution time: 3.630305346 seconds

############## OUTPUT START ##############

##############  OUTPUT END  ##############

########## CHANGE SUMMARY START ##########
No changes.
##########  CHANGE SUMMARY END  ##########

=====================================================================
27. assert(Package[python])
=====================================================================

Step result:    success
Execution time: 4.260233919 seconds

############## OUTPUT START ##############

##############  OUTPUT END  ##############

########## CHANGE SUMMARY START ##########
No changes.
##########  CHANGE SUMMARY END  ##########

=====================================================================
28. exec(Package[supervisor])
=====================================================================

Step result:    success
Execution time: 3.846702775 seconds

############## OUTPUT START ##############
Notice: /Stage[main]/Supervisord::Install/Package[supervisor]/ensure: created
##############  OUTPUT END  ##############

=====================================================================
29. assert(Exec[install_pip])
=====================================================================

Step result:    success
Execution time: 5.414470519 seconds

############## OUTPUT START ##############

##############  OUTPUT END  ##############

########## CHANGE SUMMARY START ##########
No changes.
##########  CHANGE SUMMARY END  ##########

=====================================================================
30. assert(Exec[install_setuptools])
=====================================================================

Step result:    success
Execution time: 3.588703118 seconds

############## OUTPUT START ##############

##############  OUTPUT END  ##############

########## CHANGE SUMMARY START ##########
No changes.
##########  CHANGE SUMMARY END  ##########

=====================================================================
31. assert(File[/var/lib/puppet/concat/bin])
=====================================================================

Step result:    success
Execution time: 3.95774771 seconds

############## OUTPUT START ##############

##############  OUTPUT END  ##############

########## CHANGE SUMMARY START ##########
No changes.
##########  CHANGE SUMMARY END  ##########

=====================================================================
32. assert(File[/var/lib/puppet/concat])
=====================================================================

Step result:    success
Execution time: 4.066727756 seconds

############## OUTPUT START ##############

##############  OUTPUT END  ##############

########## CHANGE SUMMARY START ##########
No changes.
##########  CHANGE SUMMARY END  ##########

=====================================================================
33. assert(Package[curl])
=====================================================================

Step result:    success
Execution time: 3.939215303 seconds

############## OUTPUT START ##############

##############  OUTPUT END  ##############

########## CHANGE SUMMARY START ##########
No changes.
##########  CHANGE SUMMARY END  ##########

=====================================================================
34. assert(Package[python])
=====================================================================

Step result:    success
Execution time: 3.944156161 seconds

############## OUTPUT START ##############

##############  OUTPUT END  ##############

########## CHANGE SUMMARY START ##########
No changes.
##########  CHANGE SUMMARY END  ##########

=====================================================================
35. assert(Package[supervisor])
=====================================================================

Step result:    success
Execution time: 3.236073578 seconds

############## OUTPUT START ##############

##############  OUTPUT END  ##############

########## CHANGE SUMMARY START ##########
No changes.
##########  CHANGE SUMMARY END  ##########

=====================================================================
36. exec(File[/var/lib/puppet/concat/_etc_supervisord.conf])
=====================================================================

Step result:    success
Execution time: 1.182912084 seconds

############## OUTPUT START ##############
Notice: /Stage[main]/Supervisord::Config/Concat[/etc/supervisord.conf]/File[/var/lib/puppet/concat/_etc_supervisord.conf]/ensure: created
Error: /Stage[main]/Supervisord::Config/Concat[/etc/supervisord.conf]/Exec[concat_/etc/supervisord.conf]: Failed to call refresh: Could not find command '/var/lib/puppet/concat/bin/concatfragments.rb'
Error: /Stage[main]/Supervisord::Config/Concat[/etc/supervisord.conf]/Exec[concat_/etc/supervisord.conf]: Could not find command '/var/lib/puppet/concat/bin/concatfragments.rb'
Notice: /Stage[main]/Supervisord::Reload/Exec[supervisorctl_reread]/returns: error: <class 'socket.error'>, [Errno 111] Connection refused: file: /usr/lib/python2.7/socket.py line: 571
Error: /Stage[main]/Supervisord::Reload/Exec[supervisorctl_reread]: Failed to call refresh: /usr/local/bin/supervisorctl reread returned 2 instead of one of [0]
Error: /Stage[main]/Supervisord::Reload/Exec[supervisorctl_reread]: /usr/local/bin/supervisorctl reread returned 2 instead of one of [0]
Notice: /Stage[main]/Supervisord::Reload/Exec[supervisorctl_update]/returns: error: <class 'socket.error'>, [Errno 111] Connection refused: file: /usr/lib/python2.7/socket.py line: 571
Error: /Stage[main]/Supervisord::Reload/Exec[supervisorctl_update]: Failed to call refresh: /usr/local/bin/supervisorctl update returned 2 instead of one of [0]
Error: /Stage[main]/Supervisord::Reload/Exec[supervisorctl_update]: /usr/local/bin/supervisorctl update returned 2 instead of one of [0]
##############  OUTPUT END  ##############

=====================================================================
37. assert(Exec[install_pip])
=====================================================================

Step result:    success
Execution time: 5.149883791 seconds

############## OUTPUT START ##############

##############  OUTPUT END  ##############

########## CHANGE SUMMARY START ##########
No changes.
##########  CHANGE SUMMARY END  ##########

=====================================================================
38. assert(Exec[install_setuptools])
=====================================================================

Step result:    success
Execution time: 3.587559601 seconds

############## OUTPUT START ##############

##############  OUTPUT END  ##############

########## CHANGE SUMMARY START ##########
No changes.
##########  CHANGE SUMMARY END  ##########

=====================================================================
39. assert(File[/var/lib/puppet/concat/_etc_supervisord.conf])
=====================================================================

Step result:    success
Execution time: 2.844372311 seconds

############## OUTPUT START ##############

##############  OUTPUT END  ##############

########## CHANGE SUMMARY START ##########
No changes.
##########  CHANGE SUMMARY END  ##########

=====================================================================
40. assert(File[/var/lib/puppet/concat/bin])
=====================================================================

Step result:    success
Execution time: 3.427044965 seconds

############## OUTPUT START ##############

##############  OUTPUT END  ##############

########## CHANGE SUMMARY START ##########
No changes.
##########  CHANGE SUMMARY END  ##########

=====================================================================
41. assert(File[/var/lib/puppet/concat])
=====================================================================

Step result:    success
Execution time: 3.265975996 seconds

############## OUTPUT START ##############

##############  OUTPUT END  ##############

########## CHANGE SUMMARY START ##########
No changes.
##########  CHANGE SUMMARY END  ##########

=====================================================================
42. assert(Package[curl])
=====================================================================

Step result:    success
Execution time: 3.521179538 seconds

############## OUTPUT START ##############

##############  OUTPUT END  ##############

########## CHANGE SUMMARY START ##########
No changes.
##########  CHANGE SUMMARY END  ##########

=====================================================================
43. assert(Package[python])
=====================================================================

Step result:    success
Execution time: 3.578848374 seconds

############## OUTPUT START ##############

##############  OUTPUT END  ##############

########## CHANGE SUMMARY START ##########
No changes.
##########  CHANGE SUMMARY END  ##########

=====================================================================
44. assert(Package[supervisor])
=====================================================================

Step result:    success
Execution time: 2.924086578 seconds

############## OUTPUT START ##############

##############  OUTPUT END  ##############

########## CHANGE SUMMARY START ##########
No changes.
##########  CHANGE SUMMARY END  ##########

=====================================================================
45. exec(File[/var/lib/puppet/concat/bin/concatfragments.rb])
=====================================================================

Step result:    success
Execution time: 0.919835971 seconds

############## OUTPUT START ##############
Notice: /Stage[main]/Concat::Setup/File[/var/lib/puppet/concat/bin/concatfragments.rb]/ensure: defined content as '{md5}b684db0eac243553a6a79365119a363d'
##############  OUTPUT END  ##############

=====================================================================
46. assert(Exec[install_pip])
=====================================================================

Step result:    success
Execution time: 5.203920034 seconds

############## OUTPUT START ##############

##############  OUTPUT END  ##############

########## CHANGE SUMMARY START ##########
No changes.
##########  CHANGE SUMMARY END  ##########

=====================================================================
47. assert(Exec[install_setuptools])
=====================================================================

Step result:    success
Execution time: 3.371032491 seconds

############## OUTPUT START ##############

##############  OUTPUT END  ##############

########## CHANGE SUMMARY START ##########
No changes.
##########  CHANGE SUMMARY END  ##########

=====================================================================
48. assert(File[/var/lib/puppet/concat/_etc_supervisord.conf])
=====================================================================

Step result:    success
Execution time: 2.779269682 seconds

############## OUTPUT START ##############

##############  OUTPUT END  ##############

########## CHANGE SUMMARY START ##########
No changes.
##########  CHANGE SUMMARY END  ##########

=====================================================================
49. assert(File[/var/lib/puppet/concat/bin/concatfragments.rb])
=====================================================================

Step result:    success
Execution time: 3.548641101 seconds

############## OUTPUT START ##############

##############  OUTPUT END  ##############

########## CHANGE SUMMARY START ##########
No changes.
##########  CHANGE SUMMARY END  ##########

=====================================================================
50. assert(File[/var/lib/puppet/concat/bin])
=====================================================================

Step result:    success
Execution time: 3.930244745 seconds

############## OUTPUT START ##############

##############  OUTPUT END  ##############

########## CHANGE SUMMARY START ##########
No changes.
##########  CHANGE SUMMARY END  ##########

=====================================================================
51. assert(File[/var/lib/puppet/concat])
=====================================================================

Step result:    success
Execution time: 3.407042174 seconds

############## OUTPUT START ##############

##############  OUTPUT END  ##############

########## CHANGE SUMMARY START ##########
No changes.
##########  CHANGE SUMMARY END  ##########

=====================================================================
52. assert(Package[curl])
=====================================================================

Step result:    success
Execution time: 3.691595757 seconds

############## OUTPUT START ##############

##############  OUTPUT END  ##############

########## CHANGE SUMMARY START ##########
No changes.
##########  CHANGE SUMMARY END  ##########

=====================================================================
53. assert(Package[python])
=====================================================================

Step result:    success
Execution time: 3.637356451 seconds

############## OUTPUT START ##############

##############  OUTPUT END  ##############

########## CHANGE SUMMARY START ##########
No changes.
##########  CHANGE SUMMARY END  ##########

=====================================================================
54. assert(Package[supervisor])
=====================================================================

Step result:    success
Execution time: 3.280819106 seconds

############## OUTPUT START ##############

##############  OUTPUT END  ##############

########## CHANGE SUMMARY START ##########
No changes.
##########  CHANGE SUMMARY END  ##########

=====================================================================
55. exec(File[/var/lib/puppet/concat/_etc_supervisord.conf/fragments])
=====================================================================

Step result:    success
Execution time: 1.150471103 seconds

############## OUTPUT START ##############
Notice: /Stage[main]/Supervisord::Config/Concat[/etc/supervisord.conf]/File[/var/lib/puppet/concat/_etc_supervisord.conf/fragments]/ensure: created
Notice: /Stage[main]/Supervisord::Config/Concat[/etc/supervisord.conf]/Exec[concat_/etc/supervisord.conf]/returns: /var/lib/puppet/concat/bin/concatfragments.rb:112:in `<main>': The fragments directory is empty, cowardly refusing to make empty config files (RuntimeError)
Error: /Stage[main]/Supervisord::Config/Concat[/etc/supervisord.conf]/Exec[concat_/etc/supervisord.conf]: Failed to call refresh: /var/lib/puppet/concat/bin/concatfragments.rb -o "/var/lib/puppet/concat/_etc_supervisord.conf/fragments.concat.out" -d "/var/lib/puppet/concat/_etc_supervisord.conf" returned 1 instead of one of [0]
Error: /Stage[main]/Supervisord::Config/Concat[/etc/supervisord.conf]/Exec[concat_/etc/supervisord.conf]: /var/lib/puppet/concat/bin/concatfragments.rb -o "/var/lib/puppet/concat/_etc_supervisord.conf/fragments.concat.out" -d "/var/lib/puppet/concat/_etc_supervisord.conf" returned 1 instead of one of [0]
Notice: /Stage[main]/Supervisord::Reload/Exec[supervisorctl_reread]/returns: error: <class 'socket.error'>, [Errno 111] Connection refused: file: /usr/lib/python2.7/socket.py line: 571
Error: /Stage[main]/Supervisord::Reload/Exec[supervisorctl_reread]: Failed to call refresh: /usr/local/bin/supervisorctl reread returned 2 instead of one of [0]
Error: /Stage[main]/Supervisord::Reload/Exec[supervisorctl_reread]: /usr/local/bin/supervisorctl reread returned 2 instead of one of [0]
Notice: /Stage[main]/Supervisord::Reload/Exec[supervisorctl_update]/returns: error: <class 'socket.error'>, [Errno 111] Connection refused: file: /usr/lib/python2.7/socket.py line: 571
Error: /Stage[main]/Supervisord::Reload/Exec[supervisorctl_update]: Failed to call refresh: /usr/local/bin/supervisorctl update returned 2 instead of one of [0]
Error: /Stage[main]/Supervisord::Reload/Exec[supervisorctl_update]: /usr/local/bin/supervisorctl update returned 2 instead of one of [0]
##############  OUTPUT END  ##############

=====================================================================
56. assert(Exec[install_pip])
=====================================================================

Step result:    success
Execution time: 5.87394761 seconds

############## OUTPUT START ##############

##############  OUTPUT END  ##############

########## CHANGE SUMMARY START ##########
No changes.
##########  CHANGE SUMMARY END  ##########

=====================================================================
57. assert(Exec[install_setuptools])
=====================================================================

Step result:    success
Execution time: 3.591002677 seconds

############## OUTPUT START ##############

##############  OUTPUT END  ##############

########## CHANGE SUMMARY START ##########
No changes.
##########  CHANGE SUMMARY END  ##########

=====================================================================
58. assert(File[/var/lib/puppet/concat/_etc_supervisord.conf/fragments])
=====================================================================

Step result:    success
Execution time: 2.859158001 seconds

############## OUTPUT START ##############

##############  OUTPUT END  ##############

########## CHANGE SUMMARY START ##########
No changes.
##########  CHANGE SUMMARY END  ##########

=====================================================================
59. assert(File[/var/lib/puppet/concat/_etc_supervisord.conf])
=====================================================================

Step result:    success
Execution time: 3.056258951 seconds

############## OUTPUT START ##############

##############  OUTPUT END  ##############

########## CHANGE SUMMARY START ##########
No changes.
##########  CHANGE SUMMARY END  ##########

=====================================================================
60. assert(File[/var/lib/puppet/concat/bin/concatfragments.rb])
=====================================================================

Step result:    success
Execution time: 3.497974674 seconds

############## OUTPUT START ##############

##############  OUTPUT END  ##############

########## CHANGE SUMMARY START ##########
No changes.
##########  CHANGE SUMMARY END  ##########

=====================================================================
61. assert(File[/var/lib/puppet/concat/bin])
=====================================================================

Step result:    success
Execution time: 4.044398888 seconds

############## OUTPUT START ##############

##############  OUTPUT END  ##############

########## CHANGE SUMMARY START ##########
No changes.
##########  CHANGE SUMMARY END  ##########

=====================================================================
62. assert(File[/var/lib/puppet/concat])
=====================================================================

Step result:    success
Execution time: 3.878229332 seconds

############## OUTPUT START ##############

##############  OUTPUT END  ##############

########## CHANGE SUMMARY START ##########
No changes.
##########  CHANGE SUMMARY END  ##########

=====================================================================
63. assert(Package[curl])
=====================================================================

Step result:    success
Execution time: 4.02092313 seconds

############## OUTPUT START ##############

##############  OUTPUT END  ##############

########## CHANGE SUMMARY START ##########
No changes.
##########  CHANGE SUMMARY END  ##########

=====================================================================
64. assert(Package[python])
=====================================================================

Step result:    success
Execution time: 4.156245305 seconds

############## OUTPUT START ##############

##############  OUTPUT END  ##############

########## CHANGE SUMMARY START ##########
No changes.
##########  CHANGE SUMMARY END  ##########

=====================================================================
65. assert(Package[supervisor])
=====================================================================

Step result:    success
Execution time: 2.999295515 seconds

############## OUTPUT START ##############

##############  OUTPUT END  ##############

########## CHANGE SUMMARY START ##########
No changes.
##########  CHANGE SUMMARY END  ##########

=====================================================================
66. exec(File[/var/lib/puppet/concat/_etc_supervisord.conf/fragments/02_supervisord_main])
=====================================================================

Step result:    success
Execution time: 1.39887086 seconds

############## OUTPUT START ##############
Notice: /Stage[main]/Supervisord::Config/Concat::Fragment[supervisord_main]/File[/var/lib/puppet/concat/_etc_supervisord.conf/fragments/02_supervisord_main]/ensure: defined content as '{md5}55c74a2fcacbea30c7d397a40dc0110d'
Notice: /Stage[main]/Supervisord::Config/Concat[/etc/supervisord.conf]/Exec[concat_/etc/supervisord.conf]: Triggered 'refresh' from 1 events
Notice: /Stage[main]/Supervisord::Reload/Exec[supervisorctl_reread]/returns: error: <class 'socket.error'>, [Errno 111] Connection refused: file: /usr/lib/python2.7/socket.py line: 571
Error: /Stage[main]/Supervisord::Reload/Exec[supervisorctl_reread]: Failed to call refresh: /usr/local/bin/supervisorctl reread returned 2 instead of one of [0]
Error: /Stage[main]/Supervisord::Reload/Exec[supervisorctl_reread]: /usr/local/bin/supervisorctl reread returned 2 instead of one of [0]
Notice: /Stage[main]/Supervisord::Reload/Exec[supervisorctl_update]/returns: error: <class 'socket.error'>, [Errno 111] Connection refused: file: /usr/lib/python2.7/socket.py line: 571
Error: /Stage[main]/Supervisord::Reload/Exec[supervisorctl_update]: Failed to call refresh: /usr/local/bin/supervisorctl update returned 2 instead of one of [0]
Error: /Stage[main]/Supervisord::Reload/Exec[supervisorctl_update]: /usr/local/bin/supervisorctl update returned 2 instead of one of [0]
##############  OUTPUT END  ##############

=====================================================================
67. exec(File[/var/lib/puppet/concat/_etc_supervisord.conf/fragments.concat])
=====================================================================

Step result:    success
Execution time: 1.009191905 seconds

############## OUTPUT START ##############
Notice: /Stage[main]/Supervisord::Config/Concat[/etc/supervisord.conf]/File[/var/lib/puppet/concat/_etc_supervisord.conf/fragments.concat]/mode: mode changed '0644' to '0640'
Notice: /Stage[main]/Supervisord::Reload/Exec[supervisorctl_reread]/returns: error: <class 'socket.error'>, [Errno 111] Connection refused: file: /usr/lib/python2.7/socket.py line: 571
Error: /Stage[main]/Supervisord::Reload/Exec[supervisorctl_reread]: Failed to call refresh: /usr/local/bin/supervisorctl reread returned 2 instead of one of [0]
Error: /Stage[main]/Supervisord::Reload/Exec[supervisorctl_reread]: /usr/local/bin/supervisorctl reread returned 2 instead of one of [0]
Notice: /Stage[main]/Supervisord::Reload/Exec[supervisorctl_update]/returns: error: <class 'socket.error'>, [Errno 111] Connection refused: file: /usr/lib/python2.7/socket.py line: 571
Error: /Stage[main]/Supervisord::Reload/Exec[supervisorctl_update]: Failed to call refresh: /usr/local/bin/supervisorctl update returned 2 instead of one of [0]
Error: /Stage[main]/Supervisord::Reload/Exec[supervisorctl_update]: /usr/local/bin/supervisorctl update returned 2 instead of one of [0]
##############  OUTPUT END  ##############

=====================================================================
68. exec(File[/var/lib/puppet/concat/_etc_supervisord.conf/fragments/01_supervisord_unix])
=====================================================================

Step result:    success
Execution time: 1.074651238 seconds

############## OUTPUT START ##############
Notice: /Stage[main]/Supervisord::Config/Concat::Fragment[supervisord_unix]/File[/var/lib/puppet/concat/_etc_supervisord.conf/fragments/01_supervisord_unix]/ensure: defined content as '{md5}2a371bf6742698a806a2ab9879d60540'
Notice: /Stage[main]/Supervisord::Config/Concat[/etc/supervisord.conf]/Exec[concat_/etc/supervisord.conf]: Triggered 'refresh' from 1 events
Notice: /Stage[main]/Supervisord::Reload/Exec[supervisorctl_reread]/returns: error: <class 'socket.error'>, [Errno 111] Connection refused: file: /usr/lib/python2.7/socket.py line: 571
Error: /Stage[main]/Supervisord::Reload/Exec[supervisorctl_reread]: Failed to call refresh: /usr/local/bin/supervisorctl reread returned 2 instead of one of [0]
Error: /Stage[main]/Supervisord::Reload/Exec[supervisorctl_reread]: /usr/local/bin/supervisorctl reread returned 2 instead of one of [0]
Notice: /Stage[main]/Supervisord::Reload/Exec[supervisorctl_update]/returns: error: <class 'socket.error'>, [Errno 111] Connection refused: file: /usr/lib/python2.7/socket.py line: 571
Error: /Stage[main]/Supervisord::Reload/Exec[supervisorctl_update]: Failed to call refresh: /usr/local/bin/supervisorctl update returned 2 instead of one of [0]
Error: /Stage[main]/Supervisord::Reload/Exec[supervisorctl_update]: /usr/local/bin/supervisorctl update returned 2 instead of one of [0]
##############  OUTPUT END  ##############

=====================================================================
69. exec(Exec[concat_/etc/supervisord.conf])
=====================================================================

Step result:    success
Execution time: 0.716859123 seconds

############## OUTPUT START ##############

##############  OUTPUT END  ##############

=====================================================================
70. assert(Exec[concat_/etc/supervisord.conf])
=====================================================================

Step result:    success
Execution time: 6.224197926 seconds

############## OUTPUT START ##############

##############  OUTPUT END  ##############

########## CHANGE SUMMARY START ##########
No changes.
##########  CHANGE SUMMARY END  ##########

=====================================================================
71. assert(Exec[install_pip])
=====================================================================

Step result:    success
Execution time: 3.871936034 seconds

############## OUTPUT START ##############

##############  OUTPUT END  ##############

########## CHANGE SUMMARY START ##########
No changes.
##########  CHANGE SUMMARY END  ##########

=====================================================================
72. assert(Exec[install_setuptools])
=====================================================================

Step result:    success
Execution time: 3.623134536 seconds

############## OUTPUT START ##############

##############  OUTPUT END  ##############

########## CHANGE SUMMARY START ##########
No changes.
##########  CHANGE SUMMARY END  ##########

=====================================================================
73. assert(File[/var/lib/puppet/concat/_etc_supervisord.conf/fragments.concat])
=====================================================================

Step result:    success
Execution time: 3.091917128 seconds

############## OUTPUT START ##############

##############  OUTPUT END  ##############

########## CHANGE SUMMARY START ##########
No changes.
##########  CHANGE SUMMARY END  ##########

=====================================================================
74. assert(File[/var/lib/puppet/concat/_etc_supervisord.conf/fragments/01_supervisord_unix])
=====================================================================

Step result:    success
Execution time: 3.968101616 seconds

############## OUTPUT START ##############

##############  OUTPUT END  ##############

########## CHANGE SUMMARY START ##########
No changes.
##########  CHANGE SUMMARY END  ##########

=====================================================================
75. assert(File[/var/lib/puppet/concat/_etc_supervisord.conf/fragments/02_supervisord_main])
=====================================================================

Step result:    success
Execution time: 3.847449311 seconds

############## OUTPUT START ##############

##############  OUTPUT END  ##############

########## CHANGE SUMMARY START ##########
No changes.
##########  CHANGE SUMMARY END  ##########

=====================================================================
76. assert(File[/var/lib/puppet/concat/_etc_supervisord.conf/fragments])
=====================================================================

Step result:    success
Execution time: 2.625689392 seconds

############## OUTPUT START ##############

##############  OUTPUT END  ##############

########## CHANGE SUMMARY START ##########
No changes.
##########  CHANGE SUMMARY END  ##########

=====================================================================
77. assert(File[/var/lib/puppet/concat/_etc_supervisord.conf])
=====================================================================

Step result:    success
Execution time: 2.816333751 seconds

############## OUTPUT START ##############

##############  OUTPUT END  ##############

########## CHANGE SUMMARY START ##########
No changes.
##########  CHANGE SUMMARY END  ##########

=====================================================================
78. assert(File[/var/lib/puppet/concat/bin/concatfragments.rb])
=====================================================================

Step result:    success
Execution time: 4.134962379 seconds

############## OUTPUT START ##############

##############  OUTPUT END  ##############

########## CHANGE SUMMARY START ##########
No changes.
##########  CHANGE SUMMARY END  ##########

=====================================================================
79. assert(File[/var/lib/puppet/concat/bin])
=====================================================================

Step result:    success
Execution time: 4.013587685 seconds

############## OUTPUT START ##############

##############  OUTPUT END  ##############

########## CHANGE SUMMARY START ##########
No changes.
##########  CHANGE SUMMARY END  ##########

=====================================================================
80. assert(File[/var/lib/puppet/concat])
=====================================================================

Step result:    success
Execution time: 3.92572189 seconds

############## OUTPUT START ##############

##############  OUTPUT END  ##############

########## CHANGE SUMMARY START ##########
No changes.
##########  CHANGE SUMMARY END  ##########

=====================================================================
81. assert(Package[curl])
=====================================================================

Step result:    success
Execution time: 4.110106286 seconds

############## OUTPUT START ##############

##############  OUTPUT END  ##############

########## CHANGE SUMMARY START ##########
No changes.
##########  CHANGE SUMMARY END  ##########

=====================================================================
82. assert(Package[python])
=====================================================================

Step result:    success
Execution time: 3.60356595 seconds

############## OUTPUT START ##############

##############  OUTPUT END  ##############

########## CHANGE SUMMARY START ##########
No changes.
##########  CHANGE SUMMARY END  ##########

=====================================================================
83. assert(Package[supervisor])
=====================================================================

Step result:    success
Execution time: 3.035247869 seconds

############## OUTPUT START ##############

##############  OUTPUT END  ##############

########## CHANGE SUMMARY START ##########
No changes.
##########  CHANGE SUMMARY END  ##########

=====================================================================
84. exec(File[/etc/supervisord.conf])
=====================================================================

Step result:    success
Execution time: 1.134547694 seconds

############## OUTPUT START ##############
Notice: /Stage[main]/Supervisord::Config/Concat[/etc/supervisord.conf]/File[/etc/supervisord.conf]/ensure: defined content as '{md5}2712bb67930fa94c5ab40515280dbe33'
Notice: /Stage[main]/Supervisord::Reload/Exec[supervisorctl_reread]/returns: error: <class 'socket.error'>, [Errno 2] No such file or directory: file: /usr/lib/python2.7/socket.py line: 224
Error: /Stage[main]/Supervisord::Reload/Exec[supervisorctl_reread]: Failed to call refresh: /usr/local/bin/supervisorctl reread returned 2 instead of one of [0]
Error: /Stage[main]/Supervisord::Reload/Exec[supervisorctl_reread]: /usr/local/bin/supervisorctl reread returned 2 instead of one of [0]
Notice: /Stage[main]/Supervisord::Reload/Exec[supervisorctl_update]/returns: error: <class 'socket.error'>, [Errno 2] No such file or directory: file: /usr/lib/python2.7/socket.py line: 224
Error: /Stage[main]/Supervisord::Reload/Exec[supervisorctl_update]: Failed to call refresh: /usr/local/bin/supervisorctl update returned 2 instead of one of [0]
Error: /Stage[main]/Supervisord::Reload/Exec[supervisorctl_update]: /usr/local/bin/supervisorctl update returned 2 instead of one of [0]
##############  OUTPUT END  ##############

=====================================================================
85. assert(Exec[concat_/etc/supervisord.conf])
=====================================================================

Step result:    success
Execution time: 5.977602731 seconds

############## OUTPUT START ##############

##############  OUTPUT END  ##############

########## CHANGE SUMMARY START ##########
No changes.
##########  CHANGE SUMMARY END  ##########

=====================================================================
86. assert(Exec[install_pip])
=====================================================================

Step result:    success
Execution time: 3.498336955 seconds

############## OUTPUT START ##############

##############  OUTPUT END  ##############

########## CHANGE SUMMARY START ##########
No changes.
##########  CHANGE SUMMARY END  ##########

=====================================================================
87. assert(Exec[install_setuptools])
=====================================================================

Step result:    success
Execution time: 3.753504864 seconds

############## OUTPUT START ##############

##############  OUTPUT END  ##############

########## CHANGE SUMMARY START ##########
No changes.
##########  CHANGE SUMMARY END  ##########

=====================================================================
88. assert(File[/etc/supervisord.conf])
=====================================================================

Step result:    success
Execution time: 3.890389033 seconds

############## OUTPUT START ##############

##############  OUTPUT END  ##############

########## CHANGE SUMMARY START ##########
No changes.
##########  CHANGE SUMMARY END  ##########

=====================================================================
89. assert(File[/var/lib/puppet/concat/_etc_supervisord.conf/fragments.concat])
=====================================================================

Step result:    success
Execution time: 3.111855879 seconds

############## OUTPUT START ##############

##############  OUTPUT END  ##############

########## CHANGE SUMMARY START ##########
No changes.
##########  CHANGE SUMMARY END  ##########

=====================================================================
90. assert(File[/var/lib/puppet/concat/_etc_supervisord.conf/fragments/01_supervisord_unix])
=====================================================================

Step result:    success
Execution time: 3.996644732 seconds

############## OUTPUT START ##############

##############  OUTPUT END  ##############

########## CHANGE SUMMARY START ##########
No changes.
##########  CHANGE SUMMARY END  ##########

=====================================================================
91. assert(File[/var/lib/puppet/concat/_etc_supervisord.conf/fragments/02_supervisord_main])
=====================================================================

Step result:    success
Execution time: 3.888367998 seconds

############## OUTPUT START ##############

##############  OUTPUT END  ##############

########## CHANGE SUMMARY START ##########
No changes.
##########  CHANGE SUMMARY END  ##########

=====================================================================
92. assert(File[/var/lib/puppet/concat/_etc_supervisord.conf/fragments])
=====================================================================

Step result:    success
Execution time: 3.288357486 seconds

############## OUTPUT START ##############

##############  OUTPUT END  ##############

########## CHANGE SUMMARY START ##########
No changes.
##########  CHANGE SUMMARY END  ##########

=====================================================================
93. assert(File[/var/lib/puppet/concat/_etc_supervisord.conf])
=====================================================================

Step result:    success
Execution time: 2.894777815 seconds

############## OUTPUT START ##############

##############  OUTPUT END  ##############

########## CHANGE SUMMARY START ##########
No changes.
##########  CHANGE SUMMARY END  ##########

=====================================================================
94. assert(File[/var/lib/puppet/concat/bin/concatfragments.rb])
=====================================================================

Step result:    success
Execution time: 3.661323851 seconds

############## OUTPUT START ##############

##############  OUTPUT END  ##############

########## CHANGE SUMMARY START ##########
No changes.
##########  CHANGE SUMMARY END  ##########

=====================================================================
95. assert(File[/var/lib/puppet/concat/bin])
=====================================================================

Step result:    success
Execution time: 3.664649774 seconds

############## OUTPUT START ##############

##############  OUTPUT END  ##############

########## CHANGE SUMMARY START ##########
No changes.
##########  CHANGE SUMMARY END  ##########

=====================================================================
96. assert(File[/var/lib/puppet/concat])
=====================================================================

Step result:    success
Execution time: 3.984061037 seconds

############## OUTPUT START ##############

##############  OUTPUT END  ##############

########## CHANGE SUMMARY START ##########
No changes.
##########  CHANGE SUMMARY END  ##########

=====================================================================
97. assert(Package[curl])
=====================================================================

Step result:    success
Execution time: 3.956699204 seconds

############## OUTPUT START ##############

##############  OUTPUT END  ##############

########## CHANGE SUMMARY START ##########
No changes.
##########  CHANGE SUMMARY END  ##########

=====================================================================
98. assert(Package[python])
=====================================================================

Step result:    success
Execution time: 3.918522826 seconds

############## OUTPUT START ##############

##############  OUTPUT END  ##############

########## CHANGE SUMMARY START ##########
No changes.
##########  CHANGE SUMMARY END  ##########

=====================================================================
99. assert(Package[supervisor])
=====================================================================

Step result:    success
Execution time: 2.998825724 seconds

############## OUTPUT START ##############

##############  OUTPUT END  ##############

########## CHANGE SUMMARY START ##########
No changes.
##########  CHANGE SUMMARY END  ##########

=====================================================================
100. exec(File[/etc/init.d/supervisord])
=====================================================================

Step result:    success
Execution time: 1.162460745 seconds

############## OUTPUT START ##############
Notice: /Stage[main]/Supervisord::Config/File[/etc/init.d/supervisord]/ensure: created
Notice: /Stage[main]/Supervisord::Service/Service[supervisord]: Triggered 'refresh' from 1 events
Notice: /Stage[main]/Supervisord::Reload/Exec[supervisorctl_reread]/returns: error: <class 'socket.error'>, [Errno 2] No such file or directory: file: /usr/lib/python2.7/socket.py line: 224
Error: /Stage[main]/Supervisord::Reload/Exec[supervisorctl_reread]: Failed to call refresh: /usr/local/bin/supervisorctl reread returned 2 instead of one of [0]
Error: /Stage[main]/Supervisord::Reload/Exec[supervisorctl_reread]: /usr/local/bin/supervisorctl reread returned 2 instead of one of [0]
Notice: /Stage[main]/Supervisord::Reload/Exec[supervisorctl_update]/returns: error: <class 'socket.error'>, [Errno 2] No such file or directory: file: /usr/lib/python2.7/socket.py line: 224
Error: /Stage[main]/Supervisord::Reload/Exec[supervisorctl_update]: Failed to call refresh: /usr/local/bin/supervisorctl update returned 2 instead of one of [0]
Error: /Stage[main]/Supervisord::Reload/Exec[supervisorctl_update]: /usr/local/bin/supervisorctl update returned 2 instead of one of [0]
##############  OUTPUT END  ##############

=====================================================================
101. assert(Exec[concat_/etc/supervisord.conf])
=====================================================================

Step result:    success
Execution time: 6.162695558 seconds

############## OUTPUT START ##############

##############  OUTPUT END  ##############

########## CHANGE SUMMARY START ##########
No changes.
##########  CHANGE SUMMARY END  ##########

=====================================================================
102. assert(Exec[install_pip])
=====================================================================

Step result:    success
Execution time: 3.841067647 seconds

############## OUTPUT START ##############

##############  OUTPUT END  ##############

########## CHANGE SUMMARY START ##########
No changes.
##########  CHANGE SUMMARY END  ##########

=====================================================================
103. assert(Exec[install_setuptools])
=====================================================================

Step result:    success
Execution time: 4.009635613 seconds

############## OUTPUT START ##############

##############  OUTPUT END  ##############

########## CHANGE SUMMARY START ##########
No changes.
##########  CHANGE SUMMARY END  ##########

=====================================================================
104. assert(File[/etc/init.d/supervisord])
=====================================================================

Step result:    success
Execution time: 3.972453504 seconds

############## OUTPUT START ##############

##############  OUTPUT END  ##############

########## CHANGE SUMMARY START ##########
No changes.
##########  CHANGE SUMMARY END  ##########

=====================================================================
105. assert(File[/etc/supervisord.conf])
=====================================================================

Step result:    success
Execution time: 3.331028708 seconds

############## OUTPUT START ##############

##############  OUTPUT END  ##############

########## CHANGE SUMMARY START ##########
No changes.
##########  CHANGE SUMMARY END  ##########

=====================================================================
106. assert(File[/var/lib/puppet/concat/_etc_supervisord.conf/fragments.concat])
=====================================================================

Step result:    success
Execution time: 2.999530747 seconds

############## OUTPUT START ##############

##############  OUTPUT END  ##############

########## CHANGE SUMMARY START ##########
No changes.
##########  CHANGE SUMMARY END  ##########

=====================================================================
107. assert(File[/var/lib/puppet/concat/_etc_supervisord.conf/fragments/01_supervisord_unix])
=====================================================================

Step result:    success
Execution time: 3.72862202 seconds

############## OUTPUT START ##############

##############  OUTPUT END  ##############

########## CHANGE SUMMARY START ##########
No changes.
##########  CHANGE SUMMARY END  ##########

=====================================================================
108. assert(File[/var/lib/puppet/concat/_etc_supervisord.conf/fragments/02_supervisord_main])
=====================================================================

Step result:    success
Execution time: 3.836901076 seconds

############## OUTPUT START ##############

##############  OUTPUT END  ##############

########## CHANGE SUMMARY START ##########
No changes.
##########  CHANGE SUMMARY END  ##########

=====================================================================
109. assert(File[/var/lib/puppet/concat/_etc_supervisord.conf/fragments])
=====================================================================

Step result:    success
Execution time: 3.072284895 seconds

############## OUTPUT START ##############

##############  OUTPUT END  ##############

########## CHANGE SUMMARY START ##########
No changes.
##########  CHANGE SUMMARY END  ##########

=====================================================================
110. assert(File[/var/lib/puppet/concat/_etc_supervisord.conf])
=====================================================================

Step result:    success
Execution time: 3.085106113 seconds

############## OUTPUT START ##############

##############  OUTPUT END  ##############

########## CHANGE SUMMARY START ##########
No changes.
##########  CHANGE SUMMARY END  ##########

=====================================================================
111. assert(File[/var/lib/puppet/concat/bin/concatfragments.rb])
=====================================================================

Step result:    success
Execution time: 3.891058059 seconds

############## OUTPUT START ##############

##############  OUTPUT END  ##############

########## CHANGE SUMMARY START ##########
No changes.
##########  CHANGE SUMMARY END  ##########

=====================================================================
112. assert(File[/var/lib/puppet/concat/bin])
=====================================================================

Step result:    success
Execution time: 3.84735375 seconds

############## OUTPUT START ##############

##############  OUTPUT END  ##############

########## CHANGE SUMMARY START ##########
No changes.
##########  CHANGE SUMMARY END  ##########

=====================================================================
113. assert(File[/var/lib/puppet/concat])
=====================================================================

Step result:    success
Execution time: 3.311211284 seconds

############## OUTPUT START ##############

##############  OUTPUT END  ##############

########## CHANGE SUMMARY START ##########
No changes.
##########  CHANGE SUMMARY END  ##########

=====================================================================
114. assert(Package[curl])
=====================================================================

Step result:    success
Execution time: 3.916784609 seconds

############## OUTPUT START ##############

##############  OUTPUT END  ##############

########## CHANGE SUMMARY START ##########
No changes.
##########  CHANGE SUMMARY END  ##########

=====================================================================
115. assert(Package[python])
=====================================================================

Step result:    success
Execution time: 4.275764899 seconds

############## OUTPUT START ##############

##############  OUTPUT END  ##############

########## CHANGE SUMMARY START ##########
No changes.
##########  CHANGE SUMMARY END  ##########

=====================================================================
116. assert(Package[supervisor])
=====================================================================

Step result:    success
Execution time: 2.942097106 seconds

############## OUTPUT START ##############

##############  OUTPUT END  ##############

########## CHANGE SUMMARY START ##########
No changes.
##########  CHANGE SUMMARY END  ##########

