=====================================================================
Test Case Result - Overview
=====================================================================

Test Case: Test Case 60
Result:    SUCCESS

Steps:
  1. (success) exec(Package[python])
  2. (success) exec(File[/var/lib/puppet/concat])
  3. (success) exec(Package[curl])
  4. (success) exec(Exec[install_setuptools])
  5. (success) exec(Exec[install_pip])
  6. (success) exec(Package[supervisor])
  7. (success) exec(File[/var/lib/puppet/concat/_etc_supervisord.conf])
  8. (success) exec(File[/var/lib/puppet/concat/_etc_supervisord.conf/fragments.concat.out])
  9. (success) exec(File[/var/log/supervisor])
  10. (success) assert(Exec[install_pip])
  11. (success) assert(Exec[install_setuptools])
  12. (success) assert(File[/var/lib/puppet/concat/_etc_supervisord.conf/fragments.concat.out])
  13. (success) assert(File[/var/lib/puppet/concat/_etc_supervisord.conf])
  14. (success) assert(File[/var/lib/puppet/concat])
  15. (success) assert(File[/var/log/supervisor])
  16. (success) assert(Package[curl])
  17. (success) assert(Package[python])
  18. (success) assert(Package[supervisor])

=====================================================================
1. exec(Package[python])
=====================================================================

Step result:    success
Execution time: 8.837746692 seconds

############## OUTPUT START ##############
Notice: /Stage[main]/Prerequisites/Package[python]/ensure: ensure changed 'purged' to 'present'
##############  OUTPUT END  ##############

=====================================================================
2. exec(File[/var/lib/puppet/concat])
=====================================================================

Step result:    success
Execution time: 0.160743556 seconds

############## OUTPUT START ##############
Notice: /Stage[main]/Concat::Setup/File[/var/lib/puppet/concat]/ensure: created
##############  OUTPUT END  ##############

=====================================================================
3. exec(Package[curl])
=====================================================================

Step result:    success
Execution time: 0.15892063 seconds

############## OUTPUT START ##############

##############  OUTPUT END  ##############

=====================================================================
4. exec(Exec[install_setuptools])
=====================================================================

Step result:    success
Execution time: 1.957301197 seconds

############## OUTPUT START ##############
Notice: /Stage[main]/Supervisord::Pip/Exec[install_setuptools]/returns: executed successfully
##############  OUTPUT END  ##############

=====================================================================
5. exec(Exec[install_pip])
=====================================================================

Step result:    success
Execution time: 4.418492865 seconds

############## OUTPUT START ##############
Notice: /Stage[main]/Supervisord::Pip/Exec[install_pip]/returns: executed successfully
##############  OUTPUT END  ##############

=====================================================================
6. exec(Package[supervisor])
=====================================================================

Step result:    success
Execution time: 4.071830931 seconds

############## OUTPUT START ##############
Notice: /Stage[main]/Supervisord::Install/Package[supervisor]/ensure: created
##############  OUTPUT END  ##############

=====================================================================
7. exec(File[/var/lib/puppet/concat/_etc_supervisord.conf])
=====================================================================

Step result:    success
Execution time: 0.94451052 seconds

############## OUTPUT START ##############
Notice: /Stage[main]/Supervisord::Config/Concat[/etc/supervisord.conf]/File[/var/lib/puppet/concat/_etc_supervisord.conf]/ensure: created
Error: /Stage[main]/Supervisord::Config/Concat[/etc/supervisord.conf]/Exec[concat_/etc/supervisord.conf]: Failed to call refresh: Could not find command '/var/lib/puppet/concat/bin/concatfragments.rb'
Error: /Stage[main]/Supervisord::Config/Concat[/etc/supervisord.conf]/Exec[concat_/etc/supervisord.conf]: Could not find command '/var/lib/puppet/concat/bin/concatfragments.rb'
Notice: /Stage[main]/Supervisord::Reload/Exec[supervisorctl_reread]/returns: error: <class 'socket.error'>, [Errno 111] Connection refused: file: /usr/lib/python2.7/socket.py line: 571
Error: /Stage[main]/Supervisord::Reload/Exec[supervisorctl_reread]: Failed to call refresh: /usr/local/bin/supervisorctl reread returned 2 instead of one of [0]
Error: /Stage[main]/Supervisord::Reload/Exec[supervisorctl_reread]: /usr/local/bin/supervisorctl reread returned 2 instead of one of [0]
Notice: /Stage[main]/Supervisord::Reload/Exec[supervisorctl_update]/returns: error: <class 'socket.error'>, [Errno 111] Connection refused: file: /usr/lib/python2.7/socket.py line: 571
Error: /Stage[main]/Supervisord::Reload/Exec[supervisorctl_update]: Failed to call refresh: /usr/local/bin/supervisorctl update returned 2 instead of one of [0]
Error: /Stage[main]/Supervisord::Reload/Exec[supervisorctl_update]: /usr/local/bin/supervisorctl update returned 2 instead of one of [0]
##############  OUTPUT END  ##############

=====================================================================
8. exec(File[/var/lib/puppet/concat/_etc_supervisord.conf/fragments.concat.out])
=====================================================================

Step result:    success
Execution time: 0.998663784 seconds

############## OUTPUT START ##############
Notice: /Stage[main]/Supervisord::Config/Concat[/etc/supervisord.conf]/File[/var/lib/puppet/concat/_etc_supervisord.conf/fragments.concat.out]/ensure: created
Notice: /Stage[main]/Supervisord::Reload/Exec[supervisorctl_reread]/returns: error: <class 'socket.error'>, [Errno 111] Connection refused: file: /usr/lib/python2.7/socket.py line: 571
Error: /Stage[main]/Supervisord::Reload/Exec[supervisorctl_reread]: Failed to call refresh: /usr/local/bin/supervisorctl reread returned 2 instead of one of [0]
Error: /Stage[main]/Supervisord::Reload/Exec[supervisorctl_reread]: /usr/local/bin/supervisorctl reread returned 2 instead of one of [0]
Notice: /Stage[main]/Supervisord::Reload/Exec[supervisorctl_update]/returns: error: <class 'socket.error'>, [Errno 111] Connection refused: file: /usr/lib/python2.7/socket.py line: 571
Error: /Stage[main]/Supervisord::Reload/Exec[supervisorctl_update]: Failed to call refresh: /usr/local/bin/supervisorctl update returned 2 instead of one of [0]
Error: /Stage[main]/Supervisord::Reload/Exec[supervisorctl_update]: /usr/local/bin/supervisorctl update returned 2 instead of one of [0]
##############  OUTPUT END  ##############

=====================================================================
9. exec(File[/var/log/supervisor])
=====================================================================

Step result:    success
Execution time: 1.077121339 seconds

############## OUTPUT START ##############
Notice: /Stage[main]/Supervisord::Config/File[/var/log/supervisor]/ensure: created
Notice: /Stage[main]/Supervisord::Reload/Exec[supervisorctl_reread]/returns: error: <class 'socket.error'>, [Errno 111] Connection refused: file: /usr/lib/python2.7/socket.py line: 571
Error: /Stage[main]/Supervisord::Reload/Exec[supervisorctl_reread]: Failed to call refresh: /usr/local/bin/supervisorctl reread returned 2 instead of one of [0]
Error: /Stage[main]/Supervisord::Reload/Exec[supervisorctl_reread]: /usr/local/bin/supervisorctl reread returned 2 instead of one of [0]
Notice: /Stage[main]/Supervisord::Reload/Exec[supervisorctl_update]/returns: error: <class 'socket.error'>, [Errno 111] Connection refused: file: /usr/lib/python2.7/socket.py line: 571
Error: /Stage[main]/Supervisord::Reload/Exec[supervisorctl_update]: Failed to call refresh: /usr/local/bin/supervisorctl update returned 2 instead of one of [0]
Error: /Stage[main]/Supervisord::Reload/Exec[supervisorctl_update]: /usr/local/bin/supervisorctl update returned 2 instead of one of [0]
##############  OUTPUT END  ##############

=====================================================================
10. assert(Exec[install_pip])
=====================================================================

Step result:    success
Execution time: 5.844323644 seconds

############## OUTPUT START ##############

##############  OUTPUT END  ##############

########## CHANGE SUMMARY START ##########
No changes.
##########  CHANGE SUMMARY END  ##########

=====================================================================
11. assert(Exec[install_setuptools])
=====================================================================

Step result:    success
Execution time: 5.034144536 seconds

############## OUTPUT START ##############

##############  OUTPUT END  ##############

########## CHANGE SUMMARY START ##########
No changes.
##########  CHANGE SUMMARY END  ##########

=====================================================================
12. assert(File[/var/lib/puppet/concat/_etc_supervisord.conf/fragments.concat.out])
=====================================================================

Step result:    success
Execution time: 3.002940114 seconds

############## OUTPUT START ##############

##############  OUTPUT END  ##############

########## CHANGE SUMMARY START ##########
No changes.
##########  CHANGE SUMMARY END  ##########

=====================================================================
13. assert(File[/var/lib/puppet/concat/_etc_supervisord.conf])
=====================================================================

Step result:    success
Execution time: 2.939060659 seconds

############## OUTPUT START ##############

##############  OUTPUT END  ##############

########## CHANGE SUMMARY START ##########
No changes.
##########  CHANGE SUMMARY END  ##########

=====================================================================
14. assert(File[/var/lib/puppet/concat])
=====================================================================

Step result:    success
Execution time: 3.58161258 seconds

############## OUTPUT START ##############

##############  OUTPUT END  ##############

########## CHANGE SUMMARY START ##########
No changes.
##########  CHANGE SUMMARY END  ##########

=====================================================================
15. assert(File[/var/log/supervisor])
=====================================================================

Step result:    success
Execution time: 3.939054216 seconds

############## OUTPUT START ##############

##############  OUTPUT END  ##############

########## CHANGE SUMMARY START ##########
No changes.
##########  CHANGE SUMMARY END  ##########

=====================================================================
16. assert(Package[curl])
=====================================================================

Step result:    success
Execution time: 3.652804462 seconds

############## OUTPUT START ##############

##############  OUTPUT END  ##############

########## CHANGE SUMMARY START ##########
No changes.
##########  CHANGE SUMMARY END  ##########

=====================================================================
17. assert(Package[python])
=====================================================================

Step result:    success
Execution time: 3.385078572 seconds

############## OUTPUT START ##############

##############  OUTPUT END  ##############

########## CHANGE SUMMARY START ##########
No changes.
##########  CHANGE SUMMARY END  ##########

=====================================================================
18. assert(Package[supervisor])
=====================================================================

Step result:    success
Execution time: 3.236792792 seconds

############## OUTPUT START ##############

##############  OUTPUT END  ##############

########## CHANGE SUMMARY START ##########
No changes.
##########  CHANGE SUMMARY END  ##########

