=====================================================================
Test Case Result - Overview
=====================================================================

Test Case: Test Case 1
Result:    SUCCESS

Steps:
  1. (success) exec(Package[python])
  2. (success) assert(Package[python])
  3. (success) exec(File[/var/lib/puppet/concat])
  4. (success) assert(File[/var/lib/puppet/concat])
  5. (success) assert(Package[python])
  6. (success) exec(Package[curl])
  7. (success) assert(File[/var/lib/puppet/concat])
  8. (success) assert(Package[curl])
  9. (success) assert(Package[python])
  10. (success) exec(Exec[install_setuptools])
  11. (success) assert(Exec[install_setuptools])
  12. (success) assert(File[/var/lib/puppet/concat])
  13. (success) assert(Package[curl])
  14. (success) assert(Package[python])
  15. (success) exec(Exec[install_pip])
  16. (success) assert(Exec[install_pip])
  17. (success) assert(Exec[install_setuptools])
  18. (success) assert(File[/var/lib/puppet/concat])
  19. (success) assert(Package[curl])
  20. (success) assert(Package[python])
  21. (success) exec(Package[supervisor])
  22. (success) assert(Exec[install_pip])
  23. (success) assert(Exec[install_setuptools])
  24. (success) assert(File[/var/lib/puppet/concat])
  25. (success) assert(Package[curl])
  26. (success) assert(Package[python])
  27. (success) assert(Package[supervisor])
  28. (success) exec(File[/var/lib/puppet/concat/bin])
  29. (success) assert(Exec[install_pip])
  30. (success) assert(Exec[install_setuptools])
  31. (success) assert(File[/var/lib/puppet/concat/bin])
  32. (success) assert(File[/var/lib/puppet/concat])
  33. (success) assert(Package[curl])
  34. (success) assert(Package[python])
  35. (success) assert(Package[supervisor])
  36. (success) exec(File[/var/lib/puppet/concat/_etc_supervisord.conf])
  37. (success) assert(Exec[install_pip])
  38. (success) assert(Exec[install_setuptools])
  39. (success) assert(File[/var/lib/puppet/concat/_etc_supervisord.conf])
  40. (success) assert(File[/var/lib/puppet/concat/bin])
  41. (success) assert(File[/var/lib/puppet/concat])
  42. (success) assert(Package[curl])
  43. (success) assert(Package[python])
  44. (success) assert(Package[supervisor])
  45. (success) exec(File[/var/lib/puppet/concat/_etc_supervisord.conf/fragments])
  46. (success) assert(Exec[install_pip])
  47. (success) assert(Exec[install_setuptools])
  48. (success) assert(File[/var/lib/puppet/concat/_etc_supervisord.conf/fragments])
  49. (success) assert(File[/var/lib/puppet/concat/_etc_supervisord.conf])
  50. (success) assert(File[/var/lib/puppet/concat/bin])
  51. (success) assert(File[/var/lib/puppet/concat])
  52. (success) assert(Package[curl])
  53. (success) assert(Package[python])
  54. (success) assert(Package[supervisor])
  55. (success) exec(File[/var/lib/puppet/concat/_etc_supervisord.conf/fragments/02_supervisord_main])
  56. (success) assert(Exec[install_pip])
  57. (success) assert(Exec[install_setuptools])
  58. (success) assert(File[/var/lib/puppet/concat/_etc_supervisord.conf/fragments/02_supervisord_main])
  59. (success) assert(File[/var/lib/puppet/concat/_etc_supervisord.conf/fragments])
  60. (success) assert(File[/var/lib/puppet/concat/_etc_supervisord.conf])
  61. (success) assert(File[/var/lib/puppet/concat/bin])
  62. (success) assert(File[/var/lib/puppet/concat])
  63. (success) assert(Package[curl])
  64. (success) assert(Package[python])
  65. (success) assert(Package[supervisor])
  66. (success) exec(File[/var/lib/puppet/concat/bin/concatfragments.rb])
  67. (success) assert(Exec[install_pip])
  68. (success) assert(Exec[install_setuptools])
  69. (success) assert(File[/var/lib/puppet/concat/_etc_supervisord.conf/fragments/02_supervisord_main])
  70. (success) assert(File[/var/lib/puppet/concat/_etc_supervisord.conf/fragments])
  71. (success) assert(File[/var/lib/puppet/concat/_etc_supervisord.conf])
  72. (success) assert(File[/var/lib/puppet/concat/bin/concatfragments.rb])
  73. (success) assert(File[/var/lib/puppet/concat/bin])
  74. (success) assert(File[/var/lib/puppet/concat])
  75. (success) assert(Package[curl])
  76. (success) assert(Package[python])
  77. (success) assert(Package[supervisor])
  78. (success) exec(File[/var/lib/puppet/concat/_etc_supervisord.conf/fragments.concat])
  79. (success) assert(Exec[install_pip])
  80. (success) assert(Exec[install_setuptools])
  81. (success) assert(File[/var/lib/puppet/concat/_etc_supervisord.conf/fragments.concat])
  82. (success) assert(File[/var/lib/puppet/concat/_etc_supervisord.conf/fragments/02_supervisord_main])
  83. (success) assert(File[/var/lib/puppet/concat/_etc_supervisord.conf/fragments])
  84. (success) assert(File[/var/lib/puppet/concat/_etc_supervisord.conf])
  85. (success) assert(File[/var/lib/puppet/concat/bin/concatfragments.rb])
  86. (success) assert(File[/var/lib/puppet/concat/bin])
  87. (success) assert(File[/var/lib/puppet/concat])
  88. (success) assert(Package[curl])
  89. (success) assert(Package[python])
  90. (success) assert(Package[supervisor])
  91. (success) exec(File[/var/lib/puppet/concat/_etc_supervisord.conf/fragments/01_supervisord_unix])
  92. (success) assert(Exec[install_pip])
  93. (success) assert(Exec[install_setuptools])
  94. (success) assert(File[/var/lib/puppet/concat/_etc_supervisord.conf/fragments.concat])
  95. (success) assert(File[/var/lib/puppet/concat/_etc_supervisord.conf/fragments/01_supervisord_unix])
  96. (success) assert(File[/var/lib/puppet/concat/_etc_supervisord.conf/fragments/02_supervisord_main])
  97. (success) assert(File[/var/lib/puppet/concat/_etc_supervisord.conf/fragments])
  98. (success) assert(File[/var/lib/puppet/concat/_etc_supervisord.conf])
  99. (success) assert(File[/var/lib/puppet/concat/bin/concatfragments.rb])
  100. (success) assert(File[/var/lib/puppet/concat/bin])
  101. (success) assert(File[/var/lib/puppet/concat])
  102. (success) assert(Package[curl])
  103. (success) assert(Package[python])
  104. (success) assert(Package[supervisor])
  105. (success) exec(File[/var/lib/puppet/concat/_etc_supervisord.conf/fragments.concat.out])
  106. (success) assert(Exec[install_pip])
  107. (success) assert(Exec[install_setuptools])
  108. (success) assert(File[/var/lib/puppet/concat/_etc_supervisord.conf/fragments.concat.out])
  109. (success) assert(File[/var/lib/puppet/concat/_etc_supervisord.conf/fragments.concat])
  110. (success) assert(File[/var/lib/puppet/concat/_etc_supervisord.conf/fragments/01_supervisord_unix])
  111. (success) assert(File[/var/lib/puppet/concat/_etc_supervisord.conf/fragments/02_supervisord_main])
  112. (success) assert(File[/var/lib/puppet/concat/_etc_supervisord.conf/fragments])
  113. (success) assert(File[/var/lib/puppet/concat/_etc_supervisord.conf])
  114. (success) assert(File[/var/lib/puppet/concat/bin/concatfragments.rb])
  115. (success) assert(File[/var/lib/puppet/concat/bin])
  116. (success) assert(File[/var/lib/puppet/concat])
  117. (success) assert(Package[curl])
  118. (success) assert(Package[python])
  119. (success) assert(Package[supervisor])
  120. (success) exec(Exec[concat_/etc/supervisord.conf])
  121. (success) assert(Exec[concat_/etc/supervisord.conf])
  122. (success) assert(Exec[install_pip])
  123. (success) assert(Exec[install_setuptools])
  124. (success) assert(File[/var/lib/puppet/concat/_etc_supervisord.conf/fragments.concat.out])
  125. (success) assert(File[/var/lib/puppet/concat/_etc_supervisord.conf/fragments.concat])
  126. (success) assert(File[/var/lib/puppet/concat/_etc_supervisord.conf/fragments/01_supervisord_unix])
  127. (success) assert(File[/var/lib/puppet/concat/_etc_supervisord.conf/fragments/02_supervisord_main])
  128. (success) assert(File[/var/lib/puppet/concat/_etc_supervisord.conf/fragments])
  129. (success) assert(File[/var/lib/puppet/concat/_etc_supervisord.conf])
  130. (success) assert(File[/var/lib/puppet/concat/bin/concatfragments.rb])
  131. (success) assert(File[/var/lib/puppet/concat/bin])
  132. (success) assert(File[/var/lib/puppet/concat])
  133. (success) assert(Package[curl])
  134. (success) assert(Package[python])
  135. (success) assert(Package[supervisor])
  136. (success) exec(File[/etc/supervisord.conf])
  137. (success) assert(Exec[concat_/etc/supervisord.conf])
  138. (success) assert(Exec[install_pip])
  139. (success) assert(Exec[install_setuptools])
  140. (success) assert(File[/etc/supervisord.conf])
  141. (success) assert(File[/var/lib/puppet/concat/_etc_supervisord.conf/fragments.concat.out])
  142. (success) assert(File[/var/lib/puppet/concat/_etc_supervisord.conf/fragments.concat])
  143. (success) assert(File[/var/lib/puppet/concat/_etc_supervisord.conf/fragments/01_supervisord_unix])
  144. (success) assert(File[/var/lib/puppet/concat/_etc_supervisord.conf/fragments/02_supervisord_main])
  145. (success) assert(File[/var/lib/puppet/concat/_etc_supervisord.conf/fragments])
  146. (success) assert(File[/var/lib/puppet/concat/_etc_supervisord.conf])
  147. (success) assert(File[/var/lib/puppet/concat/bin/concatfragments.rb])
  148. (success) assert(File[/var/lib/puppet/concat/bin])
  149. (success) assert(File[/var/lib/puppet/concat])
  150. (success) assert(Package[curl])
  151. (success) assert(Package[python])
  152. (success) assert(Package[supervisor])
  153. (success) exec(File[/etc/default/supervisor])
  154. (success) assert(Exec[concat_/etc/supervisord.conf])
  155. (success) assert(Exec[install_pip])
  156. (success) assert(Exec[install_setuptools])
  157. (success) assert(File[/etc/default/supervisor])
  158. (success) assert(File[/etc/supervisord.conf])
  159. (success) assert(File[/var/lib/puppet/concat/_etc_supervisord.conf/fragments.concat.out])
  160. (success) assert(File[/var/lib/puppet/concat/_etc_supervisord.conf/fragments.concat])
  161. (success) assert(File[/var/lib/puppet/concat/_etc_supervisord.conf/fragments/01_supervisord_unix])
  162. (success) assert(File[/var/lib/puppet/concat/_etc_supervisord.conf/fragments/02_supervisord_main])
  163. (success) assert(File[/var/lib/puppet/concat/_etc_supervisord.conf/fragments])
  164. (success) assert(File[/var/lib/puppet/concat/_etc_supervisord.conf])
  165. (success) assert(File[/var/lib/puppet/concat/bin/concatfragments.rb])
  166. (success) assert(File[/var/lib/puppet/concat/bin])
  167. (success) assert(File[/var/lib/puppet/concat])
  168. (success) assert(Package[curl])
  169. (success) assert(Package[python])
  170. (success) assert(Package[supervisor])
  171. (success) exec(File[/etc/init.d/supervisord])
  172. (success) assert(Exec[concat_/etc/supervisord.conf])
  173. (success) assert(Exec[install_pip])
  174. (success) assert(Exec[install_setuptools])
  175. (success) assert(File[/etc/default/supervisor])
  176. (success) assert(File[/etc/init.d/supervisord])
  177. (success) assert(File[/etc/supervisord.conf])
  178. (success) assert(File[/var/lib/puppet/concat/_etc_supervisord.conf/fragments.concat.out])
  179. (success) assert(File[/var/lib/puppet/concat/_etc_supervisord.conf/fragments.concat])
  180. (success) assert(File[/var/lib/puppet/concat/_etc_supervisord.conf/fragments/01_supervisord_unix])
  181. (success) assert(File[/var/lib/puppet/concat/_etc_supervisord.conf/fragments/02_supervisord_main])
  182. (success) assert(File[/var/lib/puppet/concat/_etc_supervisord.conf/fragments])
  183. (success) assert(File[/var/lib/puppet/concat/_etc_supervisord.conf])
  184. (success) assert(File[/var/lib/puppet/concat/bin/concatfragments.rb])
  185. (success) assert(File[/var/lib/puppet/concat/bin])
  186. (success) assert(File[/var/lib/puppet/concat])
  187. (success) assert(Package[curl])
  188. (success) assert(Package[python])
  189. (success) assert(Package[supervisor])
  190. (success) exec(File[/etc/supervisor.d])
  191. (success) assert(Exec[concat_/etc/supervisord.conf])
  192. (success) assert(Exec[install_pip])
  193. (success) assert(Exec[install_setuptools])
  194. (success) assert(File[/etc/default/supervisor])
  195. (success) assert(File[/etc/init.d/supervisord])
  196. (success) assert(File[/etc/supervisor.d])
  197. (success) assert(File[/etc/supervisord.conf])
  198. (success) assert(File[/var/lib/puppet/concat/_etc_supervisord.conf/fragments.concat.out])
  199. (success) assert(File[/var/lib/puppet/concat/_etc_supervisord.conf/fragments.concat])
  200. (success) assert(File[/var/lib/puppet/concat/_etc_supervisord.conf/fragments/01_supervisord_unix])
  201. (success) assert(File[/var/lib/puppet/concat/_etc_supervisord.conf/fragments/02_supervisord_main])
  202. (success) assert(File[/var/lib/puppet/concat/_etc_supervisord.conf/fragments])
  203. (success) assert(File[/var/lib/puppet/concat/_etc_supervisord.conf])
  204. (success) assert(File[/var/lib/puppet/concat/bin/concatfragments.rb])
  205. (success) assert(File[/var/lib/puppet/concat/bin])
  206. (success) assert(File[/var/lib/puppet/concat])
  207. (success) assert(Package[curl])
  208. (success) assert(Package[python])
  209. (success) assert(Package[supervisor])
  210. (success) exec(File[/var/log/supervisor])
  211. (success) assert(Exec[concat_/etc/supervisord.conf])
  212. (success) assert(Exec[install_pip])
  213. (success) assert(Exec[install_setuptools])
  214. (success) assert(File[/etc/default/supervisor])
  215. (success) assert(File[/etc/init.d/supervisord])
  216. (success) assert(File[/etc/supervisor.d])
  217. (success) assert(File[/etc/supervisord.conf])
  218. (success) assert(File[/var/lib/puppet/concat/_etc_supervisord.conf/fragments.concat.out])
  219. (success) assert(File[/var/lib/puppet/concat/_etc_supervisord.conf/fragments.concat])
  220. (success) assert(File[/var/lib/puppet/concat/_etc_supervisord.conf/fragments/01_supervisord_unix])
  221. (success) assert(File[/var/lib/puppet/concat/_etc_supervisord.conf/fragments/02_supervisord_main])
  222. (success) assert(File[/var/lib/puppet/concat/_etc_supervisord.conf/fragments])
  223. (success) assert(File[/var/lib/puppet/concat/_etc_supervisord.conf])
  224. (success) assert(File[/var/lib/puppet/concat/bin/concatfragments.rb])
  225. (success) assert(File[/var/lib/puppet/concat/bin])
  226. (success) assert(File[/var/lib/puppet/concat])
  227. (success) assert(File[/var/log/supervisor])
  228. (success) assert(Package[curl])
  229. (success) assert(Package[python])
  230. (success) assert(Package[supervisor])
  231. (success) exec(Service[supervisord])
  232. (success) assert(Exec[concat_/etc/supervisord.conf])
  233. (success) assert(Exec[install_pip])
  234. (success) assert(Exec[install_setuptools])
  235. (success) assert(File[/etc/default/supervisor])
  236. (success) assert(File[/etc/init.d/supervisord])
  237. (success) assert(File[/etc/supervisor.d])
  238. (success) assert(File[/etc/supervisord.conf])
  239. (success) assert(File[/var/lib/puppet/concat/_etc_supervisord.conf/fragments.concat.out])
  240. (success) assert(File[/var/lib/puppet/concat/_etc_supervisord.conf/fragments.concat])
  241. (success) assert(File[/var/lib/puppet/concat/_etc_supervisord.conf/fragments/01_supervisord_unix])
  242. (success) assert(File[/var/lib/puppet/concat/_etc_supervisord.conf/fragments/02_supervisord_main])
  243. (success) assert(File[/var/lib/puppet/concat/_etc_supervisord.conf/fragments])
  244. (success) assert(File[/var/lib/puppet/concat/_etc_supervisord.conf])
  245. (success) assert(File[/var/lib/puppet/concat/bin/concatfragments.rb])
  246. (success) assert(File[/var/lib/puppet/concat/bin])
  247. (success) assert(File[/var/lib/puppet/concat])
  248. (success) assert(File[/var/log/supervisor])
  249. (success) assert(Package[curl])
  250. (success) assert(Package[python])
  251. (success) assert(Package[supervisor])
  252. (success) assert(Service[supervisord])
  253. (success) exec(Exec[supervisorctl_reread])
  254. (success) assert(Exec[concat_/etc/supervisord.conf])
  255. (success) assert(Exec[install_pip])
  256. (success) assert(Exec[install_setuptools])
  257. (success) assert(Exec[supervisorctl_reread])
  258. (success) assert(File[/etc/default/supervisor])
  259. (success) assert(File[/etc/init.d/supervisord])
  260. (success) assert(File[/etc/supervisor.d])
  261. (success) assert(File[/etc/supervisord.conf])
  262. (success) assert(File[/var/lib/puppet/concat/_etc_supervisord.conf/fragments.concat.out])
  263. (success) assert(File[/var/lib/puppet/concat/_etc_supervisord.conf/fragments.concat])
  264. (success) assert(File[/var/lib/puppet/concat/_etc_supervisord.conf/fragments/01_supervisord_unix])
  265. (success) assert(File[/var/lib/puppet/concat/_etc_supervisord.conf/fragments/02_supervisord_main])
  266. (success) assert(File[/var/lib/puppet/concat/_etc_supervisord.conf/fragments])
  267. (success) assert(File[/var/lib/puppet/concat/_etc_supervisord.conf])
  268. (success) assert(File[/var/lib/puppet/concat/bin/concatfragments.rb])
  269. (success) assert(File[/var/lib/puppet/concat/bin])
  270. (success) assert(File[/var/lib/puppet/concat])
  271. (success) assert(File[/var/log/supervisor])
  272. (success) assert(Package[curl])
  273. (success) assert(Package[python])
  274. (success) assert(Package[supervisor])
  275. (success) assert(Service[supervisord])
  276. (success) exec(Exec[supervisorctl_update])
  277. (success) assert(Exec[concat_/etc/supervisord.conf])
  278. (success) assert(Exec[install_pip])
  279. (success) assert(Exec[install_setuptools])
  280. (success) assert(Exec[supervisorctl_reread])
  281. (success) assert(Exec[supervisorctl_update])
  282. (success) assert(File[/etc/default/supervisor])
  283. (success) assert(File[/etc/init.d/supervisord])
  284. (success) assert(File[/etc/supervisor.d])
  285. (success) assert(File[/etc/supervisord.conf])
  286. (success) assert(File[/var/lib/puppet/concat/_etc_supervisord.conf/fragments.concat.out])
  287. (success) assert(File[/var/lib/puppet/concat/_etc_supervisord.conf/fragments.concat])
  288. (success) assert(File[/var/lib/puppet/concat/_etc_supervisord.conf/fragments/01_supervisord_unix])
  289. (success) assert(File[/var/lib/puppet/concat/_etc_supervisord.conf/fragments/02_supervisord_main])
  290. (success) assert(File[/var/lib/puppet/concat/_etc_supervisord.conf/fragments])
  291. (success) assert(File[/var/lib/puppet/concat/_etc_supervisord.conf])
  292. (success) assert(File[/var/lib/puppet/concat/bin/concatfragments.rb])
  293. (success) assert(File[/var/lib/puppet/concat/bin])
  294. (success) assert(File[/var/lib/puppet/concat])
  295. (success) assert(File[/var/log/supervisor])
  296. (success) assert(Package[curl])
  297. (success) assert(Package[python])
  298. (success) assert(Package[supervisor])
  299. (success) assert(Service[supervisord])

=====================================================================
1. exec(Package[python])
=====================================================================

Step result:    success
Execution time: 0.174785582 seconds

############## OUTPUT START ##############

##############  OUTPUT END  ##############

=====================================================================
2. assert(Package[python])
=====================================================================

Step result:    success
Execution time: 4.88887383 seconds

############## OUTPUT START ##############

##############  OUTPUT END  ##############

########## CHANGE SUMMARY START ##########
No changes.
##########  CHANGE SUMMARY END  ##########

=====================================================================
3. exec(File[/var/lib/puppet/concat])
=====================================================================

Step result:    success
Execution time: 0.260520588 seconds

############## OUTPUT START ##############
Notice: /Stage[main]/Concat::Setup/File[/var/lib/puppet/concat]/ensure: created
##############  OUTPUT END  ##############

=====================================================================
4. assert(File[/var/lib/puppet/concat])
=====================================================================

Step result:    success
Execution time: 5.011834119 seconds

############## OUTPUT START ##############

##############  OUTPUT END  ##############

########## CHANGE SUMMARY START ##########
No changes.
##########  CHANGE SUMMARY END  ##########

=====================================================================
5. assert(Package[python])
=====================================================================

Step result:    success
Execution time: 3.432752479 seconds

############## OUTPUT START ##############

##############  OUTPUT END  ##############

########## CHANGE SUMMARY START ##########
No changes.
##########  CHANGE SUMMARY END  ##########

=====================================================================
6. exec(Package[curl])
=====================================================================

Step result:    success
Execution time: 0.255096323 seconds

############## OUTPUT START ##############

##############  OUTPUT END  ##############

=====================================================================
7. assert(File[/var/lib/puppet/concat])
=====================================================================

Step result:    success
Execution time: 5.286952673 seconds

############## OUTPUT START ##############

##############  OUTPUT END  ##############

########## CHANGE SUMMARY START ##########
No changes.
##########  CHANGE SUMMARY END  ##########

=====================================================================
8. assert(Package[curl])
=====================================================================

Step result:    success
Execution time: 3.201115475 seconds

############## OUTPUT START ##############

##############  OUTPUT END  ##############

########## CHANGE SUMMARY START ##########
No changes.
##########  CHANGE SUMMARY END  ##########

=====================================================================
9. assert(Package[python])
=====================================================================

Step result:    success
Execution time: 3.511442806 seconds

############## OUTPUT START ##############

##############  OUTPUT END  ##############

########## CHANGE SUMMARY START ##########
No changes.
##########  CHANGE SUMMARY END  ##########

=====================================================================
10. exec(Exec[install_setuptools])
=====================================================================

Step result:    success
Execution time: 5.583533629 seconds

############## OUTPUT START ##############
Notice: /Stage[main]/Supervisord::Pip/Exec[install_setuptools]/returns: executed successfully
##############  OUTPUT END  ##############

=====================================================================
11. assert(Exec[install_setuptools])
=====================================================================

Step result:    success
Execution time: 5.213479861 seconds

############## OUTPUT START ##############

##############  OUTPUT END  ##############

########## CHANGE SUMMARY START ##########
No changes.
##########  CHANGE SUMMARY END  ##########

=====================================================================
12. assert(File[/var/lib/puppet/concat])
=====================================================================

Step result:    success
Execution time: 3.60911575 seconds

############## OUTPUT START ##############

##############  OUTPUT END  ##############

########## CHANGE SUMMARY START ##########
No changes.
##########  CHANGE SUMMARY END  ##########

=====================================================================
13. assert(Package[curl])
=====================================================================

Step result:    success
Execution time: 3.737053591 seconds

############## OUTPUT START ##############

##############  OUTPUT END  ##############

########## CHANGE SUMMARY START ##########
No changes.
##########  CHANGE SUMMARY END  ##########

=====================================================================
14. assert(Package[python])
=====================================================================

Step result:    success
Execution time: 3.306013939 seconds

############## OUTPUT START ##############

##############  OUTPUT END  ##############

########## CHANGE SUMMARY START ##########
No changes.
##########  CHANGE SUMMARY END  ##########

=====================================================================
15. exec(Exec[install_pip])
=====================================================================

Step result:    success
Execution time: 5.002651857 seconds

############## OUTPUT START ##############
Notice: /Stage[main]/Supervisord::Pip/Exec[install_pip]/returns: executed successfully
##############  OUTPUT END  ##############

=====================================================================
16. assert(Exec[install_pip])
=====================================================================

Step result:    success
Execution time: 5.863105289 seconds

############## OUTPUT START ##############

##############  OUTPUT END  ##############

########## CHANGE SUMMARY START ##########
No changes.
##########  CHANGE SUMMARY END  ##########

=====================================================================
17. assert(Exec[install_setuptools])
=====================================================================

Step result:    success
Execution time: 3.52115626 seconds

############## OUTPUT START ##############

##############  OUTPUT END  ##############

########## CHANGE SUMMARY START ##########
No changes.
##########  CHANGE SUMMARY END  ##########

=====================================================================
18. assert(File[/var/lib/puppet/concat])
=====================================================================

Step result:    success
Execution time: 3.610791099 seconds

############## OUTPUT START ##############

##############  OUTPUT END  ##############

########## CHANGE SUMMARY START ##########
No changes.
##########  CHANGE SUMMARY END  ##########

=====================================================================
19. assert(Package[curl])
=====================================================================

Step result:    success
Execution time: 3.969661913 seconds

############## OUTPUT START ##############

##############  OUTPUT END  ##############

########## CHANGE SUMMARY START ##########
No changes.
##########  CHANGE SUMMARY END  ##########

=====================================================================
20. assert(Package[python])
=====================================================================

Step result:    success
Execution time: 4.082782892 seconds

############## OUTPUT START ##############

##############  OUTPUT END  ##############

########## CHANGE SUMMARY START ##########
No changes.
##########  CHANGE SUMMARY END  ##########

=====================================================================
21. exec(Package[supervisor])
=====================================================================

Step result:    success
Execution time: 3.645055907 seconds

############## OUTPUT START ##############
Notice: /Stage[main]/Supervisord::Install/Package[supervisor]/ensure: created
##############  OUTPUT END  ##############

=====================================================================
22. assert(Exec[install_pip])
=====================================================================

Step result:    success
Execution time: 5.818842383 seconds

############## OUTPUT START ##############

##############  OUTPUT END  ##############

########## CHANGE SUMMARY START ##########
No changes.
##########  CHANGE SUMMARY END  ##########

=====================================================================
23. assert(Exec[install_setuptools])
=====================================================================

Step result:    success
Execution time: 3.946383246 seconds

############## OUTPUT START ##############

##############  OUTPUT END  ##############

########## CHANGE SUMMARY START ##########
No changes.
##########  CHANGE SUMMARY END  ##########

=====================================================================
24. assert(File[/var/lib/puppet/concat])
=====================================================================

Step result:    success
Execution time: 3.978778697 seconds

############## OUTPUT START ##############

##############  OUTPUT END  ##############

########## CHANGE SUMMARY START ##########
No changes.
##########  CHANGE SUMMARY END  ##########

=====================================================================
25. assert(Package[curl])
=====================================================================

Step result:    success
Execution time: 4.29277695 seconds

############## OUTPUT START ##############

##############  OUTPUT END  ##############

########## CHANGE SUMMARY START ##########
No changes.
##########  CHANGE SUMMARY END  ##########

=====================================================================
26. assert(Package[python])
=====================================================================

Step result:    success
Execution time: 3.915641832 seconds

############## OUTPUT START ##############

##############  OUTPUT END  ##############

########## CHANGE SUMMARY START ##########
No changes.
##########  CHANGE SUMMARY END  ##########

=====================================================================
27. assert(Package[supervisor])
=====================================================================

Step result:    success
Execution time: 3.161714531 seconds

############## OUTPUT START ##############

##############  OUTPUT END  ##############

########## CHANGE SUMMARY START ##########
No changes.
##########  CHANGE SUMMARY END  ##########

=====================================================================
28. exec(File[/var/lib/puppet/concat/bin])
=====================================================================

Step result:    success
Execution time: 0.807068017 seconds

############## OUTPUT START ##############
Notice: /Stage[main]/Concat::Setup/File[/var/lib/puppet/concat/bin]/ensure: created
##############  OUTPUT END  ##############

=====================================================================
29. assert(Exec[install_pip])
=====================================================================

Step result:    success
Execution time: 6.057210505 seconds

############## OUTPUT START ##############

##############  OUTPUT END  ##############

########## CHANGE SUMMARY START ##########
No changes.
##########  CHANGE SUMMARY END  ##########

=====================================================================
30. assert(Exec[install_setuptools])
=====================================================================

Step result:    success
Execution time: 4.792751582 seconds

############## OUTPUT START ##############

##############  OUTPUT END  ##############

########## CHANGE SUMMARY START ##########
No changes.
##########  CHANGE SUMMARY END  ##########

=====================================================================
31. assert(File[/var/lib/puppet/concat/bin])
=====================================================================

Step result:    success
Execution time: 4.049535833 seconds

############## OUTPUT START ##############

##############  OUTPUT END  ##############

########## CHANGE SUMMARY START ##########
No changes.
##########  CHANGE SUMMARY END  ##########

=====================================================================
32. assert(File[/var/lib/puppet/concat])
=====================================================================

Step result:    success
Execution time: 3.957203377 seconds

############## OUTPUT START ##############

##############  OUTPUT END  ##############

########## CHANGE SUMMARY START ##########
No changes.
##########  CHANGE SUMMARY END  ##########

=====================================================================
33. assert(Package[curl])
=====================================================================

Step result:    success
Execution time: 3.893262697 seconds

############## OUTPUT START ##############

##############  OUTPUT END  ##############

########## CHANGE SUMMARY START ##########
No changes.
##########  CHANGE SUMMARY END  ##########

=====================================================================
34. assert(Package[python])
=====================================================================

Step result:    success
Execution time: 4.044061019 seconds

############## OUTPUT START ##############

##############  OUTPUT END  ##############

########## CHANGE SUMMARY START ##########
No changes.
##########  CHANGE SUMMARY END  ##########

=====================================================================
35. assert(Package[supervisor])
=====================================================================

Step result:    success
Execution time: 3.213458924 seconds

############## OUTPUT START ##############

##############  OUTPUT END  ##############

########## CHANGE SUMMARY START ##########
No changes.
##########  CHANGE SUMMARY END  ##########

=====================================================================
36. exec(File[/var/lib/puppet/concat/_etc_supervisord.conf])
=====================================================================

Step result:    success
Execution time: 1.116930173 seconds

############## OUTPUT START ##############
Notice: /Stage[main]/Supervisord::Config/Concat[/etc/supervisord.conf]/File[/var/lib/puppet/concat/_etc_supervisord.conf]/ensure: created
Error: /Stage[main]/Supervisord::Config/Concat[/etc/supervisord.conf]/Exec[concat_/etc/supervisord.conf]: Failed to call refresh: Could not find command '/var/lib/puppet/concat/bin/concatfragments.rb'
Error: /Stage[main]/Supervisord::Config/Concat[/etc/supervisord.conf]/Exec[concat_/etc/supervisord.conf]: Could not find command '/var/lib/puppet/concat/bin/concatfragments.rb'
Notice: /Stage[main]/Supervisord::Reload/Exec[supervisorctl_reread]/returns: error: <class 'socket.error'>, [Errno 111] Connection refused: file: /usr/lib/python2.7/socket.py line: 571
Error: /Stage[main]/Supervisord::Reload/Exec[supervisorctl_reread]: Failed to call refresh: /usr/local/bin/supervisorctl reread returned 2 instead of one of [0]
Error: /Stage[main]/Supervisord::Reload/Exec[supervisorctl_reread]: /usr/local/bin/supervisorctl reread returned 2 instead of one of [0]
Notice: /Stage[main]/Supervisord::Reload/Exec[supervisorctl_update]/returns: error: <class 'socket.error'>, [Errno 111] Connection refused: file: /usr/lib/python2.7/socket.py line: 571
Error: /Stage[main]/Supervisord::Reload/Exec[supervisorctl_update]: Failed to call refresh: /usr/local/bin/supervisorctl update returned 2 instead of one of [0]
Error: /Stage[main]/Supervisord::Reload/Exec[supervisorctl_update]: /usr/local/bin/supervisorctl update returned 2 instead of one of [0]
##############  OUTPUT END  ##############

=====================================================================
37. assert(Exec[install_pip])
=====================================================================

Step result:    success
Execution time: 5.05396236 seconds

############## OUTPUT START ##############

##############  OUTPUT END  ##############

########## CHANGE SUMMARY START ##########
No changes.
##########  CHANGE SUMMARY END  ##########

=====================================================================
38. assert(Exec[install_setuptools])
=====================================================================

Step result:    success
Execution time: 3.477375028 seconds

############## OUTPUT START ##############

##############  OUTPUT END  ##############

########## CHANGE SUMMARY START ##########
No changes.
##########  CHANGE SUMMARY END  ##########

=====================================================================
39. assert(File[/var/lib/puppet/concat/_etc_supervisord.conf])
=====================================================================

Step result:    success
Execution time: 3.117094151 seconds

############## OUTPUT START ##############

##############  OUTPUT END  ##############

########## CHANGE SUMMARY START ##########
No changes.
##########  CHANGE SUMMARY END  ##########

=====================================================================
40. assert(File[/var/lib/puppet/concat/bin])
=====================================================================

Step result:    success
Execution time: 3.969273933 seconds

############## OUTPUT START ##############

##############  OUTPUT END  ##############

########## CHANGE SUMMARY START ##########
No changes.
##########  CHANGE SUMMARY END  ##########

=====================================================================
41. assert(File[/var/lib/puppet/concat])
=====================================================================

Step result:    success
Execution time: 3.814434652 seconds

############## OUTPUT START ##############

##############  OUTPUT END  ##############

########## CHANGE SUMMARY START ##########
No changes.
##########  CHANGE SUMMARY END  ##########

=====================================================================
42. assert(Package[curl])
=====================================================================

Step result:    success
Execution time: 3.788478912 seconds

############## OUTPUT START ##############

##############  OUTPUT END  ##############

########## CHANGE SUMMARY START ##########
No changes.
##########  CHANGE SUMMARY END  ##########

=====================================================================
43. assert(Package[python])
=====================================================================

Step result:    success
Execution time: 3.994969007 seconds

############## OUTPUT START ##############

##############  OUTPUT END  ##############

########## CHANGE SUMMARY START ##########
No changes.
##########  CHANGE SUMMARY END  ##########

=====================================================================
44. assert(Package[supervisor])
=====================================================================

Step result:    success
Execution time: 3.045272908 seconds

############## OUTPUT START ##############

##############  OUTPUT END  ##############

########## CHANGE SUMMARY START ##########
No changes.
##########  CHANGE SUMMARY END  ##########

=====================================================================
45. exec(File[/var/lib/puppet/concat/_etc_supervisord.conf/fragments])
=====================================================================

Step result:    success
Execution time: 1.161480468 seconds

############## OUTPUT START ##############
Notice: /Stage[main]/Supervisord::Config/Concat[/etc/supervisord.conf]/File[/var/lib/puppet/concat/_etc_supervisord.conf/fragments]/ensure: created
Error: /Stage[main]/Supervisord::Config/Concat[/etc/supervisord.conf]/Exec[concat_/etc/supervisord.conf]: Failed to call refresh: Could not find command '/var/lib/puppet/concat/bin/concatfragments.rb'
Error: /Stage[main]/Supervisord::Config/Concat[/etc/supervisord.conf]/Exec[concat_/etc/supervisord.conf]: Could not find command '/var/lib/puppet/concat/bin/concatfragments.rb'
Notice: /Stage[main]/Supervisord::Reload/Exec[supervisorctl_reread]/returns: error: <class 'socket.error'>, [Errno 111] Connection refused: file: /usr/lib/python2.7/socket.py line: 571
Error: /Stage[main]/Supervisord::Reload/Exec[supervisorctl_reread]: Failed to call refresh: /usr/local/bin/supervisorctl reread returned 2 instead of one of [0]
Error: /Stage[main]/Supervisord::Reload/Exec[supervisorctl_reread]: /usr/local/bin/supervisorctl reread returned 2 instead of one of [0]
Notice: /Stage[main]/Supervisord::Reload/Exec[supervisorctl_update]/returns: error: <class 'socket.error'>, [Errno 111] Connection refused: file: /usr/lib/python2.7/socket.py line: 571
Error: /Stage[main]/Supervisord::Reload/Exec[supervisorctl_update]: Failed to call refresh: /usr/local/bin/supervisorctl update returned 2 instead of one of [0]
Error: /Stage[main]/Supervisord::Reload/Exec[supervisorctl_update]: /usr/local/bin/supervisorctl update returned 2 instead of one of [0]
##############  OUTPUT END  ##############

=====================================================================
46. assert(Exec[install_pip])
=====================================================================

Step result:    success
Execution time: 6.243007505 seconds

############## OUTPUT START ##############

##############  OUTPUT END  ##############

########## CHANGE SUMMARY START ##########
No changes.
##########  CHANGE SUMMARY END  ##########

=====================================================================
47. assert(Exec[install_setuptools])
=====================================================================

Step result:    success
Execution time: 4.229650944 seconds

############## OUTPUT START ##############

##############  OUTPUT END  ##############

########## CHANGE SUMMARY START ##########
No changes.
##########  CHANGE SUMMARY END  ##########

=====================================================================
48. assert(File[/var/lib/puppet/concat/_etc_supervisord.conf/fragments])
=====================================================================

Step result:    success
Execution time: 2.863657687 seconds

############## OUTPUT START ##############

##############  OUTPUT END  ##############

########## CHANGE SUMMARY START ##########
No changes.
##########  CHANGE SUMMARY END  ##########

=====================================================================
49. assert(File[/var/lib/puppet/concat/_etc_supervisord.conf])
=====================================================================

Step result:    success
Execution time: 2.890204348 seconds

############## OUTPUT START ##############

##############  OUTPUT END  ##############

########## CHANGE SUMMARY START ##########
No changes.
##########  CHANGE SUMMARY END  ##########

=====================================================================
50. assert(File[/var/lib/puppet/concat/bin])
=====================================================================

Step result:    success
Execution time: 4.036532379 seconds

############## OUTPUT START ##############

##############  OUTPUT END  ##############

########## CHANGE SUMMARY START ##########
No changes.
##########  CHANGE SUMMARY END  ##########

=====================================================================
51. assert(File[/var/lib/puppet/concat])
=====================================================================

Step result:    success
Execution time: 3.744115724 seconds

############## OUTPUT START ##############

##############  OUTPUT END  ##############

########## CHANGE SUMMARY START ##########
No changes.
##########  CHANGE SUMMARY END  ##########

=====================================================================
52. assert(Package[curl])
=====================================================================

Step result:    success
Execution time: 3.651502794 seconds

############## OUTPUT START ##############

##############  OUTPUT END  ##############

########## CHANGE SUMMARY START ##########
No changes.
##########  CHANGE SUMMARY END  ##########

=====================================================================
53. assert(Package[python])
=====================================================================

Step result:    success
Execution time: 4.127719083 seconds

############## OUTPUT START ##############

##############  OUTPUT END  ##############

########## CHANGE SUMMARY START ##########
No changes.
##########  CHANGE SUMMARY END  ##########

=====================================================================
54. assert(Package[supervisor])
=====================================================================

Step result:    success
Execution time: 3.001538396 seconds

############## OUTPUT START ##############

##############  OUTPUT END  ##############

########## CHANGE SUMMARY START ##########
No changes.
##########  CHANGE SUMMARY END  ##########

=====================================================================
55. exec(File[/var/lib/puppet/concat/_etc_supervisord.conf/fragments/02_supervisord_main])
=====================================================================

Step result:    success
Execution time: 1.172172957 seconds

############## OUTPUT START ##############
Notice: /Stage[main]/Supervisord::Config/Concat::Fragment[supervisord_main]/File[/var/lib/puppet/concat/_etc_supervisord.conf/fragments/02_supervisord_main]/ensure: defined content as '{md5}55c74a2fcacbea30c7d397a40dc0110d'
Error: /Stage[main]/Supervisord::Config/Concat[/etc/supervisord.conf]/Exec[concat_/etc/supervisord.conf]: Failed to call refresh: Could not find command '/var/lib/puppet/concat/bin/concatfragments.rb'
Error: /Stage[main]/Supervisord::Config/Concat[/etc/supervisord.conf]/Exec[concat_/etc/supervisord.conf]: Could not find command '/var/lib/puppet/concat/bin/concatfragments.rb'
Notice: /Stage[main]/Supervisord::Reload/Exec[supervisorctl_reread]/returns: error: <class 'socket.error'>, [Errno 111] Connection refused: file: /usr/lib/python2.7/socket.py line: 571
Error: /Stage[main]/Supervisord::Reload/Exec[supervisorctl_reread]: Failed to call refresh: /usr/local/bin/supervisorctl reread returned 2 instead of one of [0]
Error: /Stage[main]/Supervisord::Reload/Exec[supervisorctl_reread]: /usr/local/bin/supervisorctl reread returned 2 instead of one of [0]
Notice: /Stage[main]/Supervisord::Reload/Exec[supervisorctl_update]/returns: error: <class 'socket.error'>, [Errno 111] Connection refused: file: /usr/lib/python2.7/socket.py line: 571
Error: /Stage[main]/Supervisord::Reload/Exec[supervisorctl_update]: Failed to call refresh: /usr/local/bin/supervisorctl update returned 2 instead of one of [0]
Error: /Stage[main]/Supervisord::Reload/Exec[supervisorctl_update]: /usr/local/bin/supervisorctl update returned 2 instead of one of [0]
##############  OUTPUT END  ##############

=====================================================================
56. assert(Exec[install_pip])
=====================================================================

Step result:    success
Execution time: 5.323698121 seconds

############## OUTPUT START ##############

##############  OUTPUT END  ##############

########## CHANGE SUMMARY START ##########
No changes.
##########  CHANGE SUMMARY END  ##########

=====================================================================
57. assert(Exec[install_setuptools])
=====================================================================

Step result:    success
Execution time: 4.007202268 seconds

############## OUTPUT START ##############

##############  OUTPUT END  ##############

########## CHANGE SUMMARY START ##########
No changes.
##########  CHANGE SUMMARY END  ##########

=====================================================================
58. assert(File[/var/lib/puppet/concat/_etc_supervisord.conf/fragments/02_supervisord_main])
=====================================================================

Step result:    success
Execution time: 3.921465524 seconds

############## OUTPUT START ##############

##############  OUTPUT END  ##############

########## CHANGE SUMMARY START ##########
No changes.
##########  CHANGE SUMMARY END  ##########

=====================================================================
59. assert(File[/var/lib/puppet/concat/_etc_supervisord.conf/fragments])
=====================================================================

Step result:    success
Execution time: 3.099862631 seconds

############## OUTPUT START ##############

##############  OUTPUT END  ##############

########## CHANGE SUMMARY START ##########
No changes.
##########  CHANGE SUMMARY END  ##########

=====================================================================
60. assert(File[/var/lib/puppet/concat/_etc_supervisord.conf])
=====================================================================

Step result:    success
Execution time: 2.862459909 seconds

############## OUTPUT START ##############

##############  OUTPUT END  ##############

########## CHANGE SUMMARY START ##########
No changes.
##########  CHANGE SUMMARY END  ##########

=====================================================================
61. assert(File[/var/lib/puppet/concat/bin])
=====================================================================

Step result:    success
Execution time: 4.085773657 seconds

############## OUTPUT START ##############

##############  OUTPUT END  ##############

########## CHANGE SUMMARY START ##########
No changes.
##########  CHANGE SUMMARY END  ##########

=====================================================================
62. assert(File[/var/lib/puppet/concat])
=====================================================================

Step result:    success
Execution time: 3.595129153 seconds

############## OUTPUT START ##############

##############  OUTPUT END  ##############

########## CHANGE SUMMARY START ##########
No changes.
##########  CHANGE SUMMARY END  ##########

=====================================================================
63. assert(Package[curl])
=====================================================================

Step result:    success
Execution time: 3.789949446 seconds

############## OUTPUT START ##############

##############  OUTPUT END  ##############

########## CHANGE SUMMARY START ##########
No changes.
##########  CHANGE SUMMARY END  ##########

=====================================================================
64. assert(Package[python])
=====================================================================

Step result:    success
Execution time: 4.003272074 seconds

############## OUTPUT START ##############

##############  OUTPUT END  ##############

########## CHANGE SUMMARY START ##########
No changes.
##########  CHANGE SUMMARY END  ##########

=====================================================================
65. assert(Package[supervisor])
=====================================================================

Step result:    success
Execution time: 3.213642747 seconds

############## OUTPUT START ##############

##############  OUTPUT END  ##############

########## CHANGE SUMMARY START ##########
No changes.
##########  CHANGE SUMMARY END  ##########

=====================================================================
66. exec(File[/var/lib/puppet/concat/bin/concatfragments.rb])
=====================================================================

Step result:    success
Execution time: 1.097320468 seconds

############## OUTPUT START ##############
Notice: /Stage[main]/Concat::Setup/File[/var/lib/puppet/concat/bin/concatfragments.rb]/ensure: defined content as '{md5}b684db0eac243553a6a79365119a363d'
##############  OUTPUT END  ##############

=====================================================================
67. assert(Exec[install_pip])
=====================================================================

Step result:    success
Execution time: 5.82768448 seconds

############## OUTPUT START ##############

##############  OUTPUT END  ##############

########## CHANGE SUMMARY START ##########
No changes.
##########  CHANGE SUMMARY END  ##########

=====================================================================
68. assert(Exec[install_setuptools])
=====================================================================

Step result:    success
Execution time: 4.327989098 seconds

############## OUTPUT START ##############

##############  OUTPUT END  ##############

########## CHANGE SUMMARY START ##########
No changes.
##########  CHANGE SUMMARY END  ##########

=====================================================================
69. assert(File[/var/lib/puppet/concat/_etc_supervisord.conf/fragments/02_supervisord_main])
=====================================================================

Step result:    success
Execution time: 3.999425518 seconds

############## OUTPUT START ##############

##############  OUTPUT END  ##############

########## CHANGE SUMMARY START ##########
No changes.
##########  CHANGE SUMMARY END  ##########

=====================================================================
70. assert(File[/var/lib/puppet/concat/_etc_supervisord.conf/fragments])
=====================================================================

Step result:    success
Execution time: 3.073704905 seconds

############## OUTPUT START ##############

##############  OUTPUT END  ##############

########## CHANGE SUMMARY START ##########
No changes.
##########  CHANGE SUMMARY END  ##########

=====================================================================
71. assert(File[/var/lib/puppet/concat/_etc_supervisord.conf])
=====================================================================

Step result:    success
Execution time: 3.090936587 seconds

############## OUTPUT START ##############

##############  OUTPUT END  ##############

########## CHANGE SUMMARY START ##########
No changes.
##########  CHANGE SUMMARY END  ##########

=====================================================================
72. assert(File[/var/lib/puppet/concat/bin/concatfragments.rb])
=====================================================================

Step result:    success
Execution time: 4.629587066 seconds

############## OUTPUT START ##############

##############  OUTPUT END  ##############

########## CHANGE SUMMARY START ##########
No changes.
##########  CHANGE SUMMARY END  ##########

=====================================================================
73. assert(File[/var/lib/puppet/concat/bin])
=====================================================================

Step result:    success
Execution time: 3.842635806 seconds

############## OUTPUT START ##############

##############  OUTPUT END  ##############

########## CHANGE SUMMARY START ##########
No changes.
##########  CHANGE SUMMARY END  ##########

=====================================================================
74. assert(File[/var/lib/puppet/concat])
=====================================================================

Step result:    success
Execution time: 4.062624813 seconds

############## OUTPUT START ##############

##############  OUTPUT END  ##############

########## CHANGE SUMMARY START ##########
No changes.
##########  CHANGE SUMMARY END  ##########

=====================================================================
75. assert(Package[curl])
=====================================================================

Step result:    success
Execution time: 3.964803097 seconds

############## OUTPUT START ##############

##############  OUTPUT END  ##############

########## CHANGE SUMMARY START ##########
No changes.
##########  CHANGE SUMMARY END  ##########

=====================================================================
76. assert(Package[python])
=====================================================================

Step result:    success
Execution time: 3.952240199 seconds

############## OUTPUT START ##############

##############  OUTPUT END  ##############

########## CHANGE SUMMARY START ##########
No changes.
##########  CHANGE SUMMARY END  ##########

=====================================================================
77. assert(Package[supervisor])
=====================================================================

Step result:    success
Execution time: 3.060839539 seconds

############## OUTPUT START ##############

##############  OUTPUT END  ##############

########## CHANGE SUMMARY START ##########
No changes.
##########  CHANGE SUMMARY END  ##########

=====================================================================
78. exec(File[/var/lib/puppet/concat/_etc_supervisord.conf/fragments.concat])
=====================================================================

Step result:    success
Execution time: 1.156226282 seconds

############## OUTPUT START ##############
Notice: /Stage[main]/Supervisord::Config/Concat[/etc/supervisord.conf]/File[/var/lib/puppet/concat/_etc_supervisord.conf/fragments.concat]/ensure: created
Notice: /Stage[main]/Supervisord::Reload/Exec[supervisorctl_reread]/returns: error: <class 'socket.error'>, [Errno 111] Connection refused: file: /usr/lib/python2.7/socket.py line: 571
Error: /Stage[main]/Supervisord::Reload/Exec[supervisorctl_reread]: Failed to call refresh: /usr/local/bin/supervisorctl reread returned 2 instead of one of [0]
Error: /Stage[main]/Supervisord::Reload/Exec[supervisorctl_reread]: /usr/local/bin/supervisorctl reread returned 2 instead of one of [0]
Notice: /Stage[main]/Supervisord::Reload/Exec[supervisorctl_update]/returns: error: <class 'socket.error'>, [Errno 111] Connection refused: file: /usr/lib/python2.7/socket.py line: 571
Error: /Stage[main]/Supervisord::Reload/Exec[supervisorctl_update]: Failed to call refresh: /usr/local/bin/supervisorctl update returned 2 instead of one of [0]
Error: /Stage[main]/Supervisord::Reload/Exec[supervisorctl_update]: /usr/local/bin/supervisorctl update returned 2 instead of one of [0]
##############  OUTPUT END  ##############

=====================================================================
79. assert(Exec[install_pip])
=====================================================================

Step result:    success
Execution time: 5.802454675 seconds

############## OUTPUT START ##############

##############  OUTPUT END  ##############

########## CHANGE SUMMARY START ##########
No changes.
##########  CHANGE SUMMARY END  ##########

=====================================================================
80. assert(Exec[install_setuptools])
=====================================================================

Step result:    success
Execution time: 4.00973773 seconds

############## OUTPUT START ##############

##############  OUTPUT END  ##############

########## CHANGE SUMMARY START ##########
No changes.
##########  CHANGE SUMMARY END  ##########

=====================================================================
81. assert(File[/var/lib/puppet/concat/_etc_supervisord.conf/fragments.concat])
=====================================================================

Step result:    success
Execution time: 2.908861268 seconds

############## OUTPUT START ##############

##############  OUTPUT END  ##############

########## CHANGE SUMMARY START ##########
No changes.
##########  CHANGE SUMMARY END  ##########

=====================================================================
82. assert(File[/var/lib/puppet/concat/_etc_supervisord.conf/fragments/02_supervisord_main])
=====================================================================

Step result:    success
Execution time: 3.939223135 seconds

############## OUTPUT START ##############

##############  OUTPUT END  ##############

########## CHANGE SUMMARY START ##########
No changes.
##########  CHANGE SUMMARY END  ##########

=====================================================================
83. assert(File[/var/lib/puppet/concat/_etc_supervisord.conf/fragments])
=====================================================================

Step result:    success
Execution time: 3.07235243 seconds

############## OUTPUT START ##############

##############  OUTPUT END  ##############

########## CHANGE SUMMARY START ##########
No changes.
##########  CHANGE SUMMARY END  ##########

=====================================================================
84. assert(File[/var/lib/puppet/concat/_etc_supervisord.conf])
=====================================================================

Step result:    success
Execution time: 3.121659964 seconds

############## OUTPUT START ##############

##############  OUTPUT END  ##############

########## CHANGE SUMMARY START ##########
No changes.
##########  CHANGE SUMMARY END  ##########

=====================================================================
85. assert(File[/var/lib/puppet/concat/bin/concatfragments.rb])
=====================================================================

Step result:    success
Execution time: 3.948682803 seconds

############## OUTPUT START ##############

##############  OUTPUT END  ##############

########## CHANGE SUMMARY START ##########
No changes.
##########  CHANGE SUMMARY END  ##########

=====================================================================
86. assert(File[/var/lib/puppet/concat/bin])
=====================================================================

Step result:    success
Execution time: 3.974038339 seconds

############## OUTPUT START ##############

##############  OUTPUT END  ##############

########## CHANGE SUMMARY START ##########
No changes.
##########  CHANGE SUMMARY END  ##########

=====================================================================
87. assert(File[/var/lib/puppet/concat])
=====================================================================

Step result:    success
Execution time: 4.742417153 seconds

############## OUTPUT START ##############

##############  OUTPUT END  ##############

########## CHANGE SUMMARY START ##########
No changes.
##########  CHANGE SUMMARY END  ##########

=====================================================================
88. assert(Package[curl])
=====================================================================

Step result:    success
Execution time: 3.688541428 seconds

############## OUTPUT START ##############

##############  OUTPUT END  ##############

########## CHANGE SUMMARY START ##########
No changes.
##########  CHANGE SUMMARY END  ##########

=====================================================================
89. assert(Package[python])
=====================================================================

Step result:    success
Execution time: 4.081634067 seconds

############## OUTPUT START ##############

##############  OUTPUT END  ##############

########## CHANGE SUMMARY START ##########
No changes.
##########  CHANGE SUMMARY END  ##########

=====================================================================
90. assert(Package[supervisor])
=====================================================================

Step result:    success
Execution time: 3.028827571 seconds

############## OUTPUT START ##############

##############  OUTPUT END  ##############

########## CHANGE SUMMARY START ##########
No changes.
##########  CHANGE SUMMARY END  ##########

=====================================================================
91. exec(File[/var/lib/puppet/concat/_etc_supervisord.conf/fragments/01_supervisord_unix])
=====================================================================

Step result:    success
Execution time: 1.299294409 seconds

############## OUTPUT START ##############
Notice: /Stage[main]/Supervisord::Config/Concat::Fragment[supervisord_unix]/File[/var/lib/puppet/concat/_etc_supervisord.conf/fragments/01_supervisord_unix]/ensure: defined content as '{md5}2a371bf6742698a806a2ab9879d60540'
Notice: /Stage[main]/Supervisord::Config/Concat[/etc/supervisord.conf]/Exec[concat_/etc/supervisord.conf]: Triggered 'refresh' from 1 events
Notice: /Stage[main]/Supervisord::Reload/Exec[supervisorctl_reread]/returns: error: <class 'socket.error'>, [Errno 111] Connection refused: file: /usr/lib/python2.7/socket.py line: 571
Error: /Stage[main]/Supervisord::Reload/Exec[supervisorctl_reread]: Failed to call refresh: /usr/local/bin/supervisorctl reread returned 2 instead of one of [0]
Error: /Stage[main]/Supervisord::Reload/Exec[supervisorctl_reread]: /usr/local/bin/supervisorctl reread returned 2 instead of one of [0]
Notice: /Stage[main]/Supervisord::Reload/Exec[supervisorctl_update]/returns: error: <class 'socket.error'>, [Errno 111] Connection refused: file: /usr/lib/python2.7/socket.py line: 571
Error: /Stage[main]/Supervisord::Reload/Exec[supervisorctl_update]: Failed to call refresh: /usr/local/bin/supervisorctl update returned 2 instead of one of [0]
Error: /Stage[main]/Supervisord::Reload/Exec[supervisorctl_update]: /usr/local/bin/supervisorctl update returned 2 instead of one of [0]
##############  OUTPUT END  ##############

=====================================================================
92. assert(Exec[install_pip])
=====================================================================

Step result:    success
Execution time: 5.968283691 seconds

############## OUTPUT START ##############

##############  OUTPUT END  ##############

########## CHANGE SUMMARY START ##########
No changes.
##########  CHANGE SUMMARY END  ##########

=====================================================================
93. assert(Exec[install_setuptools])
=====================================================================

Step result:    success
Execution time: 3.682171106 seconds

############## OUTPUT START ##############

##############  OUTPUT END  ##############

########## CHANGE SUMMARY START ##########
No changes.
##########  CHANGE SUMMARY END  ##########

=====================================================================
94. assert(File[/var/lib/puppet/concat/_etc_supervisord.conf/fragments.concat])
=====================================================================

Step result:    success
Execution time: 2.89142217 seconds

############## OUTPUT START ##############

##############  OUTPUT END  ##############

########## CHANGE SUMMARY START ##########
No changes.
##########  CHANGE SUMMARY END  ##########

=====================================================================
95. assert(File[/var/lib/puppet/concat/_etc_supervisord.conf/fragments/01_supervisord_unix])
=====================================================================

Step result:    success
Execution time: 3.946749395 seconds

############## OUTPUT START ##############

##############  OUTPUT END  ##############

########## CHANGE SUMMARY START ##########
No changes.
##########  CHANGE SUMMARY END  ##########

=====================================================================
96. assert(File[/var/lib/puppet/concat/_etc_supervisord.conf/fragments/02_supervisord_main])
=====================================================================

Step result:    success
Execution time: 3.86338258 seconds

############## OUTPUT START ##############

##############  OUTPUT END  ##############

########## CHANGE SUMMARY START ##########
No changes.
##########  CHANGE SUMMARY END  ##########

=====================================================================
97. assert(File[/var/lib/puppet/concat/_etc_supervisord.conf/fragments])
=====================================================================

Step result:    success
Execution time: 2.81668687 seconds

############## OUTPUT START ##############

##############  OUTPUT END  ##############

########## CHANGE SUMMARY START ##########
No changes.
##########  CHANGE SUMMARY END  ##########

=====================================================================
98. assert(File[/var/lib/puppet/concat/_etc_supervisord.conf])
=====================================================================

Step result:    success
Execution time: 2.894164923 seconds

############## OUTPUT START ##############

##############  OUTPUT END  ##############

########## CHANGE SUMMARY START ##########
No changes.
##########  CHANGE SUMMARY END  ##########

=====================================================================
99. assert(File[/var/lib/puppet/concat/bin/concatfragments.rb])
=====================================================================

Step result:    success
Execution time: 3.488752222 seconds

############## OUTPUT START ##############

##############  OUTPUT END  ##############

########## CHANGE SUMMARY START ##########
No changes.
##########  CHANGE SUMMARY END  ##########

=====================================================================
100. assert(File[/var/lib/puppet/concat/bin])
=====================================================================

Step result:    success
Execution time: 3.5295459 seconds

############## OUTPUT START ##############

##############  OUTPUT END  ##############

########## CHANGE SUMMARY START ##########
No changes.
##########  CHANGE SUMMARY END  ##########

=====================================================================
101. assert(File[/var/lib/puppet/concat])
=====================================================================

Step result:    success
Execution time: 4.277610085 seconds

############## OUTPUT START ##############

##############  OUTPUT END  ##############

########## CHANGE SUMMARY START ##########
No changes.
##########  CHANGE SUMMARY END  ##########

=====================================================================
102. assert(Package[curl])
=====================================================================

Step result:    success
Execution time: 3.669616488 seconds

############## OUTPUT START ##############

##############  OUTPUT END  ##############

########## CHANGE SUMMARY START ##########
No changes.
##########  CHANGE SUMMARY END  ##########

=====================================================================
103. assert(Package[python])
=====================================================================

Step result:    success
Execution time: 3.923700797 seconds

############## OUTPUT START ##############

##############  OUTPUT END  ##############

########## CHANGE SUMMARY START ##########
No changes.
##########  CHANGE SUMMARY END  ##########

=====================================================================
104. assert(Package[supervisor])
=====================================================================

Step result:    success
Execution time: 2.891368589 seconds

############## OUTPUT START ##############

##############  OUTPUT END  ##############

########## CHANGE SUMMARY START ##########
No changes.
##########  CHANGE SUMMARY END  ##########

=====================================================================
105. exec(File[/var/lib/puppet/concat/_etc_supervisord.conf/fragments.concat.out])
=====================================================================

Step result:    success
Execution time: 0.848421764 seconds

############## OUTPUT START ##############

##############  OUTPUT END  ##############

=====================================================================
106. assert(Exec[install_pip])
=====================================================================

Step result:    success
Execution time: 6.007705831 seconds

############## OUTPUT START ##############

##############  OUTPUT END  ##############

########## CHANGE SUMMARY START ##########
No changes.
##########  CHANGE SUMMARY END  ##########

=====================================================================
107. assert(Exec[install_setuptools])
=====================================================================

Step result:    success
Execution time: 3.652397116 seconds

############## OUTPUT START ##############

##############  OUTPUT END  ##############

########## CHANGE SUMMARY START ##########
No changes.
##########  CHANGE SUMMARY END  ##########

=====================================================================
108. assert(File[/var/lib/puppet/concat/_etc_supervisord.conf/fragments.concat.out])
=====================================================================

Step result:    success
Execution time: 2.88187214 seconds

############## OUTPUT START ##############

##############  OUTPUT END  ##############

########## CHANGE SUMMARY START ##########
No changes.
##########  CHANGE SUMMARY END  ##########

=====================================================================
109. assert(File[/var/lib/puppet/concat/_etc_supervisord.conf/fragments.concat])
=====================================================================

Step result:    success
Execution time: 2.846213426 seconds

############## OUTPUT START ##############

##############  OUTPUT END  ##############

########## CHANGE SUMMARY START ##########
No changes.
##########  CHANGE SUMMARY END  ##########

=====================================================================
110. assert(File[/var/lib/puppet/concat/_etc_supervisord.conf/fragments/01_supervisord_unix])
=====================================================================

Step result:    success
Execution time: 4.074290787 seconds

############## OUTPUT START ##############

##############  OUTPUT END  ##############

########## CHANGE SUMMARY START ##########
No changes.
##########  CHANGE SUMMARY END  ##########

=====================================================================
111. assert(File[/var/lib/puppet/concat/_etc_supervisord.conf/fragments/02_supervisord_main])
=====================================================================

Step result:    success
Execution time: 4.011915718 seconds

############## OUTPUT START ##############

##############  OUTPUT END  ##############

########## CHANGE SUMMARY START ##########
No changes.
##########  CHANGE SUMMARY END  ##########

=====================================================================
112. assert(File[/var/lib/puppet/concat/_etc_supervisord.conf/fragments])
=====================================================================

Step result:    success
Execution time: 2.886050411 seconds

############## OUTPUT START ##############

##############  OUTPUT END  ##############

########## CHANGE SUMMARY START ##########
No changes.
##########  CHANGE SUMMARY END  ##########

=====================================================================
113. assert(File[/var/lib/puppet/concat/_etc_supervisord.conf])
=====================================================================

Step result:    success
Execution time: 3.143850658 seconds

############## OUTPUT START ##############

##############  OUTPUT END  ##############

########## CHANGE SUMMARY START ##########
No changes.
##########  CHANGE SUMMARY END  ##########

=====================================================================
114. assert(File[/var/lib/puppet/concat/bin/concatfragments.rb])
=====================================================================

Step result:    success
Execution time: 3.952400318 seconds

############## OUTPUT START ##############

##############  OUTPUT END  ##############

########## CHANGE SUMMARY START ##########
No changes.
##########  CHANGE SUMMARY END  ##########

=====================================================================
115. assert(File[/var/lib/puppet/concat/bin])
=====================================================================

Step result:    success
Execution time: 3.752036478 seconds

############## OUTPUT START ##############

##############  OUTPUT END  ##############

########## CHANGE SUMMARY START ##########
No changes.
##########  CHANGE SUMMARY END  ##########

=====================================================================
116. assert(File[/var/lib/puppet/concat])
=====================================================================

Step result:    success
Execution time: 3.845845402 seconds

############## OUTPUT START ##############

##############  OUTPUT END  ##############

########## CHANGE SUMMARY START ##########
No changes.
##########  CHANGE SUMMARY END  ##########

=====================================================================
117. assert(Package[curl])
=====================================================================

Step result:    success
Execution time: 3.853757112 seconds

############## OUTPUT START ##############

##############  OUTPUT END  ##############

########## CHANGE SUMMARY START ##########
No changes.
##########  CHANGE SUMMARY END  ##########

=====================================================================
118. assert(Package[python])
=====================================================================

Step result:    success
Execution time: 3.608615871 seconds

############## OUTPUT START ##############

##############  OUTPUT END  ##############

########## CHANGE SUMMARY START ##########
No changes.
##########  CHANGE SUMMARY END  ##########

=====================================================================
119. assert(Package[supervisor])
=====================================================================

Step result:    success
Execution time: 3.058275197 seconds

############## OUTPUT START ##############

##############  OUTPUT END  ##############

########## CHANGE SUMMARY START ##########
No changes.
##########  CHANGE SUMMARY END  ##########

=====================================================================
120. exec(Exec[concat_/etc/supervisord.conf])
=====================================================================

Step result:    success
Execution time: 0.933835651 seconds

############## OUTPUT START ##############

##############  OUTPUT END  ##############

=====================================================================
121. assert(Exec[concat_/etc/supervisord.conf])
=====================================================================

Step result:    success
Execution time: 5.949373687 seconds

############## OUTPUT START ##############

##############  OUTPUT END  ##############

########## CHANGE SUMMARY START ##########
No changes.
##########  CHANGE SUMMARY END  ##########

=====================================================================
122. assert(Exec[install_pip])
=====================================================================

Step result:    success
Execution time: 3.86989831 seconds

############## OUTPUT START ##############

##############  OUTPUT END  ##############

########## CHANGE SUMMARY START ##########
No changes.
##########  CHANGE SUMMARY END  ##########

=====================================================================
123. assert(Exec[install_setuptools])
=====================================================================

Step result:    success
Execution time: 4.32022264 seconds

############## OUTPUT START ##############

##############  OUTPUT END  ##############

########## CHANGE SUMMARY START ##########
No changes.
##########  CHANGE SUMMARY END  ##########

=====================================================================
124. assert(File[/var/lib/puppet/concat/_etc_supervisord.conf/fragments.concat.out])
=====================================================================

Step result:    success
Execution time: 3.063226325 seconds

############## OUTPUT START ##############

##############  OUTPUT END  ##############

########## CHANGE SUMMARY START ##########
No changes.
##########  CHANGE SUMMARY END  ##########

=====================================================================
125. assert(File[/var/lib/puppet/concat/_etc_supervisord.conf/fragments.concat])
=====================================================================

Step result:    success
Execution time: 2.993908487 seconds

############## OUTPUT START ##############

##############  OUTPUT END  ##############

########## CHANGE SUMMARY START ##########
No changes.
##########  CHANGE SUMMARY END  ##########

=====================================================================
126. assert(File[/var/lib/puppet/concat/_etc_supervisord.conf/fragments/01_supervisord_unix])
=====================================================================

Step result:    success
Execution time: 3.712961664 seconds

############## OUTPUT START ##############

##############  OUTPUT END  ##############

########## CHANGE SUMMARY START ##########
No changes.
##########  CHANGE SUMMARY END  ##########

=====================================================================
127. assert(File[/var/lib/puppet/concat/_etc_supervisord.conf/fragments/02_supervisord_main])
=====================================================================

Step result:    success
Execution time: 3.996808559 seconds

############## OUTPUT START ##############

##############  OUTPUT END  ##############

########## CHANGE SUMMARY START ##########
No changes.
##########  CHANGE SUMMARY END  ##########

=====================================================================
128. assert(File[/var/lib/puppet/concat/_etc_supervisord.conf/fragments])
=====================================================================

Step result:    success
Execution time: 2.835122305 seconds

############## OUTPUT START ##############

##############  OUTPUT END  ##############

########## CHANGE SUMMARY START ##########
No changes.
##########  CHANGE SUMMARY END  ##########

=====================================================================
129. assert(File[/var/lib/puppet/concat/_etc_supervisord.conf])
=====================================================================

Step result:    success
Execution time: 2.615994575 seconds

############## OUTPUT START ##############

##############  OUTPUT END  ##############

########## CHANGE SUMMARY START ##########
No changes.
##########  CHANGE SUMMARY END  ##########

=====================================================================
130. assert(File[/var/lib/puppet/concat/bin/concatfragments.rb])
=====================================================================

Step result:    success
Execution time: 4.054006636 seconds

############## OUTPUT START ##############

##############  OUTPUT END  ##############

########## CHANGE SUMMARY START ##########
No changes.
##########  CHANGE SUMMARY END  ##########

=====================================================================
131. assert(File[/var/lib/puppet/concat/bin])
=====================================================================

Step result:    success
Execution time: 3.93815405 seconds

############## OUTPUT START ##############

##############  OUTPUT END  ##############

########## CHANGE SUMMARY START ##########
No changes.
##########  CHANGE SUMMARY END  ##########

=====================================================================
132. assert(File[/var/lib/puppet/concat])
=====================================================================

Step result:    success
Execution time: 3.800087503 seconds

############## OUTPUT START ##############

##############  OUTPUT END  ##############

########## CHANGE SUMMARY START ##########
No changes.
##########  CHANGE SUMMARY END  ##########

=====================================================================
133. assert(Package[curl])
=====================================================================

Step result:    success
Execution time: 3.798352603 seconds

############## OUTPUT START ##############

##############  OUTPUT END  ##############

########## CHANGE SUMMARY START ##########
No changes.
##########  CHANGE SUMMARY END  ##########

=====================================================================
134. assert(Package[python])
=====================================================================

Step result:    success
Execution time: 3.947075906 seconds

############## OUTPUT START ##############

##############  OUTPUT END  ##############

########## CHANGE SUMMARY START ##########
No changes.
##########  CHANGE SUMMARY END  ##########

=====================================================================
135. assert(Package[supervisor])
=====================================================================

Step result:    success
Execution time: 3.198419678 seconds

############## OUTPUT START ##############

##############  OUTPUT END  ##############

########## CHANGE SUMMARY START ##########
No changes.
##########  CHANGE SUMMARY END  ##########

=====================================================================
136. exec(File[/etc/supervisord.conf])
=====================================================================

Step result:    success
Execution time: 1.100877026 seconds

############## OUTPUT START ##############
Notice: /Stage[main]/Supervisord::Config/Concat[/etc/supervisord.conf]/File[/etc/supervisord.conf]/ensure: defined content as '{md5}2712bb67930fa94c5ab40515280dbe33'
Notice: /Stage[main]/Supervisord::Reload/Exec[supervisorctl_reread]/returns: error: <class 'socket.error'>, [Errno 2] No such file or directory: file: /usr/lib/python2.7/socket.py line: 224
Error: /Stage[main]/Supervisord::Reload/Exec[supervisorctl_reread]: Failed to call refresh: /usr/local/bin/supervisorctl reread returned 2 instead of one of [0]
Error: /Stage[main]/Supervisord::Reload/Exec[supervisorctl_reread]: /usr/local/bin/supervisorctl reread returned 2 instead of one of [0]
Notice: /Stage[main]/Supervisord::Reload/Exec[supervisorctl_update]/returns: error: <class 'socket.error'>, [Errno 2] No such file or directory: file: /usr/lib/python2.7/socket.py line: 224
Error: /Stage[main]/Supervisord::Reload/Exec[supervisorctl_update]: Failed to call refresh: /usr/local/bin/supervisorctl update returned 2 instead of one of [0]
Error: /Stage[main]/Supervisord::Reload/Exec[supervisorctl_update]: /usr/local/bin/supervisorctl update returned 2 instead of one of [0]
##############  OUTPUT END  ##############

=====================================================================
137. assert(Exec[concat_/etc/supervisord.conf])
=====================================================================

Step result:    success
Execution time: 5.882255209 seconds

############## OUTPUT START ##############

##############  OUTPUT END  ##############

########## CHANGE SUMMARY START ##########
No changes.
##########  CHANGE SUMMARY END  ##########

=====================================================================
138. assert(Exec[install_pip])
=====================================================================

Step result:    success
Execution time: 3.464469886 seconds

############## OUTPUT START ##############

##############  OUTPUT END  ##############

########## CHANGE SUMMARY START ##########
No changes.
##########  CHANGE SUMMARY END  ##########

=====================================================================
139. assert(Exec[install_setuptools])
=====================================================================

Step result:    success
Execution time: 3.550630518 seconds

############## OUTPUT START ##############

##############  OUTPUT END  ##############

########## CHANGE SUMMARY START ##########
No changes.
##########  CHANGE SUMMARY END  ##########

=====================================================================
140. assert(File[/etc/supervisord.conf])
=====================================================================

Step result:    success
Execution time: 4.087367169 seconds

############## OUTPUT START ##############

##############  OUTPUT END  ##############

########## CHANGE SUMMARY START ##########
No changes.
##########  CHANGE SUMMARY END  ##########

=====================================================================
141. assert(File[/var/lib/puppet/concat/_etc_supervisord.conf/fragments.concat.out])
=====================================================================

Step result:    success
Execution time: 2.983943424 seconds

############## OUTPUT START ##############

##############  OUTPUT END  ##############

########## CHANGE SUMMARY START ##########
No changes.
##########  CHANGE SUMMARY END  ##########

=====================================================================
142. assert(File[/var/lib/puppet/concat/_etc_supervisord.conf/fragments.concat])
=====================================================================

Step result:    success
Execution time: 2.823976674 seconds

############## OUTPUT START ##############

##############  OUTPUT END  ##############

########## CHANGE SUMMARY START ##########
No changes.
##########  CHANGE SUMMARY END  ##########

=====================================================================
143. assert(File[/var/lib/puppet/concat/_etc_supervisord.conf/fragments/01_supervisord_unix])
=====================================================================

Step result:    success
Execution time: 3.823920936 seconds

############## OUTPUT START ##############

##############  OUTPUT END  ##############

########## CHANGE SUMMARY START ##########
No changes.
##########  CHANGE SUMMARY END  ##########

=====================================================================
144. assert(File[/var/lib/puppet/concat/_etc_supervisord.conf/fragments/02_supervisord_main])
=====================================================================

Step result:    success
Execution time: 3.879435428 seconds

############## OUTPUT START ##############

##############  OUTPUT END  ##############

########## CHANGE SUMMARY START ##########
No changes.
##########  CHANGE SUMMARY END  ##########

=====================================================================
145. assert(File[/var/lib/puppet/concat/_etc_supervisord.conf/fragments])
=====================================================================

Step result:    success
Execution time: 3.013453585 seconds

############## OUTPUT START ##############

##############  OUTPUT END  ##############

########## CHANGE SUMMARY START ##########
No changes.
##########  CHANGE SUMMARY END  ##########

=====================================================================
146. assert(File[/var/lib/puppet/concat/_etc_supervisord.conf])
=====================================================================

Step result:    success
Execution time: 2.685013008 seconds

############## OUTPUT START ##############

##############  OUTPUT END  ##############

########## CHANGE SUMMARY START ##########
No changes.
##########  CHANGE SUMMARY END  ##########

=====================================================================
147. assert(File[/var/lib/puppet/concat/bin/concatfragments.rb])
=====================================================================

Step result:    success
Execution time: 3.983031537 seconds

############## OUTPUT START ##############

##############  OUTPUT END  ##############

########## CHANGE SUMMARY START ##########
No changes.
##########  CHANGE SUMMARY END  ##########

=====================================================================
148. assert(File[/var/lib/puppet/concat/bin])
=====================================================================

Step result:    success
Execution time: 3.968306959 seconds

############## OUTPUT START ##############

##############  OUTPUT END  ##############

########## CHANGE SUMMARY START ##########
No changes.
##########  CHANGE SUMMARY END  ##########

=====================================================================
149. assert(File[/var/lib/puppet/concat])
=====================================================================

Step result:    success
Execution time: 3.941850179 seconds

############## OUTPUT START ##############

##############  OUTPUT END  ##############

########## CHANGE SUMMARY START ##########
No changes.
##########  CHANGE SUMMARY END  ##########

=====================================================================
150. assert(Package[curl])
=====================================================================

Step result:    success
Execution time: 3.165294966 seconds

############## OUTPUT START ##############

##############  OUTPUT END  ##############

########## CHANGE SUMMARY START ##########
No changes.
##########  CHANGE SUMMARY END  ##########

=====================================================================
151. assert(Package[python])
=====================================================================

Step result:    success
Execution time: 4.191516646 seconds

############## OUTPUT START ##############

##############  OUTPUT END  ##############

########## CHANGE SUMMARY START ##########
No changes.
##########  CHANGE SUMMARY END  ##########

=====================================================================
152. assert(Package[supervisor])
=====================================================================

Step result:    success
Execution time: 2.923051516 seconds

############## OUTPUT START ##############

##############  OUTPUT END  ##############

########## CHANGE SUMMARY START ##########
No changes.
##########  CHANGE SUMMARY END  ##########

=====================================================================
153. exec(File[/etc/default/supervisor])
=====================================================================

Step result:    success
Execution time: 1.092323058 seconds

############## OUTPUT START ##############
Notice: /Stage[main]/Supervisord::Config/File[/etc/default/supervisor]/ensure: created
Error: /Stage[main]/Supervisord::Service/Service[supervisord]: Failed to call refresh: Could not find init script for 'supervisord'
Error: /Stage[main]/Supervisord::Service/Service[supervisord]: Could not find init script for 'supervisord'
Notice: /Stage[main]/Supervisord::Reload/Exec[supervisorctl_reread]/returns: error: <class 'socket.error'>, [Errno 2] No such file or directory: file: /usr/lib/python2.7/socket.py line: 224
Error: /Stage[main]/Supervisord::Reload/Exec[supervisorctl_reread]: Failed to call refresh: /usr/local/bin/supervisorctl reread returned 2 instead of one of [0]
Error: /Stage[main]/Supervisord::Reload/Exec[supervisorctl_reread]: /usr/local/bin/supervisorctl reread returned 2 instead of one of [0]
Notice: /Stage[main]/Supervisord::Reload/Exec[supervisorctl_update]/returns: error: <class 'socket.error'>, [Errno 2] No such file or directory: file: /usr/lib/python2.7/socket.py line: 224
Error: /Stage[main]/Supervisord::Reload/Exec[supervisorctl_update]: Failed to call refresh: /usr/local/bin/supervisorctl update returned 2 instead of one of [0]
Error: /Stage[main]/Supervisord::Reload/Exec[supervisorctl_update]: /usr/local/bin/supervisorctl update returned 2 instead of one of [0]
##############  OUTPUT END  ##############

=====================================================================
154. assert(Exec[concat_/etc/supervisord.conf])
=====================================================================

Step result:    success
Execution time: 5.761409539 seconds

############## OUTPUT START ##############

##############  OUTPUT END  ##############

########## CHANGE SUMMARY START ##########
No changes.
##########  CHANGE SUMMARY END  ##########

=====================================================================
155. assert(Exec[install_pip])
=====================================================================

Step result:    success
Execution time: 3.891162605 seconds

############## OUTPUT START ##############

##############  OUTPUT END  ##############

########## CHANGE SUMMARY START ##########
No changes.
##########  CHANGE SUMMARY END  ##########

=====================================================================
156. assert(Exec[install_setuptools])
=====================================================================

Step result:    success
Execution time: 4.077563913 seconds

############## OUTPUT START ##############

##############  OUTPUT END  ##############

########## CHANGE SUMMARY START ##########
No changes.
##########  CHANGE SUMMARY END  ##########

=====================================================================
157. assert(File[/etc/default/supervisor])
=====================================================================

Step result:    success
Execution time: 4.019779466 seconds

############## OUTPUT START ##############

##############  OUTPUT END  ##############

########## CHANGE SUMMARY START ##########
No changes.
##########  CHANGE SUMMARY END  ##########

=====================================================================
158. assert(File[/etc/supervisord.conf])
=====================================================================

Step result:    success
Execution time: 3.937783253 seconds

############## OUTPUT START ##############

##############  OUTPUT END  ##############

########## CHANGE SUMMARY START ##########
No changes.
##########  CHANGE SUMMARY END  ##########

=====================================================================
159. assert(File[/var/lib/puppet/concat/_etc_supervisord.conf/fragments.concat.out])
=====================================================================

Step result:    success
Execution time: 3.044461386 seconds

############## OUTPUT START ##############

##############  OUTPUT END  ##############

########## CHANGE SUMMARY START ##########
No changes.
##########  CHANGE SUMMARY END  ##########

=====================================================================
160. assert(File[/var/lib/puppet/concat/_etc_supervisord.conf/fragments.concat])
=====================================================================

Step result:    success
Execution time: 3.088922137 seconds

############## OUTPUT START ##############

##############  OUTPUT END  ##############

########## CHANGE SUMMARY START ##########
No changes.
##########  CHANGE SUMMARY END  ##########

=====================================================================
161. assert(File[/var/lib/puppet/concat/_etc_supervisord.conf/fragments/01_supervisord_unix])
=====================================================================

Step result:    success
Execution time: 4.018440625 seconds

############## OUTPUT START ##############

##############  OUTPUT END  ##############

########## CHANGE SUMMARY START ##########
No changes.
##########  CHANGE SUMMARY END  ##########

=====================================================================
162. assert(File[/var/lib/puppet/concat/_etc_supervisord.conf/fragments/02_supervisord_main])
=====================================================================

Step result:    success
Execution time: 4.317561841 seconds

############## OUTPUT START ##############

##############  OUTPUT END  ##############

########## CHANGE SUMMARY START ##########
No changes.
##########  CHANGE SUMMARY END  ##########

=====================================================================
163. assert(File[/var/lib/puppet/concat/_etc_supervisord.conf/fragments])
=====================================================================

Step result:    success
Execution time: 3.094017353 seconds

############## OUTPUT START ##############

##############  OUTPUT END  ##############

########## CHANGE SUMMARY START ##########
No changes.
##########  CHANGE SUMMARY END  ##########

=====================================================================
164. assert(File[/var/lib/puppet/concat/_etc_supervisord.conf])
=====================================================================

Step result:    success
Execution time: 2.830693598 seconds

############## OUTPUT START ##############

##############  OUTPUT END  ##############

########## CHANGE SUMMARY START ##########
No changes.
##########  CHANGE SUMMARY END  ##########

=====================================================================
165. assert(File[/var/lib/puppet/concat/bin/concatfragments.rb])
=====================================================================

Step result:    success
Execution time: 4.005503837 seconds

############## OUTPUT START ##############

##############  OUTPUT END  ##############

########## CHANGE SUMMARY START ##########
No changes.
##########  CHANGE SUMMARY END  ##########

=====================================================================
166. assert(File[/var/lib/puppet/concat/bin])
=====================================================================

Step result:    success
Execution time: 3.578201881 seconds

############## OUTPUT START ##############

##############  OUTPUT END  ##############

########## CHANGE SUMMARY START ##########
No changes.
##########  CHANGE SUMMARY END  ##########

=====================================================================
167. assert(File[/var/lib/puppet/concat])
=====================================================================

Step result:    success
Execution time: 3.534476895 seconds

############## OUTPUT START ##############

##############  OUTPUT END  ##############

########## CHANGE SUMMARY START ##########
No changes.
##########  CHANGE SUMMARY END  ##########

=====================================================================
168. assert(Package[curl])
=====================================================================

Step result:    success
Execution time: 3.959602588 seconds

############## OUTPUT START ##############

##############  OUTPUT END  ##############

########## CHANGE SUMMARY START ##########
No changes.
##########  CHANGE SUMMARY END  ##########

=====================================================================
169. assert(Package[python])
=====================================================================

Step result:    success
Execution time: 3.986736861 seconds

############## OUTPUT START ##############

##############  OUTPUT END  ##############

########## CHANGE SUMMARY START ##########
No changes.
##########  CHANGE SUMMARY END  ##########

=====================================================================
170. assert(Package[supervisor])
=====================================================================

Step result:    success
Execution time: 3.214685586 seconds

############## OUTPUT START ##############

##############  OUTPUT END  ##############

########## CHANGE SUMMARY START ##########
No changes.
##########  CHANGE SUMMARY END  ##########

=====================================================================
171. exec(File[/etc/init.d/supervisord])
=====================================================================

Step result:    success
Execution time: 1.109797391 seconds

############## OUTPUT START ##############
Notice: /Stage[main]/Supervisord::Config/File[/etc/init.d/supervisord]/ensure: created
Notice: /Stage[main]/Supervisord::Service/Service[supervisord]: Triggered 'refresh' from 1 events
Notice: /Stage[main]/Supervisord::Reload/Exec[supervisorctl_reread]/returns: error: <class 'socket.error'>, [Errno 2] No such file or directory: file: /usr/lib/python2.7/socket.py line: 224
Error: /Stage[main]/Supervisord::Reload/Exec[supervisorctl_reread]: Failed to call refresh: /usr/local/bin/supervisorctl reread returned 2 instead of one of [0]
Error: /Stage[main]/Supervisord::Reload/Exec[supervisorctl_reread]: /usr/local/bin/supervisorctl reread returned 2 instead of one of [0]
Notice: /Stage[main]/Supervisord::Reload/Exec[supervisorctl_update]/returns: error: <class 'socket.error'>, [Errno 2] No such file or directory: file: /usr/lib/python2.7/socket.py line: 224
Error: /Stage[main]/Supervisord::Reload/Exec[supervisorctl_update]: Failed to call refresh: /usr/local/bin/supervisorctl update returned 2 instead of one of [0]
Error: /Stage[main]/Supervisord::Reload/Exec[supervisorctl_update]: /usr/local/bin/supervisorctl update returned 2 instead of one of [0]
##############  OUTPUT END  ##############

=====================================================================
172. assert(Exec[concat_/etc/supervisord.conf])
=====================================================================

Step result:    success
Execution time: 5.749438761 seconds

############## OUTPUT START ##############

##############  OUTPUT END  ##############

########## CHANGE SUMMARY START ##########
No changes.
##########  CHANGE SUMMARY END  ##########

=====================================================================
173. assert(Exec[install_pip])
=====================================================================

Step result:    success
Execution time: 3.998929675 seconds

############## OUTPUT START ##############

##############  OUTPUT END  ##############

########## CHANGE SUMMARY START ##########
No changes.
##########  CHANGE SUMMARY END  ##########

=====================================================================
174. assert(Exec[install_setuptools])
=====================================================================

Step result:    success
Execution time: 3.98165305 seconds

############## OUTPUT START ##############

##############  OUTPUT END  ##############

########## CHANGE SUMMARY START ##########
No changes.
##########  CHANGE SUMMARY END  ##########

=====================================================================
175. assert(File[/etc/default/supervisor])
=====================================================================

Step result:    success
Execution time: 3.897398751 seconds

############## OUTPUT START ##############

##############  OUTPUT END  ##############

########## CHANGE SUMMARY START ##########
No changes.
##########  CHANGE SUMMARY END  ##########

=====================================================================
176. assert(File[/etc/init.d/supervisord])
=====================================================================

Step result:    success
Execution time: 3.991661685 seconds

############## OUTPUT START ##############

##############  OUTPUT END  ##############

########## CHANGE SUMMARY START ##########
No changes.
##########  CHANGE SUMMARY END  ##########

=====================================================================
177. assert(File[/etc/supervisord.conf])
=====================================================================

Step result:    success
Execution time: 3.841479917 seconds

############## OUTPUT START ##############

##############  OUTPUT END  ##############

########## CHANGE SUMMARY START ##########
No changes.
##########  CHANGE SUMMARY END  ##########

=====================================================================
178. assert(File[/var/lib/puppet/concat/_etc_supervisord.conf/fragments.concat.out])
=====================================================================

Step result:    success
Execution time: 3.033510001 seconds

############## OUTPUT START ##############

##############  OUTPUT END  ##############

########## CHANGE SUMMARY START ##########
No changes.
##########  CHANGE SUMMARY END  ##########

=====================================================================
179. assert(File[/var/lib/puppet/concat/_etc_supervisord.conf/fragments.concat])
=====================================================================

Step result:    success
Execution time: 2.819178293 seconds

############## OUTPUT START ##############

##############  OUTPUT END  ##############

########## CHANGE SUMMARY START ##########
No changes.
##########  CHANGE SUMMARY END  ##########

=====================================================================
180. assert(File[/var/lib/puppet/concat/_etc_supervisord.conf/fragments/01_supervisord_unix])
=====================================================================

Step result:    success
Execution time: 3.905478383 seconds

############## OUTPUT START ##############

##############  OUTPUT END  ##############

########## CHANGE SUMMARY START ##########
No changes.
##########  CHANGE SUMMARY END  ##########

=====================================================================
181. assert(File[/var/lib/puppet/concat/_etc_supervisord.conf/fragments/02_supervisord_main])
=====================================================================

Step result:    success
Execution time: 4.005640184 seconds

############## OUTPUT START ##############

##############  OUTPUT END  ##############

########## CHANGE SUMMARY START ##########
No changes.
##########  CHANGE SUMMARY END  ##########

=====================================================================
182. assert(File[/var/lib/puppet/concat/_etc_supervisord.conf/fragments])
=====================================================================

Step result:    success
Execution time: 3.077084895 seconds

############## OUTPUT START ##############

##############  OUTPUT END  ##############

########## CHANGE SUMMARY START ##########
No changes.
##########  CHANGE SUMMARY END  ##########

=====================================================================
183. assert(File[/var/lib/puppet/concat/_etc_supervisord.conf])
=====================================================================

Step result:    success
Execution time: 2.849392956 seconds

############## OUTPUT START ##############

##############  OUTPUT END  ##############

########## CHANGE SUMMARY START ##########
No changes.
##########  CHANGE SUMMARY END  ##########

=====================================================================
184. assert(File[/var/lib/puppet/concat/bin/concatfragments.rb])
=====================================================================

Step result:    success
Execution time: 3.644178709 seconds

############## OUTPUT START ##############

##############  OUTPUT END  ##############

########## CHANGE SUMMARY START ##########
No changes.
##########  CHANGE SUMMARY END  ##########

=====================================================================
185. assert(File[/var/lib/puppet/concat/bin])
=====================================================================

Step result:    success
Execution time: 3.904684887 seconds

############## OUTPUT START ##############

##############  OUTPUT END  ##############

########## CHANGE SUMMARY START ##########
No changes.
##########  CHANGE SUMMARY END  ##########

=====================================================================
186. assert(File[/var/lib/puppet/concat])
=====================================================================

Step result:    success
Execution time: 3.714399027 seconds

############## OUTPUT START ##############

##############  OUTPUT END  ##############

########## CHANGE SUMMARY START ##########
No changes.
##########  CHANGE SUMMARY END  ##########

=====================================================================
187. assert(Package[curl])
=====================================================================

Step result:    success
Execution time: 3.539981152 seconds

############## OUTPUT START ##############

##############  OUTPUT END  ##############

########## CHANGE SUMMARY START ##########
No changes.
##########  CHANGE SUMMARY END  ##########

=====================================================================
188. assert(Package[python])
=====================================================================

Step result:    success
Execution time: 4.028933448 seconds

############## OUTPUT START ##############

##############  OUTPUT END  ##############

########## CHANGE SUMMARY START ##########
No changes.
##########  CHANGE SUMMARY END  ##########

=====================================================================
189. assert(Package[supervisor])
=====================================================================

Step result:    success
Execution time: 3.201002121 seconds

############## OUTPUT START ##############

##############  OUTPUT END  ##############

########## CHANGE SUMMARY START ##########
No changes.
##########  CHANGE SUMMARY END  ##########

=====================================================================
190. exec(File[/etc/supervisor.d])
=====================================================================

Step result:    success
Execution time: 1.012601509 seconds

############## OUTPUT START ##############
Notice: /Stage[main]/Supervisord::Config/File[/etc/supervisor.d]/ensure: created
Notice: /Stage[main]/Supervisord::Reload/Exec[supervisorctl_reread]/returns: error: <class 'socket.error'>, [Errno 2] No such file or directory: file: /usr/lib/python2.7/socket.py line: 224
Error: /Stage[main]/Supervisord::Reload/Exec[supervisorctl_reread]: Failed to call refresh: /usr/local/bin/supervisorctl reread returned 2 instead of one of [0]
Error: /Stage[main]/Supervisord::Reload/Exec[supervisorctl_reread]: /usr/local/bin/supervisorctl reread returned 2 instead of one of [0]
Notice: /Stage[main]/Supervisord::Reload/Exec[supervisorctl_update]/returns: error: <class 'socket.error'>, [Errno 2] No such file or directory: file: /usr/lib/python2.7/socket.py line: 224
Error: /Stage[main]/Supervisord::Reload/Exec[supervisorctl_update]: Failed to call refresh: /usr/local/bin/supervisorctl update returned 2 instead of one of [0]
Error: /Stage[main]/Supervisord::Reload/Exec[supervisorctl_update]: /usr/local/bin/supervisorctl update returned 2 instead of one of [0]
##############  OUTPUT END  ##############

=====================================================================
191. assert(Exec[concat_/etc/supervisord.conf])
=====================================================================

Step result:    success
Execution time: 6.090464798 seconds

############## OUTPUT START ##############

##############  OUTPUT END  ##############

########## CHANGE SUMMARY START ##########
No changes.
##########  CHANGE SUMMARY END  ##########

=====================================================================
192. assert(Exec[install_pip])
=====================================================================

Step result:    success
Execution time: 3.782629105 seconds

############## OUTPUT START ##############

##############  OUTPUT END  ##############

########## CHANGE SUMMARY START ##########
No changes.
##########  CHANGE SUMMARY END  ##########

=====================================================================
193. assert(Exec[install_setuptools])
=====================================================================

Step result:    success
Execution time: 3.426691036 seconds

############## OUTPUT START ##############

##############  OUTPUT END  ##############

########## CHANGE SUMMARY START ##########
No changes.
##########  CHANGE SUMMARY END  ##########

=====================================================================
194. assert(File[/etc/default/supervisor])
=====================================================================

Step result:    success
Execution time: 3.702025233 seconds

############## OUTPUT START ##############

##############  OUTPUT END  ##############

########## CHANGE SUMMARY START ##########
No changes.
##########  CHANGE SUMMARY END  ##########

=====================================================================
195. assert(File[/etc/init.d/supervisord])
=====================================================================

Step result:    success
Execution time: 3.934403302 seconds

############## OUTPUT START ##############

##############  OUTPUT END  ##############

########## CHANGE SUMMARY START ##########
No changes.
##########  CHANGE SUMMARY END  ##########

=====================================================================
196. assert(File[/etc/supervisor.d])
=====================================================================

Step result:    success
Execution time: 3.858544068 seconds

############## OUTPUT START ##############

##############  OUTPUT END  ##############

########## CHANGE SUMMARY START ##########
No changes.
##########  CHANGE SUMMARY END  ##########

=====================================================================
197. assert(File[/etc/supervisord.conf])
=====================================================================

Step result:    success
Execution time: 3.688307234 seconds

############## OUTPUT START ##############

##############  OUTPUT END  ##############

########## CHANGE SUMMARY START ##########
No changes.
##########  CHANGE SUMMARY END  ##########

=====================================================================
198. assert(File[/var/lib/puppet/concat/_etc_supervisord.conf/fragments.concat.out])
=====================================================================

Step result:    success
Execution time: 3.112760091 seconds

############## OUTPUT START ##############

##############  OUTPUT END  ##############

########## CHANGE SUMMARY START ##########
No changes.
##########  CHANGE SUMMARY END  ##########

=====================================================================
199. assert(File[/var/lib/puppet/concat/_etc_supervisord.conf/fragments.concat])
=====================================================================

Step result:    success
Execution time: 2.905258974 seconds

############## OUTPUT START ##############

##############  OUTPUT END  ##############

########## CHANGE SUMMARY START ##########
No changes.
##########  CHANGE SUMMARY END  ##########

=====================================================================
200. assert(File[/var/lib/puppet/concat/_etc_supervisord.conf/fragments/01_supervisord_unix])
=====================================================================

Step result:    success
Execution time: 3.945713267 seconds

############## OUTPUT START ##############

##############  OUTPUT END  ##############

########## CHANGE SUMMARY START ##########
No changes.
##########  CHANGE SUMMARY END  ##########

=====================================================================
201. assert(File[/var/lib/puppet/concat/_etc_supervisord.conf/fragments/02_supervisord_main])
=====================================================================

Step result:    success
Execution time: 3.930098809 seconds

############## OUTPUT START ##############

##############  OUTPUT END  ##############

########## CHANGE SUMMARY START ##########
No changes.
##########  CHANGE SUMMARY END  ##########

=====================================================================
202. assert(File[/var/lib/puppet/concat/_etc_supervisord.conf/fragments])
=====================================================================

Step result:    success
Execution time: 3.052257337 seconds

############## OUTPUT START ##############

##############  OUTPUT END  ##############

########## CHANGE SUMMARY START ##########
No changes.
##########  CHANGE SUMMARY END  ##########

=====================================================================
203. assert(File[/var/lib/puppet/concat/_etc_supervisord.conf])
=====================================================================

Step result:    success
Execution time: 3.123337302 seconds

############## OUTPUT START ##############

##############  OUTPUT END  ##############

########## CHANGE SUMMARY START ##########
No changes.
##########  CHANGE SUMMARY END  ##########

=====================================================================
204. assert(File[/var/lib/puppet/concat/bin/concatfragments.rb])
=====================================================================

Step result:    success
Execution time: 3.865687062 seconds

############## OUTPUT START ##############

##############  OUTPUT END  ##############

########## CHANGE SUMMARY START ##########
No changes.
##########  CHANGE SUMMARY END  ##########

=====================================================================
205. assert(File[/var/lib/puppet/concat/bin])
=====================================================================

Step result:    success
Execution time: 3.49690531 seconds

############## OUTPUT START ##############

##############  OUTPUT END  ##############

########## CHANGE SUMMARY START ##########
No changes.
##########  CHANGE SUMMARY END  ##########

=====================================================================
206. assert(File[/var/lib/puppet/concat])
=====================================================================

Step result:    success
Execution time: 3.48082799 seconds

############## OUTPUT START ##############

##############  OUTPUT END  ##############

########## CHANGE SUMMARY START ##########
No changes.
##########  CHANGE SUMMARY END  ##########

=====================================================================
207. assert(Package[curl])
=====================================================================

Step result:    success
Execution time: 3.691895727 seconds

############## OUTPUT START ##############

##############  OUTPUT END  ##############

########## CHANGE SUMMARY START ##########
No changes.
##########  CHANGE SUMMARY END  ##########

=====================================================================
208. assert(Package[python])
=====================================================================

Step result:    success
Execution time: 3.603653446 seconds

############## OUTPUT START ##############

##############  OUTPUT END  ##############

########## CHANGE SUMMARY START ##########
No changes.
##########  CHANGE SUMMARY END  ##########

=====================================================================
209. assert(Package[supervisor])
=====================================================================

Step result:    success
Execution time: 2.9890722 seconds

############## OUTPUT START ##############

##############  OUTPUT END  ##############

########## CHANGE SUMMARY START ##########
No changes.
##########  CHANGE SUMMARY END  ##########

=====================================================================
210. exec(File[/var/log/supervisor])
=====================================================================

Step result:    success
Execution time: 1.077174112 seconds

############## OUTPUT START ##############
Notice: /Stage[main]/Supervisord::Config/File[/var/log/supervisor]/ensure: created
Notice: /Stage[main]/Supervisord::Reload/Exec[supervisorctl_reread]/returns: error: <class 'socket.error'>, [Errno 2] No such file or directory: file: /usr/lib/python2.7/socket.py line: 224
Error: /Stage[main]/Supervisord::Reload/Exec[supervisorctl_reread]: Failed to call refresh: /usr/local/bin/supervisorctl reread returned 2 instead of one of [0]
Error: /Stage[main]/Supervisord::Reload/Exec[supervisorctl_reread]: /usr/local/bin/supervisorctl reread returned 2 instead of one of [0]
Notice: /Stage[main]/Supervisord::Reload/Exec[supervisorctl_update]/returns: error: <class 'socket.error'>, [Errno 2] No such file or directory: file: /usr/lib/python2.7/socket.py line: 224
Error: /Stage[main]/Supervisord::Reload/Exec[supervisorctl_update]: Failed to call refresh: /usr/local/bin/supervisorctl update returned 2 instead of one of [0]
Error: /Stage[main]/Supervisord::Reload/Exec[supervisorctl_update]: /usr/local/bin/supervisorctl update returned 2 instead of one of [0]
##############  OUTPUT END  ##############

=====================================================================
211. assert(Exec[concat_/etc/supervisord.conf])
=====================================================================

Step result:    success
Execution time: 5.788654329 seconds

############## OUTPUT START ##############

##############  OUTPUT END  ##############

########## CHANGE SUMMARY START ##########
No changes.
##########  CHANGE SUMMARY END  ##########

=====================================================================
212. assert(Exec[install_pip])
=====================================================================

Step result:    success
Execution time: 4.046479352 seconds

############## OUTPUT START ##############

##############  OUTPUT END  ##############

########## CHANGE SUMMARY START ##########
No changes.
##########  CHANGE SUMMARY END  ##########

=====================================================================
213. assert(Exec[install_setuptools])
=====================================================================

Step result:    success
Execution time: 3.826140104 seconds

############## OUTPUT START ##############

##############  OUTPUT END  ##############

########## CHANGE SUMMARY START ##########
No changes.
##########  CHANGE SUMMARY END  ##########

=====================================================================
214. assert(File[/etc/default/supervisor])
=====================================================================

Step result:    success
Execution time: 3.904906956 seconds

############## OUTPUT START ##############

##############  OUTPUT END  ##############

########## CHANGE SUMMARY START ##########
No changes.
##########  CHANGE SUMMARY END  ##########

=====================================================================
215. assert(File[/etc/init.d/supervisord])
=====================================================================

Step result:    success
Execution time: 3.711709399 seconds

############## OUTPUT START ##############

##############  OUTPUT END  ##############

########## CHANGE SUMMARY START ##########
No changes.
##########  CHANGE SUMMARY END  ##########

=====================================================================
216. assert(File[/etc/supervisor.d])
=====================================================================

Step result:    success
Execution time: 3.963486821 seconds

############## OUTPUT START ##############

##############  OUTPUT END  ##############

########## CHANGE SUMMARY START ##########
No changes.
##########  CHANGE SUMMARY END  ##########

=====================================================================
217. assert(File[/etc/supervisord.conf])
=====================================================================

Step result:    success
Execution time: 3.963084577 seconds

############## OUTPUT START ##############

##############  OUTPUT END  ##############

########## CHANGE SUMMARY START ##########
No changes.
##########  CHANGE SUMMARY END  ##########

=====================================================================
218. assert(File[/var/lib/puppet/concat/_etc_supervisord.conf/fragments.concat.out])
=====================================================================

Step result:    success
Execution time: 3.107766665 seconds

############## OUTPUT START ##############

##############  OUTPUT END  ##############

########## CHANGE SUMMARY START ##########
No changes.
##########  CHANGE SUMMARY END  ##########

=====================================================================
219. assert(File[/var/lib/puppet/concat/_etc_supervisord.conf/fragments.concat])
=====================================================================

Step result:    success
Execution time: 2.954328437 seconds

############## OUTPUT START ##############

##############  OUTPUT END  ##############

########## CHANGE SUMMARY START ##########
No changes.
##########  CHANGE SUMMARY END  ##########

=====================================================================
220. assert(File[/var/lib/puppet/concat/_etc_supervisord.conf/fragments/01_supervisord_unix])
=====================================================================

Step result:    success
Execution time: 3.932526171 seconds

############## OUTPUT START ##############

##############  OUTPUT END  ##############

########## CHANGE SUMMARY START ##########
No changes.
##########  CHANGE SUMMARY END  ##########

=====================================================================
221. assert(File[/var/lib/puppet/concat/_etc_supervisord.conf/fragments/02_supervisord_main])
=====================================================================

Step result:    success
Execution time: 4.020993914 seconds

############## OUTPUT START ##############

##############  OUTPUT END  ##############

########## CHANGE SUMMARY START ##########
No changes.
##########  CHANGE SUMMARY END  ##########

=====================================================================
222. assert(File[/var/lib/puppet/concat/_etc_supervisord.conf/fragments])
=====================================================================

Step result:    success
Execution time: 2.965936513 seconds

############## OUTPUT START ##############

##############  OUTPUT END  ##############

########## CHANGE SUMMARY START ##########
No changes.
##########  CHANGE SUMMARY END  ##########

=====================================================================
223. assert(File[/var/lib/puppet/concat/_etc_supervisord.conf])
=====================================================================

Step result:    success
Execution time: 3.131941272 seconds

############## OUTPUT START ##############

##############  OUTPUT END  ##############

########## CHANGE SUMMARY START ##########
No changes.
##########  CHANGE SUMMARY END  ##########

=====================================================================
224. assert(File[/var/lib/puppet/concat/bin/concatfragments.rb])
=====================================================================

Step result:    success
Execution time: 3.627145239 seconds

############## OUTPUT START ##############

##############  OUTPUT END  ##############

########## CHANGE SUMMARY START ##########
No changes.
##########  CHANGE SUMMARY END  ##########

=====================================================================
225. assert(File[/var/lib/puppet/concat/bin])
=====================================================================

Step result:    success
Execution time: 3.707654983 seconds

############## OUTPUT START ##############

##############  OUTPUT END  ##############

########## CHANGE SUMMARY START ##########
No changes.
##########  CHANGE SUMMARY END  ##########

=====================================================================
226. assert(File[/var/lib/puppet/concat])
=====================================================================

Step result:    success
Execution time: 3.478394215 seconds

############## OUTPUT START ##############

##############  OUTPUT END  ##############

########## CHANGE SUMMARY START ##########
No changes.
##########  CHANGE SUMMARY END  ##########

=====================================================================
227. assert(File[/var/log/supervisor])
=====================================================================

Step result:    success
Execution time: 3.860170967 seconds

############## OUTPUT START ##############

##############  OUTPUT END  ##############

########## CHANGE SUMMARY START ##########
No changes.
##########  CHANGE SUMMARY END  ##########

=====================================================================
228. assert(Package[curl])
=====================================================================

Step result:    success
Execution time: 3.519468701 seconds

############## OUTPUT START ##############

##############  OUTPUT END  ##############

########## CHANGE SUMMARY START ##########
No changes.
##########  CHANGE SUMMARY END  ##########

=====================================================================
229. assert(Package[python])
=====================================================================

Step result:    success
Execution time: 3.88392203 seconds

############## OUTPUT START ##############

##############  OUTPUT END  ##############

########## CHANGE SUMMARY START ##########
No changes.
##########  CHANGE SUMMARY END  ##########

=====================================================================
230. assert(Package[supervisor])
=====================================================================

Step result:    success
Execution time: 3.02384795 seconds

############## OUTPUT START ##############

##############  OUTPUT END  ##############

########## CHANGE SUMMARY START ##########
No changes.
##########  CHANGE SUMMARY END  ##########

=====================================================================
231. exec(Service[supervisord])
=====================================================================

Step result:    success
Execution time: 2.16808174 seconds

############## OUTPUT START ##############
Notice: /Stage[main]/Supervisord::Service/Service[supervisord]/ensure: ensure changed 'stopped' to 'running'
##############  OUTPUT END  ##############

=====================================================================
232. assert(Exec[concat_/etc/supervisord.conf])
=====================================================================

Step result:    success
Execution time: 6.130673553 seconds

############## OUTPUT START ##############

##############  OUTPUT END  ##############

########## CHANGE SUMMARY START ##########
No changes.
##########  CHANGE SUMMARY END  ##########

=====================================================================
233. assert(Exec[install_pip])
=====================================================================

Step result:    success
Execution time: 3.882640187 seconds

############## OUTPUT START ##############

##############  OUTPUT END  ##############

########## CHANGE SUMMARY START ##########
No changes.
##########  CHANGE SUMMARY END  ##########

=====================================================================
234. assert(Exec[install_setuptools])
=====================================================================

Step result:    success
Execution time: 3.634449276 seconds

############## OUTPUT START ##############

##############  OUTPUT END  ##############

########## CHANGE SUMMARY START ##########
No changes.
##########  CHANGE SUMMARY END  ##########

=====================================================================
235. assert(File[/etc/default/supervisor])
=====================================================================

Step result:    success
Execution time: 4.142654307 seconds

############## OUTPUT START ##############

##############  OUTPUT END  ##############

########## CHANGE SUMMARY START ##########
No changes.
##########  CHANGE SUMMARY END  ##########

=====================================================================
236. assert(File[/etc/init.d/supervisord])
=====================================================================

Step result:    success
Execution time: 3.788363347 seconds

############## OUTPUT START ##############

##############  OUTPUT END  ##############

########## CHANGE SUMMARY START ##########
No changes.
##########  CHANGE SUMMARY END  ##########

=====================================================================
237. assert(File[/etc/supervisor.d])
=====================================================================

Step result:    success
Execution time: 4.061359033 seconds

############## OUTPUT START ##############

##############  OUTPUT END  ##############

########## CHANGE SUMMARY START ##########
No changes.
##########  CHANGE SUMMARY END  ##########

=====================================================================
238. assert(File[/etc/supervisord.conf])
=====================================================================

Step result:    success
Execution time: 3.960421332 seconds

############## OUTPUT START ##############

##############  OUTPUT END  ##############

########## CHANGE SUMMARY START ##########
No changes.
##########  CHANGE SUMMARY END  ##########

=====================================================================
239. assert(File[/var/lib/puppet/concat/_etc_supervisord.conf/fragments.concat.out])
=====================================================================

Step result:    success
Execution time: 3.085303892 seconds

############## OUTPUT START ##############

##############  OUTPUT END  ##############

########## CHANGE SUMMARY START ##########
No changes.
##########  CHANGE SUMMARY END  ##########

=====================================================================
240. assert(File[/var/lib/puppet/concat/_etc_supervisord.conf/fragments.concat])
=====================================================================

Step result:    success
Execution time: 2.893665442 seconds

############## OUTPUT START ##############

##############  OUTPUT END  ##############

########## CHANGE SUMMARY START ##########
No changes.
##########  CHANGE SUMMARY END  ##########

=====================================================================
241. assert(File[/var/lib/puppet/concat/_etc_supervisord.conf/fragments/01_supervisord_unix])
=====================================================================

Step result:    success
Execution time: 3.943543907 seconds

############## OUTPUT START ##############

##############  OUTPUT END  ##############

########## CHANGE SUMMARY START ##########
No changes.
##########  CHANGE SUMMARY END  ##########

=====================================================================
242. assert(File[/var/lib/puppet/concat/_etc_supervisord.conf/fragments/02_supervisord_main])
=====================================================================

Step result:    success
Execution time: 3.990031355 seconds

############## OUTPUT START ##############

##############  OUTPUT END  ##############

########## CHANGE SUMMARY START ##########
No changes.
##########  CHANGE SUMMARY END  ##########

=====================================================================
243. assert(File[/var/lib/puppet/concat/_etc_supervisord.conf/fragments])
=====================================================================

Step result:    success
Execution time: 3.174869984 seconds

############## OUTPUT START ##############

##############  OUTPUT END  ##############

########## CHANGE SUMMARY START ##########
No changes.
##########  CHANGE SUMMARY END  ##########

=====================================================================
244. assert(File[/var/lib/puppet/concat/_etc_supervisord.conf])
=====================================================================

Step result:    success
Execution time: 2.917671984 seconds

############## OUTPUT START ##############

##############  OUTPUT END  ##############

########## CHANGE SUMMARY START ##########
No changes.
##########  CHANGE SUMMARY END  ##########

=====================================================================
245. assert(File[/var/lib/puppet/concat/bin/concatfragments.rb])
=====================================================================

Step result:    success
Execution time: 4.264361659 seconds

############## OUTPUT START ##############

##############  OUTPUT END  ##############

########## CHANGE SUMMARY START ##########
No changes.
##########  CHANGE SUMMARY END  ##########

=====================================================================
246. assert(File[/var/lib/puppet/concat/bin])
=====================================================================

Step result:    success
Execution time: 4.161091063 seconds

############## OUTPUT START ##############

##############  OUTPUT END  ##############

########## CHANGE SUMMARY START ##########
No changes.
##########  CHANGE SUMMARY END  ##########

=====================================================================
247. assert(File[/var/lib/puppet/concat])
=====================================================================

Step result:    success
Execution time: 3.92957986 seconds

############## OUTPUT START ##############

##############  OUTPUT END  ##############

########## CHANGE SUMMARY START ##########
No changes.
##########  CHANGE SUMMARY END  ##########

=====================================================================
248. assert(File[/var/log/supervisor])
=====================================================================

Step result:    success
Execution time: 3.684280242 seconds

############## OUTPUT START ##############

##############  OUTPUT END  ##############

########## CHANGE SUMMARY START ##########
No changes.
##########  CHANGE SUMMARY END  ##########

=====================================================================
249. assert(Package[curl])
=====================================================================

Step result:    success
Execution time: 3.578355662 seconds

############## OUTPUT START ##############

##############  OUTPUT END  ##############

########## CHANGE SUMMARY START ##########
No changes.
##########  CHANGE SUMMARY END  ##########

=====================================================================
250. assert(Package[python])
=====================================================================

Step result:    success
Execution time: 3.953262959 seconds

############## OUTPUT START ##############

##############  OUTPUT END  ##############

########## CHANGE SUMMARY START ##########
No changes.
##########  CHANGE SUMMARY END  ##########

=====================================================================
251. assert(Package[supervisor])
=====================================================================

Step result:    success
Execution time: 2.923617374 seconds

############## OUTPUT START ##############

##############  OUTPUT END  ##############

########## CHANGE SUMMARY START ##########
No changes.
##########  CHANGE SUMMARY END  ##########

=====================================================================
252. assert(Service[supervisord])
=====================================================================

Step result:    success
Execution time: 4.696413681 seconds

############## OUTPUT START ##############
Notice: /Stage[main]/Supervisord::Service/Service[supervisord]/enable: enable changed 'false' to 'true'
##############  OUTPUT END  ##############

########## CHANGE SUMMARY START ##########
No changes.
##########  CHANGE SUMMARY END  ##########

=====================================================================
253. exec(Exec[supervisorctl_reread])
=====================================================================

Step result:    success
Execution time: 0.839655538 seconds

############## OUTPUT START ##############

##############  OUTPUT END  ##############

=====================================================================
254. assert(Exec[concat_/etc/supervisord.conf])
=====================================================================

Step result:    success
Execution time: 6.458355674 seconds

############## OUTPUT START ##############

##############  OUTPUT END  ##############

########## CHANGE SUMMARY START ##########
No changes.
##########  CHANGE SUMMARY END  ##########

=====================================================================
255. assert(Exec[install_pip])
=====================================================================

Step result:    success
Execution time: 3.620934709 seconds

############## OUTPUT START ##############

##############  OUTPUT END  ##############

########## CHANGE SUMMARY START ##########
No changes.
##########  CHANGE SUMMARY END  ##########

=====================================================================
256. assert(Exec[install_setuptools])
=====================================================================

Step result:    success
Execution time: 3.909771889 seconds

############## OUTPUT START ##############

##############  OUTPUT END  ##############

########## CHANGE SUMMARY START ##########
No changes.
##########  CHANGE SUMMARY END  ##########

=====================================================================
257. assert(Exec[supervisorctl_reread])
=====================================================================

Step result:    success
Execution time: 2.961289353 seconds

############## OUTPUT START ##############

##############  OUTPUT END  ##############

########## CHANGE SUMMARY START ##########
No changes.
##########  CHANGE SUMMARY END  ##########

=====================================================================
258. assert(File[/etc/default/supervisor])
=====================================================================

Step result:    success
Execution time: 4.329908019 seconds

############## OUTPUT START ##############

##############  OUTPUT END  ##############

########## CHANGE SUMMARY START ##########
No changes.
##########  CHANGE SUMMARY END  ##########

=====================================================================
259. assert(File[/etc/init.d/supervisord])
=====================================================================

Step result:    success
Execution time: 3.689386064 seconds

############## OUTPUT START ##############

##############  OUTPUT END  ##############

########## CHANGE SUMMARY START ##########
No changes.
##########  CHANGE SUMMARY END  ##########

=====================================================================
260. assert(File[/etc/supervisor.d])
=====================================================================

Step result:    success
Execution time: 4.025880214 seconds

############## OUTPUT START ##############

##############  OUTPUT END  ##############

########## CHANGE SUMMARY START ##########
No changes.
##########  CHANGE SUMMARY END  ##########

=====================================================================
261. assert(File[/etc/supervisord.conf])
=====================================================================

Step result:    success
Execution time: 3.884316157 seconds

############## OUTPUT START ##############

##############  OUTPUT END  ##############

########## CHANGE SUMMARY START ##########
No changes.
##########  CHANGE SUMMARY END  ##########

=====================================================================
262. assert(File[/var/lib/puppet/concat/_etc_supervisord.conf/fragments.concat.out])
=====================================================================

Step result:    success
Execution time: 3.487114687 seconds

############## OUTPUT START ##############

##############  OUTPUT END  ##############

########## CHANGE SUMMARY START ##########
No changes.
##########  CHANGE SUMMARY END  ##########

=====================================================================
263. assert(File[/var/lib/puppet/concat/_etc_supervisord.conf/fragments.concat])
=====================================================================

Step result:    success
Execution time: 2.988932384 seconds

############## OUTPUT START ##############

##############  OUTPUT END  ##############

########## CHANGE SUMMARY START ##########
No changes.
##########  CHANGE SUMMARY END  ##########

=====================================================================
264. assert(File[/var/lib/puppet/concat/_etc_supervisord.conf/fragments/01_supervisord_unix])
=====================================================================

Step result:    success
Execution time: 4.028903854 seconds

############## OUTPUT START ##############

##############  OUTPUT END  ##############

########## CHANGE SUMMARY START ##########
No changes.
##########  CHANGE SUMMARY END  ##########

=====================================================================
265. assert(File[/var/lib/puppet/concat/_etc_supervisord.conf/fragments/02_supervisord_main])
=====================================================================

Step result:    success
Execution time: 3.936911339 seconds

############## OUTPUT START ##############

##############  OUTPUT END  ##############

########## CHANGE SUMMARY START ##########
No changes.
##########  CHANGE SUMMARY END  ##########

=====================================================================
266. assert(File[/var/lib/puppet/concat/_etc_supervisord.conf/fragments])
=====================================================================

Step result:    success
Execution time: 3.055865905 seconds

############## OUTPUT START ##############

##############  OUTPUT END  ##############

########## CHANGE SUMMARY START ##########
No changes.
##########  CHANGE SUMMARY END  ##########

=====================================================================
267. assert(File[/var/lib/puppet/concat/_etc_supervisord.conf])
=====================================================================

Step result:    success
Execution time: 3.000822955 seconds

############## OUTPUT START ##############

##############  OUTPUT END  ##############

########## CHANGE SUMMARY START ##########
No changes.
##########  CHANGE SUMMARY END  ##########

=====================================================================
268. assert(File[/var/lib/puppet/concat/bin/concatfragments.rb])
=====================================================================

Step result:    success
Execution time: 3.948352994 seconds

############## OUTPUT START ##############

##############  OUTPUT END  ##############

########## CHANGE SUMMARY START ##########
No changes.
##########  CHANGE SUMMARY END  ##########

=====================================================================
269. assert(File[/var/lib/puppet/concat/bin])
=====================================================================

Step result:    success
Execution time: 3.671621781 seconds

############## OUTPUT START ##############

##############  OUTPUT END  ##############

########## CHANGE SUMMARY START ##########
No changes.
##########  CHANGE SUMMARY END  ##########

=====================================================================
270. assert(File[/var/lib/puppet/concat])
=====================================================================

Step result:    success
Execution time: 3.864060522 seconds

############## OUTPUT START ##############

##############  OUTPUT END  ##############

########## CHANGE SUMMARY START ##########
No changes.
##########  CHANGE SUMMARY END  ##########

=====================================================================
271. assert(File[/var/log/supervisor])
=====================================================================

Step result:    success
Execution time: 3.816519124 seconds

############## OUTPUT START ##############

##############  OUTPUT END  ##############

########## CHANGE SUMMARY START ##########
No changes.
##########  CHANGE SUMMARY END  ##########

=====================================================================
272. assert(Package[curl])
=====================================================================

Step result:    success
Execution time: 3.793067341 seconds

############## OUTPUT START ##############

##############  OUTPUT END  ##############

########## CHANGE SUMMARY START ##########
No changes.
##########  CHANGE SUMMARY END  ##########

=====================================================================
273. assert(Package[python])
=====================================================================

Step result:    success
Execution time: 3.709531602 seconds

############## OUTPUT START ##############

##############  OUTPUT END  ##############

########## CHANGE SUMMARY START ##########
No changes.
##########  CHANGE SUMMARY END  ##########

=====================================================================
274. assert(Package[supervisor])
=====================================================================

Step result:    success
Execution time: 2.819794865 seconds

############## OUTPUT START ##############

##############  OUTPUT END  ##############

########## CHANGE SUMMARY START ##########
No changes.
##########  CHANGE SUMMARY END  ##########

=====================================================================
275. assert(Service[supervisord])
=====================================================================

Step result:    success
Execution time: 4.627135551 seconds

############## OUTPUT START ##############
Notice: /Stage[main]/Supervisord::Service/Service[supervisord]/enable: enable changed 'false' to 'true'
##############  OUTPUT END  ##############

########## CHANGE SUMMARY START ##########
No changes.
##########  CHANGE SUMMARY END  ##########

=====================================================================
276. exec(Exec[supervisorctl_update])
=====================================================================

Step result:    success
Execution time: 0.829810061 seconds

############## OUTPUT START ##############

##############  OUTPUT END  ##############

=====================================================================
277. assert(Exec[concat_/etc/supervisord.conf])
=====================================================================

Step result:    success
Execution time: 5.925784388 seconds

############## OUTPUT START ##############

##############  OUTPUT END  ##############

########## CHANGE SUMMARY START ##########
No changes.
##########  CHANGE SUMMARY END  ##########

=====================================================================
278. assert(Exec[install_pip])
=====================================================================

Step result:    success
Execution time: 3.661331473 seconds

############## OUTPUT START ##############

##############  OUTPUT END  ##############

########## CHANGE SUMMARY START ##########
No changes.
##########  CHANGE SUMMARY END  ##########

=====================================================================
279. assert(Exec[install_setuptools])
=====================================================================

Step result:    success
Execution time: 4.146662339 seconds

############## OUTPUT START ##############

##############  OUTPUT END  ##############

########## CHANGE SUMMARY START ##########
No changes.
##########  CHANGE SUMMARY END  ##########

=====================================================================
280. assert(Exec[supervisorctl_reread])
=====================================================================

Step result:    success
Execution time: 3.076647986 seconds

############## OUTPUT START ##############

##############  OUTPUT END  ##############

########## CHANGE SUMMARY START ##########
No changes.
##########  CHANGE SUMMARY END  ##########

=====================================================================
281. assert(Exec[supervisorctl_update])
=====================================================================

Step result:    success
Execution time: 3.059341128 seconds

############## OUTPUT START ##############

##############  OUTPUT END  ##############

########## CHANGE SUMMARY START ##########
No changes.
##########  CHANGE SUMMARY END  ##########

=====================================================================
282. assert(File[/etc/default/supervisor])
=====================================================================

Step result:    success
Execution time: 4.154800482 seconds

############## OUTPUT START ##############

##############  OUTPUT END  ##############

########## CHANGE SUMMARY START ##########
No changes.
##########  CHANGE SUMMARY END  ##########

=====================================================================
283. assert(File[/etc/init.d/supervisord])
=====================================================================

Step result:    success
Execution time: 3.844507276 seconds

############## OUTPUT START ##############

##############  OUTPUT END  ##############

########## CHANGE SUMMARY START ##########
No changes.
##########  CHANGE SUMMARY END  ##########

=====================================================================
284. assert(File[/etc/supervisor.d])
=====================================================================

Step result:    success
Execution time: 3.83793998 seconds

############## OUTPUT START ##############

##############  OUTPUT END  ##############

########## CHANGE SUMMARY START ##########
No changes.
##########  CHANGE SUMMARY END  ##########

=====================================================================
285. assert(File[/etc/supervisord.conf])
=====================================================================

Step result:    success
Execution time: 3.686370881 seconds

############## OUTPUT START ##############

##############  OUTPUT END  ##############

########## CHANGE SUMMARY START ##########
No changes.
##########  CHANGE SUMMARY END  ##########

=====================================================================
286. assert(File[/var/lib/puppet/concat/_etc_supervisord.conf/fragments.concat.out])
=====================================================================

Step result:    success
Execution time: 3.519186855 seconds

############## OUTPUT START ##############

##############  OUTPUT END  ##############

########## CHANGE SUMMARY START ##########
No changes.
##########  CHANGE SUMMARY END  ##########

=====================================================================
287. assert(File[/var/lib/puppet/concat/_etc_supervisord.conf/fragments.concat])
=====================================================================

Step result:    success
Execution time: 3.082517754 seconds

############## OUTPUT START ##############

##############  OUTPUT END  ##############

########## CHANGE SUMMARY START ##########
No changes.
##########  CHANGE SUMMARY END  ##########

=====================================================================
288. assert(File[/var/lib/puppet/concat/_etc_supervisord.conf/fragments/01_supervisord_unix])
=====================================================================

Step result:    success
Execution time: 4.174898879 seconds

############## OUTPUT START ##############

##############  OUTPUT END  ##############

########## CHANGE SUMMARY START ##########
No changes.
##########  CHANGE SUMMARY END  ##########

=====================================================================
289. assert(File[/var/lib/puppet/concat/_etc_supervisord.conf/fragments/02_supervisord_main])
=====================================================================

Step result:    success
Execution time: 4.046015684 seconds

############## OUTPUT START ##############

##############  OUTPUT END  ##############

########## CHANGE SUMMARY START ##########
No changes.
##########  CHANGE SUMMARY END  ##########

=====================================================================
290. assert(File[/var/lib/puppet/concat/_etc_supervisord.conf/fragments])
=====================================================================

Step result:    success
Execution time: 3.065148478 seconds

############## OUTPUT START ##############

##############  OUTPUT END  ##############

########## CHANGE SUMMARY START ##########
No changes.
##########  CHANGE SUMMARY END  ##########

=====================================================================
291. assert(File[/var/lib/puppet/concat/_etc_supervisord.conf])
=====================================================================

Step result:    success
Execution time: 3.108312994 seconds

############## OUTPUT START ##############

##############  OUTPUT END  ##############

########## CHANGE SUMMARY START ##########
No changes.
##########  CHANGE SUMMARY END  ##########

=====================================================================
292. assert(File[/var/lib/puppet/concat/bin/concatfragments.rb])
=====================================================================

Step result:    success
Execution time: 3.86398968 seconds

############## OUTPUT START ##############

##############  OUTPUT END  ##############

########## CHANGE SUMMARY START ##########
No changes.
##########  CHANGE SUMMARY END  ##########

=====================================================================
293. assert(File[/var/lib/puppet/concat/bin])
=====================================================================

Step result:    success
Execution time: 4.255687159 seconds

############## OUTPUT START ##############

##############  OUTPUT END  ##############

########## CHANGE SUMMARY START ##########
No changes.
##########  CHANGE SUMMARY END  ##########

=====================================================================
294. assert(File[/var/lib/puppet/concat])
=====================================================================

Step result:    success
Execution time: 3.989849495 seconds

############## OUTPUT START ##############

##############  OUTPUT END  ##############

########## CHANGE SUMMARY START ##########
No changes.
##########  CHANGE SUMMARY END  ##########

=====================================================================
295. assert(File[/var/log/supervisor])
=====================================================================

Step result:    success
Execution time: 3.990637527 seconds

############## OUTPUT START ##############

##############  OUTPUT END  ##############

########## CHANGE SUMMARY START ##########
No changes.
##########  CHANGE SUMMARY END  ##########

=====================================================================
296. assert(Package[curl])
=====================================================================

Step result:    success
Execution time: 3.997023035 seconds

############## OUTPUT START ##############

##############  OUTPUT END  ##############

########## CHANGE SUMMARY START ##########
No changes.
##########  CHANGE SUMMARY END  ##########

=====================================================================
297. assert(Package[python])
=====================================================================

Step result:    success
Execution time: 3.983838443 seconds

############## OUTPUT START ##############

##############  OUTPUT END  ##############

########## CHANGE SUMMARY START ##########
No changes.
##########  CHANGE SUMMARY END  ##########

=====================================================================
298. assert(Package[supervisor])
=====================================================================

Step result:    success
Execution time: 2.870776785 seconds

############## OUTPUT START ##############

##############  OUTPUT END  ##############

########## CHANGE SUMMARY START ##########
No changes.
##########  CHANGE SUMMARY END  ##########

=====================================================================
299. assert(Service[supervisord])
=====================================================================

Step result:    success
Execution time: 4.726472364 seconds

############## OUTPUT START ##############
Notice: /Stage[main]/Supervisord::Service/Service[supervisord]/enable: enable changed 'false' to 'true'
##############  OUTPUT END  ##############

########## CHANGE SUMMARY START ##########
No changes.
##########  CHANGE SUMMARY END  ##########

