=====================================================================
Test Case Result - Overview
=====================================================================

Test Case: Test Case 73
Result:    SUCCESS

Steps:
  1. (success) exec(Package[python])
  2. (success) exec(File[/var/lib/puppet/concat])
  3. (success) exec(Package[curl])
  4. (success) exec(Exec[install_setuptools])
  5. (success) exec(Exec[install_pip])
  6. (success) exec(Package[supervisor])
  7. (success) exec(File[/etc/supervisor.d])
  8. (success) assert(Exec[install_pip])
  9. (success) assert(Exec[install_setuptools])
  10. (success) assert(File[/etc/supervisor.d])
  11. (success) assert(File[/var/lib/puppet/concat])
  12. (success) assert(Package[curl])
  13. (success) assert(Package[python])
  14. (success) assert(Package[supervisor])
  15. (success) exec(File[/var/lib/puppet/concat/bin])
  16. (success) assert(Exec[install_pip])
  17. (success) assert(Exec[install_setuptools])
  18. (success) assert(File[/etc/supervisor.d])
  19. (success) assert(File[/var/lib/puppet/concat/bin])
  20. (success) assert(File[/var/lib/puppet/concat])
  21. (success) assert(Package[curl])
  22. (success) assert(Package[python])
  23. (success) assert(Package[supervisor])
  24. (success) exec(File[/var/lib/puppet/concat/bin/concatfragments.rb])
  25. (success) assert(Exec[install_pip])
  26. (success) assert(Exec[install_setuptools])
  27. (success) assert(File[/etc/supervisor.d])
  28. (success) assert(File[/var/lib/puppet/concat/bin/concatfragments.rb])
  29. (success) assert(File[/var/lib/puppet/concat/bin])
  30. (success) assert(File[/var/lib/puppet/concat])
  31. (success) assert(Package[curl])
  32. (success) assert(Package[python])
  33. (success) assert(Package[supervisor])

=====================================================================
1. exec(Package[python])
=====================================================================

Step result:    success
Execution time: 0.172423945 seconds

############## OUTPUT START ##############

##############  OUTPUT END  ##############

=====================================================================
2. exec(File[/var/lib/puppet/concat])
=====================================================================

Step result:    success
Execution time: 0.18230168 seconds

############## OUTPUT START ##############
Notice: /Stage[main]/Concat::Setup/File[/var/lib/puppet/concat]/ensure: created
##############  OUTPUT END  ##############

=====================================================================
3. exec(Package[curl])
=====================================================================

Step result:    success
Execution time: 0.182359057 seconds

############## OUTPUT START ##############

##############  OUTPUT END  ##############

=====================================================================
4. exec(Exec[install_setuptools])
=====================================================================

Step result:    success
Execution time: 3.68914323 seconds

############## OUTPUT START ##############
Notice: /Stage[main]/Supervisord::Pip/Exec[install_setuptools]/returns: executed successfully
##############  OUTPUT END  ##############

=====================================================================
5. exec(Exec[install_pip])
=====================================================================

Step result:    success
Execution time: 5.616570432 seconds

############## OUTPUT START ##############
Notice: /Stage[main]/Supervisord::Pip/Exec[install_pip]/returns: executed successfully
##############  OUTPUT END  ##############

=====================================================================
6. exec(Package[supervisor])
=====================================================================

Step result:    success
Execution time: 4.004847749 seconds

############## OUTPUT START ##############
Notice: /Stage[main]/Supervisord::Install/Package[supervisor]/ensure: created
##############  OUTPUT END  ##############

=====================================================================
7. exec(File[/etc/supervisor.d])
=====================================================================

Step result:    success
Execution time: 1.245093839 seconds

############## OUTPUT START ##############
Notice: /Stage[main]/Supervisord::Config/File[/etc/supervisor.d]/ensure: created
Notice: /Stage[main]/Supervisord::Reload/Exec[supervisorctl_reread]/returns: error: <class 'socket.error'>, [Errno 111] Connection refused: file: /usr/lib/python2.7/socket.py line: 571
Error: /Stage[main]/Supervisord::Reload/Exec[supervisorctl_reread]: Failed to call refresh: /usr/local/bin/supervisorctl reread returned 2 instead of one of [0]
Error: /Stage[main]/Supervisord::Reload/Exec[supervisorctl_reread]: /usr/local/bin/supervisorctl reread returned 2 instead of one of [0]
Notice: /Stage[main]/Supervisord::Reload/Exec[supervisorctl_update]/returns: error: <class 'socket.error'>, [Errno 111] Connection refused: file: /usr/lib/python2.7/socket.py line: 571
Error: /Stage[main]/Supervisord::Reload/Exec[supervisorctl_update]: Failed to call refresh: /usr/local/bin/supervisorctl update returned 2 instead of one of [0]
Error: /Stage[main]/Supervisord::Reload/Exec[supervisorctl_update]: /usr/local/bin/supervisorctl update returned 2 instead of one of [0]
##############  OUTPUT END  ##############

=====================================================================
8. assert(Exec[install_pip])
=====================================================================

Step result:    success
Execution time: 8.48868475 seconds

############## OUTPUT START ##############

##############  OUTPUT END  ##############

########## CHANGE SUMMARY START ##########
No changes.
##########  CHANGE SUMMARY END  ##########

=====================================================================
9. assert(Exec[install_setuptools])
=====================================================================

Step result:    success
Execution time: 3.948967003 seconds

############## OUTPUT START ##############

##############  OUTPUT END  ##############

########## CHANGE SUMMARY START ##########
No changes.
##########  CHANGE SUMMARY END  ##########

=====================================================================
10. assert(File[/etc/supervisor.d])
=====================================================================

Step result:    success
Execution time: 4.579836246 seconds

############## OUTPUT START ##############

##############  OUTPUT END  ##############

########## CHANGE SUMMARY START ##########
No changes.
##########  CHANGE SUMMARY END  ##########

=====================================================================
11. assert(File[/var/lib/puppet/concat])
=====================================================================

Step result:    success
Execution time: 5.046279057 seconds

############## OUTPUT START ##############

##############  OUTPUT END  ##############

########## CHANGE SUMMARY START ##########
No changes.
##########  CHANGE SUMMARY END  ##########

=====================================================================
12. assert(Package[curl])
=====================================================================

Step result:    success
Execution time: 4.920936337 seconds

############## OUTPUT START ##############

##############  OUTPUT END  ##############

########## CHANGE SUMMARY START ##########
No changes.
##########  CHANGE SUMMARY END  ##########

=====================================================================
13. assert(Package[python])
=====================================================================

Step result:    success
Execution time: 4.926311429 seconds

############## OUTPUT START ##############

##############  OUTPUT END  ##############

########## CHANGE SUMMARY START ##########
No changes.
##########  CHANGE SUMMARY END  ##########

=====================================================================
14. assert(Package[supervisor])
=====================================================================

Step result:    success
Execution time: 4.070171369 seconds

############## OUTPUT START ##############

##############  OUTPUT END  ##############

########## CHANGE SUMMARY START ##########
No changes.
##########  CHANGE SUMMARY END  ##########

=====================================================================
15. exec(File[/var/lib/puppet/concat/bin])
=====================================================================

Step result:    success
Execution time: 1.025178518 seconds

############## OUTPUT START ##############
Notice: /Stage[main]/Concat::Setup/File[/var/lib/puppet/concat/bin]/ensure: created
##############  OUTPUT END  ##############

=====================================================================
16. assert(Exec[install_pip])
=====================================================================

Step result:    success
Execution time: 6.710489394 seconds

############## OUTPUT START ##############

##############  OUTPUT END  ##############

########## CHANGE SUMMARY START ##########
No changes.
##########  CHANGE SUMMARY END  ##########

=====================================================================
17. assert(Exec[install_setuptools])
=====================================================================

Step result:    success
Execution time: 4.690422649 seconds

############## OUTPUT START ##############

##############  OUTPUT END  ##############

########## CHANGE SUMMARY START ##########
No changes.
##########  CHANGE SUMMARY END  ##########

=====================================================================
18. assert(File[/etc/supervisor.d])
=====================================================================

Step result:    success
Execution time: 4.665514581 seconds

############## OUTPUT START ##############

##############  OUTPUT END  ##############

########## CHANGE SUMMARY START ##########
No changes.
##########  CHANGE SUMMARY END  ##########

=====================================================================
19. assert(File[/var/lib/puppet/concat/bin])
=====================================================================

Step result:    success
Execution time: 4.588458018 seconds

############## OUTPUT START ##############

##############  OUTPUT END  ##############

########## CHANGE SUMMARY START ##########
No changes.
##########  CHANGE SUMMARY END  ##########

=====================================================================
20. assert(File[/var/lib/puppet/concat])
=====================================================================

Step result:    success
Execution time: 4.548816133 seconds

############## OUTPUT START ##############

##############  OUTPUT END  ##############

########## CHANGE SUMMARY START ##########
No changes.
##########  CHANGE SUMMARY END  ##########

=====================================================================
21. assert(Package[curl])
=====================================================================

Step result:    success
Execution time: 4.353460672 seconds

############## OUTPUT START ##############

##############  OUTPUT END  ##############

########## CHANGE SUMMARY START ##########
No changes.
##########  CHANGE SUMMARY END  ##########

=====================================================================
22. assert(Package[python])
=====================================================================

Step result:    success
Execution time: 4.62073477 seconds

############## OUTPUT START ##############

##############  OUTPUT END  ##############

########## CHANGE SUMMARY START ##########
No changes.
##########  CHANGE SUMMARY END  ##########

=====================================================================
23. assert(Package[supervisor])
=====================================================================

Step result:    success
Execution time: 3.338587407 seconds

############## OUTPUT START ##############

##############  OUTPUT END  ##############

########## CHANGE SUMMARY START ##########
No changes.
##########  CHANGE SUMMARY END  ##########

=====================================================================
24. exec(File[/var/lib/puppet/concat/bin/concatfragments.rb])
=====================================================================

Step result:    success
Execution time: 1.073636852 seconds

############## OUTPUT START ##############
Notice: /Stage[main]/Concat::Setup/File[/var/lib/puppet/concat/bin/concatfragments.rb]/ensure: defined content as '{md5}b684db0eac243553a6a79365119a363d'
##############  OUTPUT END  ##############

=====================================================================
25. assert(Exec[install_pip])
=====================================================================

Step result:    success
Execution time: 6.9760461 seconds

############## OUTPUT START ##############

##############  OUTPUT END  ##############

########## CHANGE SUMMARY START ##########
No changes.
##########  CHANGE SUMMARY END  ##########

=====================================================================
26. assert(Exec[install_setuptools])
=====================================================================

Step result:    success
Execution time: 4.956950995 seconds

############## OUTPUT START ##############

##############  OUTPUT END  ##############

########## CHANGE SUMMARY START ##########
No changes.
##########  CHANGE SUMMARY END  ##########

=====================================================================
27. assert(File[/etc/supervisor.d])
=====================================================================

Step result:    success
Execution time: 4.204754661 seconds

############## OUTPUT START ##############

##############  OUTPUT END  ##############

########## CHANGE SUMMARY START ##########
No changes.
##########  CHANGE SUMMARY END  ##########

=====================================================================
28. assert(File[/var/lib/puppet/concat/bin/concatfragments.rb])
=====================================================================

Step result:    success
Execution time: 4.292920604 seconds

############## OUTPUT START ##############

##############  OUTPUT END  ##############

########## CHANGE SUMMARY START ##########
No changes.
##########  CHANGE SUMMARY END  ##########

=====================================================================
29. assert(File[/var/lib/puppet/concat/bin])
=====================================================================

Step result:    success
Execution time: 4.571124994 seconds

############## OUTPUT START ##############

##############  OUTPUT END  ##############

########## CHANGE SUMMARY START ##########
No changes.
##########  CHANGE SUMMARY END  ##########

=====================================================================
30. assert(File[/var/lib/puppet/concat])
=====================================================================

Step result:    success
Execution time: 4.240296075 seconds

############## OUTPUT START ##############

##############  OUTPUT END  ##############

########## CHANGE SUMMARY START ##########
No changes.
##########  CHANGE SUMMARY END  ##########

=====================================================================
31. assert(Package[curl])
=====================================================================

Step result:    success
Execution time: 3.941740543 seconds

############## OUTPUT START ##############

##############  OUTPUT END  ##############

########## CHANGE SUMMARY START ##########
No changes.
##########  CHANGE SUMMARY END  ##########

=====================================================================
32. assert(Package[python])
=====================================================================

Step result:    success
Execution time: 4.640466016 seconds

############## OUTPUT START ##############

##############  OUTPUT END  ##############

########## CHANGE SUMMARY START ##########
No changes.
##########  CHANGE SUMMARY END  ##########

=====================================================================
33. assert(Package[supervisor])
=====================================================================

Step result:    success
Execution time: 3.327461235 seconds

############## OUTPUT START ##############

##############  OUTPUT END  ##############

########## CHANGE SUMMARY START ##########
No changes.
##########  CHANGE SUMMARY END  ##########

