=====================================================================
Test Case Result - Overview
=====================================================================

Test Case: Test Case 4
Result:    SUCCESS

Steps:
  1. (success) exec(Package[python])
  2. (success) assert(Package[python])
  3. (success) exec(Package[curl])
  4. (success) assert(Package[curl])
  5. (success) assert(Package[python])
  6. (success) exec(Exec[install_setuptools])
  7. (success) assert(Exec[install_setuptools])
  8. (success) assert(Package[curl])
  9. (success) assert(Package[python])
  10. (success) exec(File[/var/lib/puppet/concat])
  11. (success) assert(Exec[install_setuptools])
  12. (success) assert(File[/var/lib/puppet/concat])
  13. (success) assert(Package[curl])
  14. (success) assert(Package[python])
  15. (success) exec(File[/var/lib/puppet/concat/bin])
  16. (success) assert(Exec[install_setuptools])
  17. (success) assert(File[/var/lib/puppet/concat/bin])
  18. (success) assert(File[/var/lib/puppet/concat])
  19. (success) assert(Package[curl])
  20. (success) assert(Package[python])
  21. (success) exec(File[/var/lib/puppet/concat/bin/concatfragments.rb])
  22. (success) assert(Exec[install_setuptools])
  23. (success) assert(File[/var/lib/puppet/concat/bin/concatfragments.rb])
  24. (success) assert(File[/var/lib/puppet/concat/bin])
  25. (success) assert(File[/var/lib/puppet/concat])
  26. (success) assert(Package[curl])
  27. (success) assert(Package[python])
  28. (success) exec(Exec[install_pip])
  29. (success) assert(Exec[install_pip])
  30. (success) assert(Exec[install_setuptools])
  31. (success) assert(File[/var/lib/puppet/concat/bin/concatfragments.rb])
  32. (success) assert(File[/var/lib/puppet/concat/bin])
  33. (success) assert(File[/var/lib/puppet/concat])
  34. (success) assert(Package[curl])
  35. (success) assert(Package[python])
  36. (success) exec(Package[supervisor])
  37. (success) assert(Exec[install_pip])
  38. (success) assert(Exec[install_setuptools])
  39. (success) assert(File[/var/lib/puppet/concat/bin/concatfragments.rb])
  40. (success) assert(File[/var/lib/puppet/concat/bin])
  41. (success) assert(File[/var/lib/puppet/concat])
  42. (success) assert(Package[curl])
  43. (success) assert(Package[python])
  44. (success) assert(Package[supervisor])
  45. (success) exec(File[/var/lib/puppet/concat/_etc_supervisord.conf])
  46. (success) assert(Exec[install_pip])
  47. (success) assert(Exec[install_setuptools])
  48. (success) assert(File[/var/lib/puppet/concat/_etc_supervisord.conf])
  49. (success) assert(File[/var/lib/puppet/concat/bin/concatfragments.rb])
  50. (success) assert(File[/var/lib/puppet/concat/bin])
  51. (success) assert(File[/var/lib/puppet/concat])
  52. (success) assert(Package[curl])
  53. (success) assert(Package[python])
  54. (success) assert(Package[supervisor])
  55. (success) exec(File[/var/lib/puppet/concat/_etc_supervisord.conf/fragments])
  56. (success) assert(Exec[install_pip])
  57. (success) assert(Exec[install_setuptools])
  58. (success) assert(File[/var/lib/puppet/concat/_etc_supervisord.conf/fragments])
  59. (success) assert(File[/var/lib/puppet/concat/_etc_supervisord.conf])
  60. (success) assert(File[/var/lib/puppet/concat/bin/concatfragments.rb])
  61. (success) assert(File[/var/lib/puppet/concat/bin])
  62. (success) assert(File[/var/lib/puppet/concat])
  63. (success) assert(Package[curl])
  64. (success) assert(Package[python])
  65. (success) assert(Package[supervisor])
  66. (success) exec(File[/var/lib/puppet/concat/_etc_supervisord.conf/fragments/02_supervisord_main])
  67. (success) assert(Exec[install_pip])
  68. (success) assert(Exec[install_setuptools])
  69. (success) assert(File[/var/lib/puppet/concat/_etc_supervisord.conf/fragments/02_supervisord_main])
  70. (success) assert(File[/var/lib/puppet/concat/_etc_supervisord.conf/fragments])
  71. (success) assert(File[/var/lib/puppet/concat/_etc_supervisord.conf])
  72. (success) assert(File[/var/lib/puppet/concat/bin/concatfragments.rb])
  73. (success) assert(File[/var/lib/puppet/concat/bin])
  74. (success) assert(File[/var/lib/puppet/concat])
  75. (success) assert(Package[curl])
  76. (success) assert(Package[python])
  77. (success) assert(Package[supervisor])
  78. (success) exec(File[/var/lib/puppet/concat/_etc_supervisord.conf/fragments.concat])
  79. (success) exec(File[/var/lib/puppet/concat/_etc_supervisord.conf/fragments/01_supervisord_unix])
  80. (success) exec(Exec[concat_/etc/supervisord.conf])
  81. (success) assert(Exec[concat_/etc/supervisord.conf])
  82. (success) assert(Exec[install_pip])
  83. (success) assert(Exec[install_setuptools])
  84. (success) assert(File[/var/lib/puppet/concat/_etc_supervisord.conf/fragments.concat])
  85. (success) assert(File[/var/lib/puppet/concat/_etc_supervisord.conf/fragments/01_supervisord_unix])
  86. (success) assert(File[/var/lib/puppet/concat/_etc_supervisord.conf/fragments/02_supervisord_main])
  87. (success) assert(File[/var/lib/puppet/concat/_etc_supervisord.conf/fragments])
  88. (success) assert(File[/var/lib/puppet/concat/_etc_supervisord.conf])
  89. (success) assert(File[/var/lib/puppet/concat/bin/concatfragments.rb])
  90. (success) assert(File[/var/lib/puppet/concat/bin])
  91. (success) assert(File[/var/lib/puppet/concat])
  92. (success) assert(Package[curl])
  93. (success) assert(Package[python])
  94. (success) assert(Package[supervisor])
  95. (success) exec(File[/etc/supervisord.conf])
  96. (success) assert(Exec[concat_/etc/supervisord.conf])
  97. (success) assert(Exec[install_pip])
  98. (success) assert(Exec[install_setuptools])
  99. (success) assert(File[/etc/supervisord.conf])
  100. (success) assert(File[/var/lib/puppet/concat/_etc_supervisord.conf/fragments.concat])
  101. (success) assert(File[/var/lib/puppet/concat/_etc_supervisord.conf/fragments/01_supervisord_unix])
  102. (success) assert(File[/var/lib/puppet/concat/_etc_supervisord.conf/fragments/02_supervisord_main])
  103. (success) assert(File[/var/lib/puppet/concat/_etc_supervisord.conf/fragments])
  104. (success) assert(File[/var/lib/puppet/concat/_etc_supervisord.conf])
  105. (success) assert(File[/var/lib/puppet/concat/bin/concatfragments.rb])
  106. (success) assert(File[/var/lib/puppet/concat/bin])
  107. (success) assert(File[/var/lib/puppet/concat])
  108. (success) assert(Package[curl])
  109. (success) assert(Package[python])
  110. (success) assert(Package[supervisor])
  111. (success) exec(File[/etc/default/supervisor])
  112. (success) assert(Exec[concat_/etc/supervisord.conf])
  113. (success) assert(Exec[install_pip])
  114. (success) assert(Exec[install_setuptools])
  115. (success) assert(File[/etc/default/supervisor])
  116. (success) assert(File[/etc/supervisord.conf])
  117. (success) assert(File[/var/lib/puppet/concat/_etc_supervisord.conf/fragments.concat])
  118. (success) assert(File[/var/lib/puppet/concat/_etc_supervisord.conf/fragments/01_supervisord_unix])
  119. (success) assert(File[/var/lib/puppet/concat/_etc_supervisord.conf/fragments/02_supervisord_main])
  120. (success) assert(File[/var/lib/puppet/concat/_etc_supervisord.conf/fragments])
  121. (success) assert(File[/var/lib/puppet/concat/_etc_supervisord.conf])
  122. (success) assert(File[/var/lib/puppet/concat/bin/concatfragments.rb])
  123. (success) assert(File[/var/lib/puppet/concat/bin])
  124. (success) assert(File[/var/lib/puppet/concat])
  125. (success) assert(Package[curl])
  126. (success) assert(Package[python])
  127. (success) assert(Package[supervisor])

=====================================================================
1. exec(Package[python])
=====================================================================

Step result:    success
Execution time: 0.184582368 seconds

############## OUTPUT START ##############

##############  OUTPUT END  ##############

=====================================================================
2. assert(Package[python])
=====================================================================

Step result:    success
Execution time: 6.302942034 seconds

############## OUTPUT START ##############

##############  OUTPUT END  ##############

########## CHANGE SUMMARY START ##########
No changes.
##########  CHANGE SUMMARY END  ##########

=====================================================================
3. exec(Package[curl])
=====================================================================

Step result:    success
Execution time: 0.256697541 seconds

############## OUTPUT START ##############

##############  OUTPUT END  ##############

=====================================================================
4. assert(Package[curl])
=====================================================================

Step result:    success
Execution time: 5.295139287 seconds

############## OUTPUT START ##############

##############  OUTPUT END  ##############

########## CHANGE SUMMARY START ##########
No changes.
##########  CHANGE SUMMARY END  ##########

=====================================================================
5. assert(Package[python])
=====================================================================

Step result:    success
Execution time: 3.59909167 seconds

############## OUTPUT START ##############

##############  OUTPUT END  ##############

########## CHANGE SUMMARY START ##########
No changes.
##########  CHANGE SUMMARY END  ##########

=====================================================================
6. exec(Exec[install_setuptools])
=====================================================================

Step result:    success
Execution time: 2.779075534 seconds

############## OUTPUT START ##############
Notice: /Stage[main]/Supervisord::Pip/Exec[install_setuptools]/returns: executed successfully
##############  OUTPUT END  ##############

=====================================================================
7. assert(Exec[install_setuptools])
=====================================================================

Step result:    success
Execution time: 5.446962306 seconds

############## OUTPUT START ##############

##############  OUTPUT END  ##############

########## CHANGE SUMMARY START ##########
No changes.
##########  CHANGE SUMMARY END  ##########

=====================================================================
8. assert(Package[curl])
=====================================================================

Step result:    success
Execution time: 3.539377006 seconds

############## OUTPUT START ##############

##############  OUTPUT END  ##############

########## CHANGE SUMMARY START ##########
No changes.
##########  CHANGE SUMMARY END  ##########

=====================================================================
9. assert(Package[python])
=====================================================================

Step result:    success
Execution time: 3.558398432 seconds

############## OUTPUT START ##############

##############  OUTPUT END  ##############

########## CHANGE SUMMARY START ##########
No changes.
##########  CHANGE SUMMARY END  ##########

=====================================================================
10. exec(File[/var/lib/puppet/concat])
=====================================================================

Step result:    success
Execution time: 0.263869916 seconds

############## OUTPUT START ##############
Notice: /Stage[main]/Concat::Setup/File[/var/lib/puppet/concat]/ensure: created
##############  OUTPUT END  ##############

=====================================================================
11. assert(Exec[install_setuptools])
=====================================================================

Step result:    success
Execution time: 5.486214212 seconds

############## OUTPUT START ##############

##############  OUTPUT END  ##############

########## CHANGE SUMMARY START ##########
No changes.
##########  CHANGE SUMMARY END  ##########

=====================================================================
12. assert(File[/var/lib/puppet/concat])
=====================================================================

Step result:    success
Execution time: 3.493675127 seconds

############## OUTPUT START ##############

##############  OUTPUT END  ##############

########## CHANGE SUMMARY START ##########
No changes.
##########  CHANGE SUMMARY END  ##########

=====================================================================
13. assert(Package[curl])
=====================================================================

Step result:    success
Execution time: 3.547601924 seconds

############## OUTPUT START ##############

##############  OUTPUT END  ##############

########## CHANGE SUMMARY START ##########
No changes.
##########  CHANGE SUMMARY END  ##########

=====================================================================
14. assert(Package[python])
=====================================================================

Step result:    success
Execution time: 3.586599147 seconds

############## OUTPUT START ##############

##############  OUTPUT END  ##############

########## CHANGE SUMMARY START ##########
No changes.
##########  CHANGE SUMMARY END  ##########

=====================================================================
15. exec(File[/var/lib/puppet/concat/bin])
=====================================================================

Step result:    success
Execution time: 0.27824956 seconds

############## OUTPUT START ##############
Notice: /Stage[main]/Concat::Setup/File[/var/lib/puppet/concat/bin]/ensure: created
##############  OUTPUT END  ##############

=====================================================================
16. assert(Exec[install_setuptools])
=====================================================================

Step result:    success
Execution time: 5.354509442 seconds

############## OUTPUT START ##############

##############  OUTPUT END  ##############

########## CHANGE SUMMARY START ##########
No changes.
##########  CHANGE SUMMARY END  ##########

=====================================================================
17. assert(File[/var/lib/puppet/concat/bin])
=====================================================================

Step result:    success
Execution time: 3.445624212 seconds

############## OUTPUT START ##############

##############  OUTPUT END  ##############

########## CHANGE SUMMARY START ##########
No changes.
##########  CHANGE SUMMARY END  ##########

=====================================================================
18. assert(File[/var/lib/puppet/concat])
=====================================================================

Step result:    success
Execution time: 3.86383276 seconds

############## OUTPUT START ##############

##############  OUTPUT END  ##############

########## CHANGE SUMMARY START ##########
No changes.
##########  CHANGE SUMMARY END  ##########

=====================================================================
19. assert(Package[curl])
=====================================================================

Step result:    success
Execution time: 3.48757855 seconds

############## OUTPUT START ##############

##############  OUTPUT END  ##############

########## CHANGE SUMMARY START ##########
No changes.
##########  CHANGE SUMMARY END  ##########

=====================================================================
20. assert(Package[python])
=====================================================================

Step result:    success
Execution time: 3.656222908 seconds

############## OUTPUT START ##############

##############  OUTPUT END  ##############

########## CHANGE SUMMARY START ##########
No changes.
##########  CHANGE SUMMARY END  ##########

=====================================================================
21. exec(File[/var/lib/puppet/concat/bin/concatfragments.rb])
=====================================================================

Step result:    success
Execution time: 0.37871709 seconds

############## OUTPUT START ##############
Notice: /Stage[main]/Concat::Setup/File[/var/lib/puppet/concat/bin/concatfragments.rb]/ensure: defined content as '{md5}b684db0eac243553a6a79365119a363d'
##############  OUTPUT END  ##############

=====================================================================
22. assert(Exec[install_setuptools])
=====================================================================

Step result:    success
Execution time: 5.518742311 seconds

############## OUTPUT START ##############

##############  OUTPUT END  ##############

########## CHANGE SUMMARY START ##########
No changes.
##########  CHANGE SUMMARY END  ##########

=====================================================================
23. assert(File[/var/lib/puppet/concat/bin/concatfragments.rb])
=====================================================================

Step result:    success
Execution time: 3.708408809 seconds

############## OUTPUT START ##############

##############  OUTPUT END  ##############

########## CHANGE SUMMARY START ##########
No changes.
##########  CHANGE SUMMARY END  ##########

=====================================================================
24. assert(File[/var/lib/puppet/concat/bin])
=====================================================================

Step result:    success
Execution time: 3.408366528 seconds

############## OUTPUT START ##############

##############  OUTPUT END  ##############

########## CHANGE SUMMARY START ##########
No changes.
##########  CHANGE SUMMARY END  ##########

=====================================================================
25. assert(File[/var/lib/puppet/concat])
=====================================================================

Step result:    success
Execution time: 3.256280257 seconds

############## OUTPUT START ##############

##############  OUTPUT END  ##############

########## CHANGE SUMMARY START ##########
No changes.
##########  CHANGE SUMMARY END  ##########

=====================================================================
26. assert(Package[curl])
=====================================================================

Step result:    success
Execution time: 3.491745116 seconds

############## OUTPUT START ##############

##############  OUTPUT END  ##############

########## CHANGE SUMMARY START ##########
No changes.
##########  CHANGE SUMMARY END  ##########

=====================================================================
27. assert(Package[python])
=====================================================================

Step result:    success
Execution time: 3.508599217 seconds

############## OUTPUT START ##############

##############  OUTPUT END  ##############

########## CHANGE SUMMARY START ##########
No changes.
##########  CHANGE SUMMARY END  ##########

=====================================================================
28. exec(Exec[install_pip])
=====================================================================

Step result:    success
Execution time: 4.955751111 seconds

############## OUTPUT START ##############
Notice: /Stage[main]/Supervisord::Pip/Exec[install_pip]/returns: executed successfully
##############  OUTPUT END  ##############

=====================================================================
29. assert(Exec[install_pip])
=====================================================================

Step result:    success
Execution time: 6.00720602 seconds

############## OUTPUT START ##############

##############  OUTPUT END  ##############

########## CHANGE SUMMARY START ##########
No changes.
##########  CHANGE SUMMARY END  ##########

=====================================================================
30. assert(Exec[install_setuptools])
=====================================================================

Step result:    success
Execution time: 3.990719845 seconds

############## OUTPUT START ##############

##############  OUTPUT END  ##############

########## CHANGE SUMMARY START ##########
No changes.
##########  CHANGE SUMMARY END  ##########

=====================================================================
31. assert(File[/var/lib/puppet/concat/bin/concatfragments.rb])
=====================================================================

Step result:    success
Execution time: 3.813008697 seconds

############## OUTPUT START ##############

##############  OUTPUT END  ##############

########## CHANGE SUMMARY START ##########
No changes.
##########  CHANGE SUMMARY END  ##########

=====================================================================
32. assert(File[/var/lib/puppet/concat/bin])
=====================================================================

Step result:    success
Execution time: 3.634163504 seconds

############## OUTPUT START ##############

##############  OUTPUT END  ##############

########## CHANGE SUMMARY START ##########
No changes.
##########  CHANGE SUMMARY END  ##########

=====================================================================
33. assert(File[/var/lib/puppet/concat])
=====================================================================

Step result:    success
Execution time: 3.904837346 seconds

############## OUTPUT START ##############

##############  OUTPUT END  ##############

########## CHANGE SUMMARY START ##########
No changes.
##########  CHANGE SUMMARY END  ##########

=====================================================================
34. assert(Package[curl])
=====================================================================

Step result:    success
Execution time: 3.839946202 seconds

############## OUTPUT START ##############

##############  OUTPUT END  ##############

########## CHANGE SUMMARY START ##########
No changes.
##########  CHANGE SUMMARY END  ##########

=====================================================================
35. assert(Package[python])
=====================================================================

Step result:    success
Execution time: 4.061097764 seconds

############## OUTPUT START ##############

##############  OUTPUT END  ##############

########## CHANGE SUMMARY START ##########
No changes.
##########  CHANGE SUMMARY END  ##########

=====================================================================
36. exec(Package[supervisor])
=====================================================================

Step result:    success
Execution time: 5.019377391 seconds

############## OUTPUT START ##############
Notice: /Stage[main]/Supervisord::Install/Package[supervisor]/ensure: created
##############  OUTPUT END  ##############

=====================================================================
37. assert(Exec[install_pip])
=====================================================================

Step result:    success
Execution time: 6.314478131 seconds

############## OUTPUT START ##############

##############  OUTPUT END  ##############

########## CHANGE SUMMARY START ##########
No changes.
##########  CHANGE SUMMARY END  ##########

=====================================================================
38. assert(Exec[install_setuptools])
=====================================================================

Step result:    success
Execution time: 3.991827237 seconds

############## OUTPUT START ##############

##############  OUTPUT END  ##############

########## CHANGE SUMMARY START ##########
No changes.
##########  CHANGE SUMMARY END  ##########

=====================================================================
39. assert(File[/var/lib/puppet/concat/bin/concatfragments.rb])
=====================================================================

Step result:    success
Execution time: 4.068866095 seconds

############## OUTPUT START ##############

##############  OUTPUT END  ##############

########## CHANGE SUMMARY START ##########
No changes.
##########  CHANGE SUMMARY END  ##########

=====================================================================
40. assert(File[/var/lib/puppet/concat/bin])
=====================================================================

Step result:    success
Execution time: 4.023071938 seconds

############## OUTPUT START ##############

##############  OUTPUT END  ##############

########## CHANGE SUMMARY START ##########
No changes.
##########  CHANGE SUMMARY END  ##########

=====================================================================
41. assert(File[/var/lib/puppet/concat])
=====================================================================

Step result:    success
Execution time: 3.712611738 seconds

############## OUTPUT START ##############

##############  OUTPUT END  ##############

########## CHANGE SUMMARY START ##########
No changes.
##########  CHANGE SUMMARY END  ##########

=====================================================================
42. assert(Package[curl])
=====================================================================

Step result:    success
Execution time: 4.124166718 seconds

############## OUTPUT START ##############

##############  OUTPUT END  ##############

########## CHANGE SUMMARY START ##########
No changes.
##########  CHANGE SUMMARY END  ##########

=====================================================================
43. assert(Package[python])
=====================================================================

Step result:    success
Execution time: 4.100339354 seconds

############## OUTPUT START ##############

##############  OUTPUT END  ##############

########## CHANGE SUMMARY START ##########
No changes.
##########  CHANGE SUMMARY END  ##########

=====================================================================
44. assert(Package[supervisor])
=====================================================================

Step result:    success
Execution time: 3.560591351 seconds

############## OUTPUT START ##############

##############  OUTPUT END  ##############

########## CHANGE SUMMARY START ##########
No changes.
##########  CHANGE SUMMARY END  ##########

=====================================================================
45. exec(File[/var/lib/puppet/concat/_etc_supervisord.conf])
=====================================================================

Step result:    success
Execution time: 1.350326235 seconds

############## OUTPUT START ##############
Notice: /Stage[main]/Supervisord::Config/Concat[/etc/supervisord.conf]/File[/var/lib/puppet/concat/_etc_supervisord.conf]/ensure: created
Notice: /Stage[main]/Supervisord::Config/Concat[/etc/supervisord.conf]/Exec[concat_/etc/supervisord.conf]/returns: /var/lib/puppet/concat/bin/concatfragments.rb:106:in `<main>': Cannot access the fragments directory (RuntimeError)
Error: /Stage[main]/Supervisord::Config/Concat[/etc/supervisord.conf]/Exec[concat_/etc/supervisord.conf]: Failed to call refresh: /var/lib/puppet/concat/bin/concatfragments.rb -o "/var/lib/puppet/concat/_etc_supervisord.conf/fragments.concat.out" -d "/var/lib/puppet/concat/_etc_supervisord.conf" returned 1 instead of one of [0]
Error: /Stage[main]/Supervisord::Config/Concat[/etc/supervisord.conf]/Exec[concat_/etc/supervisord.conf]: /var/lib/puppet/concat/bin/concatfragments.rb -o "/var/lib/puppet/concat/_etc_supervisord.conf/fragments.concat.out" -d "/var/lib/puppet/concat/_etc_supervisord.conf" returned 1 instead of one of [0]
Notice: /Stage[main]/Supervisord::Reload/Exec[supervisorctl_reread]/returns: error: <class 'socket.error'>, [Errno 111] Connection refused: file: /usr/lib/python2.7/socket.py line: 571
Error: /Stage[main]/Supervisord::Reload/Exec[supervisorctl_reread]: Failed to call refresh: /usr/local/bin/supervisorctl reread returned 2 instead of one of [0]
Error: /Stage[main]/Supervisord::Reload/Exec[supervisorctl_reread]: /usr/local/bin/supervisorctl reread returned 2 instead of one of [0]
Notice: /Stage[main]/Supervisord::Reload/Exec[supervisorctl_update]/returns: error: <class 'socket.error'>, [Errno 111] Connection refused: file: /usr/lib/python2.7/socket.py line: 571
Error: /Stage[main]/Supervisord::Reload/Exec[supervisorctl_update]: Failed to call refresh: /usr/local/bin/supervisorctl update returned 2 instead of one of [0]
Error: /Stage[main]/Supervisord::Reload/Exec[supervisorctl_update]: /usr/local/bin/supervisorctl update returned 2 instead of one of [0]
##############  OUTPUT END  ##############

=====================================================================
46. assert(Exec[install_pip])
=====================================================================

Step result:    success
Execution time: 5.992680777 seconds

############## OUTPUT START ##############

##############  OUTPUT END  ##############

########## CHANGE SUMMARY START ##########
No changes.
##########  CHANGE SUMMARY END  ##########

=====================================================================
47. assert(Exec[install_setuptools])
=====================================================================

Step result:    success
Execution time: 4.089585524 seconds

############## OUTPUT START ##############

##############  OUTPUT END  ##############

########## CHANGE SUMMARY START ##########
No changes.
##########  CHANGE SUMMARY END  ##########

=====================================================================
48. assert(File[/var/lib/puppet/concat/_etc_supervisord.conf])
=====================================================================

Step result:    success
Execution time: 2.906331259 seconds

############## OUTPUT START ##############

##############  OUTPUT END  ##############

########## CHANGE SUMMARY START ##########
No changes.
##########  CHANGE SUMMARY END  ##########

=====================================================================
49. assert(File[/var/lib/puppet/concat/bin/concatfragments.rb])
=====================================================================

Step result:    success
Execution time: 3.990943694 seconds

############## OUTPUT START ##############

##############  OUTPUT END  ##############

########## CHANGE SUMMARY START ##########
No changes.
##########  CHANGE SUMMARY END  ##########

=====================================================================
50. assert(File[/var/lib/puppet/concat/bin])
=====================================================================

Step result:    success
Execution time: 3.994659606 seconds

############## OUTPUT START ##############

##############  OUTPUT END  ##############

########## CHANGE SUMMARY START ##########
No changes.
##########  CHANGE SUMMARY END  ##########

=====================================================================
51. assert(File[/var/lib/puppet/concat])
=====================================================================

Step result:    success
Execution time: 4.150038783 seconds

############## OUTPUT START ##############

##############  OUTPUT END  ##############

########## CHANGE SUMMARY START ##########
No changes.
##########  CHANGE SUMMARY END  ##########

=====================================================================
52. assert(Package[curl])
=====================================================================

Step result:    success
Execution time: 3.808943931 seconds

############## OUTPUT START ##############

##############  OUTPUT END  ##############

########## CHANGE SUMMARY START ##########
No changes.
##########  CHANGE SUMMARY END  ##########

=====================================================================
53. assert(Package[python])
=====================================================================

Step result:    success
Execution time: 3.695218316 seconds

############## OUTPUT START ##############

##############  OUTPUT END  ##############

########## CHANGE SUMMARY START ##########
No changes.
##########  CHANGE SUMMARY END  ##########

=====================================================================
54. assert(Package[supervisor])
=====================================================================

Step result:    success
Execution time: 3.005047057 seconds

############## OUTPUT START ##############

##############  OUTPUT END  ##############

########## CHANGE SUMMARY START ##########
No changes.
##########  CHANGE SUMMARY END  ##########

=====================================================================
55. exec(File[/var/lib/puppet/concat/_etc_supervisord.conf/fragments])
=====================================================================

Step result:    success
Execution time: 1.286651674 seconds

############## OUTPUT START ##############
Notice: /Stage[main]/Supervisord::Config/Concat[/etc/supervisord.conf]/File[/var/lib/puppet/concat/_etc_supervisord.conf/fragments]/ensure: created
Notice: /Stage[main]/Supervisord::Config/Concat[/etc/supervisord.conf]/Exec[concat_/etc/supervisord.conf]/returns: /var/lib/puppet/concat/bin/concatfragments.rb:112:in `<main>': The fragments directory is empty, cowardly refusing to make empty config files (RuntimeError)
Error: /Stage[main]/Supervisord::Config/Concat[/etc/supervisord.conf]/Exec[concat_/etc/supervisord.conf]: Failed to call refresh: /var/lib/puppet/concat/bin/concatfragments.rb -o "/var/lib/puppet/concat/_etc_supervisord.conf/fragments.concat.out" -d "/var/lib/puppet/concat/_etc_supervisord.conf" returned 1 instead of one of [0]
Error: /Stage[main]/Supervisord::Config/Concat[/etc/supervisord.conf]/Exec[concat_/etc/supervisord.conf]: /var/lib/puppet/concat/bin/concatfragments.rb -o "/var/lib/puppet/concat/_etc_supervisord.conf/fragments.concat.out" -d "/var/lib/puppet/concat/_etc_supervisord.conf" returned 1 instead of one of [0]
Notice: /Stage[main]/Supervisord::Reload/Exec[supervisorctl_reread]/returns: error: <class 'socket.error'>, [Errno 111] Connection refused: file: /usr/lib/python2.7/socket.py line: 571
Error: /Stage[main]/Supervisord::Reload/Exec[supervisorctl_reread]: Failed to call refresh: /usr/local/bin/supervisorctl reread returned 2 instead of one of [0]
Error: /Stage[main]/Supervisord::Reload/Exec[supervisorctl_reread]: /usr/local/bin/supervisorctl reread returned 2 instead of one of [0]
Notice: /Stage[main]/Supervisord::Reload/Exec[supervisorctl_update]/returns: error: <class 'socket.error'>, [Errno 111] Connection refused: file: /usr/lib/python2.7/socket.py line: 571
Error: /Stage[main]/Supervisord::Reload/Exec[supervisorctl_update]: Failed to call refresh: /usr/local/bin/supervisorctl update returned 2 instead of one of [0]
Error: /Stage[main]/Supervisord::Reload/Exec[supervisorctl_update]: /usr/local/bin/supervisorctl update returned 2 instead of one of [0]
##############  OUTPUT END  ##############

=====================================================================
56. assert(Exec[install_pip])
=====================================================================

Step result:    success
Execution time: 6.031363857 seconds

############## OUTPUT START ##############

##############  OUTPUT END  ##############

########## CHANGE SUMMARY START ##########
No changes.
##########  CHANGE SUMMARY END  ##########

=====================================================================
57. assert(Exec[install_setuptools])
=====================================================================

Step result:    success
Execution time: 4.071879654 seconds

############## OUTPUT START ##############

##############  OUTPUT END  ##############

########## CHANGE SUMMARY START ##########
No changes.
##########  CHANGE SUMMARY END  ##########

=====================================================================
58. assert(File[/var/lib/puppet/concat/_etc_supervisord.conf/fragments])
=====================================================================

Step result:    success
Execution time: 2.99273089 seconds

############## OUTPUT START ##############

##############  OUTPUT END  ##############

########## CHANGE SUMMARY START ##########
No changes.
##########  CHANGE SUMMARY END  ##########

=====================================================================
59. assert(File[/var/lib/puppet/concat/_etc_supervisord.conf])
=====================================================================

Step result:    success
Execution time: 3.14933784 seconds

############## OUTPUT START ##############

##############  OUTPUT END  ##############

########## CHANGE SUMMARY START ##########
No changes.
##########  CHANGE SUMMARY END  ##########

=====================================================================
60. assert(File[/var/lib/puppet/concat/bin/concatfragments.rb])
=====================================================================

Step result:    success
Execution time: 4.239293933 seconds

############## OUTPUT START ##############

##############  OUTPUT END  ##############

########## CHANGE SUMMARY START ##########
No changes.
##########  CHANGE SUMMARY END  ##########

=====================================================================
61. assert(File[/var/lib/puppet/concat/bin])
=====================================================================

Step result:    success
Execution time: 4.065117269 seconds

############## OUTPUT START ##############

##############  OUTPUT END  ##############

########## CHANGE SUMMARY START ##########
No changes.
##########  CHANGE SUMMARY END  ##########

=====================================================================
62. assert(File[/var/lib/puppet/concat])
=====================================================================

Step result:    success
Execution time: 3.982112542 seconds

############## OUTPUT START ##############

##############  OUTPUT END  ##############

########## CHANGE SUMMARY START ##########
No changes.
##########  CHANGE SUMMARY END  ##########

=====================================================================
63. assert(Package[curl])
=====================================================================

Step result:    success
Execution time: 4.01995156 seconds

############## OUTPUT START ##############

##############  OUTPUT END  ##############

########## CHANGE SUMMARY START ##########
No changes.
##########  CHANGE SUMMARY END  ##########

=====================================================================
64. assert(Package[python])
=====================================================================

Step result:    success
Execution time: 4.379474216 seconds

############## OUTPUT START ##############

##############  OUTPUT END  ##############

########## CHANGE SUMMARY START ##########
No changes.
##########  CHANGE SUMMARY END  ##########

=====================================================================
65. assert(Package[supervisor])
=====================================================================

Step result:    success
Execution time: 3.401017342 seconds

############## OUTPUT START ##############

##############  OUTPUT END  ##############

########## CHANGE SUMMARY START ##########
No changes.
##########  CHANGE SUMMARY END  ##########

=====================================================================
66. exec(File[/var/lib/puppet/concat/_etc_supervisord.conf/fragments/02_supervisord_main])
=====================================================================

Step result:    success
Execution time: 1.244492563 seconds

############## OUTPUT START ##############
Notice: /Stage[main]/Supervisord::Config/Concat::Fragment[supervisord_main]/File[/var/lib/puppet/concat/_etc_supervisord.conf/fragments/02_supervisord_main]/ensure: defined content as '{md5}55c74a2fcacbea30c7d397a40dc0110d'
Notice: /Stage[main]/Supervisord::Config/Concat[/etc/supervisord.conf]/Exec[concat_/etc/supervisord.conf]: Triggered 'refresh' from 1 events
Notice: /Stage[main]/Supervisord::Reload/Exec[supervisorctl_reread]/returns: error: <class 'socket.error'>, [Errno 111] Connection refused: file: /usr/lib/python2.7/socket.py line: 571
Error: /Stage[main]/Supervisord::Reload/Exec[supervisorctl_reread]: Failed to call refresh: /usr/local/bin/supervisorctl reread returned 2 instead of one of [0]
Error: /Stage[main]/Supervisord::Reload/Exec[supervisorctl_reread]: /usr/local/bin/supervisorctl reread returned 2 instead of one of [0]
Notice: /Stage[main]/Supervisord::Reload/Exec[supervisorctl_update]/returns: error: <class 'socket.error'>, [Errno 111] Connection refused: file: /usr/lib/python2.7/socket.py line: 571
Error: /Stage[main]/Supervisord::Reload/Exec[supervisorctl_update]: Failed to call refresh: /usr/local/bin/supervisorctl update returned 2 instead of one of [0]
Error: /Stage[main]/Supervisord::Reload/Exec[supervisorctl_update]: /usr/local/bin/supervisorctl update returned 2 instead of one of [0]
##############  OUTPUT END  ##############

=====================================================================
67. assert(Exec[install_pip])
=====================================================================

Step result:    success
Execution time: 6.065782771 seconds

############## OUTPUT START ##############

##############  OUTPUT END  ##############

########## CHANGE SUMMARY START ##########
No changes.
##########  CHANGE SUMMARY END  ##########

=====================================================================
68. assert(Exec[install_setuptools])
=====================================================================

Step result:    success
Execution time: 4.096435381 seconds

############## OUTPUT START ##############

##############  OUTPUT END  ##############

########## CHANGE SUMMARY START ##########
No changes.
##########  CHANGE SUMMARY END  ##########

=====================================================================
69. assert(File[/var/lib/puppet/concat/_etc_supervisord.conf/fragments/02_supervisord_main])
=====================================================================

Step result:    success
Execution time: 3.933276215 seconds

############## OUTPUT START ##############

##############  OUTPUT END  ##############

########## CHANGE SUMMARY START ##########
No changes.
##########  CHANGE SUMMARY END  ##########

=====================================================================
70. assert(File[/var/lib/puppet/concat/_etc_supervisord.conf/fragments])
=====================================================================

Step result:    success
Execution time: 3.052579592 seconds

############## OUTPUT START ##############

##############  OUTPUT END  ##############

########## CHANGE SUMMARY START ##########
No changes.
##########  CHANGE SUMMARY END  ##########

=====================================================================
71. assert(File[/var/lib/puppet/concat/_etc_supervisord.conf])
=====================================================================

Step result:    success
Execution time: 3.118206718 seconds

############## OUTPUT START ##############

##############  OUTPUT END  ##############

########## CHANGE SUMMARY START ##########
No changes.
##########  CHANGE SUMMARY END  ##########

=====================================================================
72. assert(File[/var/lib/puppet/concat/bin/concatfragments.rb])
=====================================================================

Step result:    success
Execution time: 3.882600682 seconds

############## OUTPUT START ##############

##############  OUTPUT END  ##############

########## CHANGE SUMMARY START ##########
No changes.
##########  CHANGE SUMMARY END  ##########

=====================================================================
73. assert(File[/var/lib/puppet/concat/bin])
=====================================================================

Step result:    success
Execution time: 3.959934855 seconds

############## OUTPUT START ##############

##############  OUTPUT END  ##############

########## CHANGE SUMMARY START ##########
No changes.
##########  CHANGE SUMMARY END  ##########

=====================================================================
74. assert(File[/var/lib/puppet/concat])
=====================================================================

Step result:    success
Execution time: 3.863064406 seconds

############## OUTPUT START ##############

##############  OUTPUT END  ##############

########## CHANGE SUMMARY START ##########
No changes.
##########  CHANGE SUMMARY END  ##########

=====================================================================
75. assert(Package[curl])
=====================================================================

Step result:    success
Execution time: 4.502125452 seconds

############## OUTPUT START ##############

##############  OUTPUT END  ##############

########## CHANGE SUMMARY START ##########
No changes.
##########  CHANGE SUMMARY END  ##########

=====================================================================
76. assert(Package[python])
=====================================================================

Step result:    success
Execution time: 3.807172169 seconds

############## OUTPUT START ##############

##############  OUTPUT END  ##############

########## CHANGE SUMMARY START ##########
No changes.
##########  CHANGE SUMMARY END  ##########

=====================================================================
77. assert(Package[supervisor])
=====================================================================

Step result:    success
Execution time: 3.407414209 seconds

############## OUTPUT START ##############

##############  OUTPUT END  ##############

########## CHANGE SUMMARY START ##########
No changes.
##########  CHANGE SUMMARY END  ##########

=====================================================================
78. exec(File[/var/lib/puppet/concat/_etc_supervisord.conf/fragments.concat])
=====================================================================

Step result:    success
Execution time: 1.140858783 seconds

############## OUTPUT START ##############
Notice: /Stage[main]/Supervisord::Config/Concat[/etc/supervisord.conf]/File[/var/lib/puppet/concat/_etc_supervisord.conf/fragments.concat]/mode: mode changed '0644' to '0640'
Notice: /Stage[main]/Supervisord::Reload/Exec[supervisorctl_reread]/returns: error: <class 'socket.error'>, [Errno 111] Connection refused: file: /usr/lib/python2.7/socket.py line: 571
Error: /Stage[main]/Supervisord::Reload/Exec[supervisorctl_reread]: Failed to call refresh: /usr/local/bin/supervisorctl reread returned 2 instead of one of [0]
Error: /Stage[main]/Supervisord::Reload/Exec[supervisorctl_reread]: /usr/local/bin/supervisorctl reread returned 2 instead of one of [0]
Notice: /Stage[main]/Supervisord::Reload/Exec[supervisorctl_update]/returns: error: <class 'socket.error'>, [Errno 111] Connection refused: file: /usr/lib/python2.7/socket.py line: 571
Error: /Stage[main]/Supervisord::Reload/Exec[supervisorctl_update]: Failed to call refresh: /usr/local/bin/supervisorctl update returned 2 instead of one of [0]
Error: /Stage[main]/Supervisord::Reload/Exec[supervisorctl_update]: /usr/local/bin/supervisorctl update returned 2 instead of one of [0]
##############  OUTPUT END  ##############

=====================================================================
79. exec(File[/var/lib/puppet/concat/_etc_supervisord.conf/fragments/01_supervisord_unix])
=====================================================================

Step result:    success
Execution time: 1.112420617 seconds

############## OUTPUT START ##############
Notice: /Stage[main]/Supervisord::Config/Concat::Fragment[supervisord_unix]/File[/var/lib/puppet/concat/_etc_supervisord.conf/fragments/01_supervisord_unix]/ensure: defined content as '{md5}2a371bf6742698a806a2ab9879d60540'
Notice: /Stage[main]/Supervisord::Config/Concat[/etc/supervisord.conf]/Exec[concat_/etc/supervisord.conf]: Triggered 'refresh' from 1 events
Notice: /Stage[main]/Supervisord::Reload/Exec[supervisorctl_reread]/returns: error: <class 'socket.error'>, [Errno 111] Connection refused: file: /usr/lib/python2.7/socket.py line: 571
Error: /Stage[main]/Supervisord::Reload/Exec[supervisorctl_reread]: Failed to call refresh: /usr/local/bin/supervisorctl reread returned 2 instead of one of [0]
Error: /Stage[main]/Supervisord::Reload/Exec[supervisorctl_reread]: /usr/local/bin/supervisorctl reread returned 2 instead of one of [0]
Notice: /Stage[main]/Supervisord::Reload/Exec[supervisorctl_update]/returns: error: <class 'socket.error'>, [Errno 111] Connection refused: file: /usr/lib/python2.7/socket.py line: 571
Error: /Stage[main]/Supervisord::Reload/Exec[supervisorctl_update]: Failed to call refresh: /usr/local/bin/supervisorctl update returned 2 instead of one of [0]
Error: /Stage[main]/Supervisord::Reload/Exec[supervisorctl_update]: /usr/local/bin/supervisorctl update returned 2 instead of one of [0]
##############  OUTPUT END  ##############

=====================================================================
80. exec(Exec[concat_/etc/supervisord.conf])
=====================================================================

Step result:    success
Execution time: 0.765363657 seconds

############## OUTPUT START ##############

##############  OUTPUT END  ##############

=====================================================================
81. assert(Exec[concat_/etc/supervisord.conf])
=====================================================================

Step result:    success
Execution time: 6.98929912 seconds

############## OUTPUT START ##############

##############  OUTPUT END  ##############

########## CHANGE SUMMARY START ##########
No changes.
##########  CHANGE SUMMARY END  ##########

=====================================================================
82. assert(Exec[install_pip])
=====================================================================

Step result:    success
Execution time: 4.211622028 seconds

############## OUTPUT START ##############

##############  OUTPUT END  ##############

########## CHANGE SUMMARY START ##########
No changes.
##########  CHANGE SUMMARY END  ##########

=====================================================================
83. assert(Exec[install_setuptools])
=====================================================================

Step result:    success
Execution time: 3.825877993 seconds

############## OUTPUT START ##############

##############  OUTPUT END  ##############

########## CHANGE SUMMARY START ##########
No changes.
##########  CHANGE SUMMARY END  ##########

=====================================================================
84. assert(File[/var/lib/puppet/concat/_etc_supervisord.conf/fragments.concat])
=====================================================================

Step result:    success
Execution time: 3.133071786 seconds

############## OUTPUT START ##############

##############  OUTPUT END  ##############

########## CHANGE SUMMARY START ##########
No changes.
##########  CHANGE SUMMARY END  ##########

=====================================================================
85. assert(File[/var/lib/puppet/concat/_etc_supervisord.conf/fragments/01_supervisord_unix])
=====================================================================

Step result:    success
Execution time: 4.157139734 seconds

############## OUTPUT START ##############

##############  OUTPUT END  ##############

########## CHANGE SUMMARY START ##########
No changes.
##########  CHANGE SUMMARY END  ##########

=====================================================================
86. assert(File[/var/lib/puppet/concat/_etc_supervisord.conf/fragments/02_supervisord_main])
=====================================================================

Step result:    success
Execution time: 4.120866488 seconds

############## OUTPUT START ##############

##############  OUTPUT END  ##############

########## CHANGE SUMMARY START ##########
No changes.
##########  CHANGE SUMMARY END  ##########

=====================================================================
87. assert(File[/var/lib/puppet/concat/_etc_supervisord.conf/fragments])
=====================================================================

Step result:    success
Execution time: 3.205166968 seconds

############## OUTPUT START ##############

##############  OUTPUT END  ##############

########## CHANGE SUMMARY START ##########
No changes.
##########  CHANGE SUMMARY END  ##########

=====================================================================
88. assert(File[/var/lib/puppet/concat/_etc_supervisord.conf])
=====================================================================

Step result:    success
Execution time: 3.078905658 seconds

############## OUTPUT START ##############

##############  OUTPUT END  ##############

########## CHANGE SUMMARY START ##########
No changes.
##########  CHANGE SUMMARY END  ##########

=====================================================================
89. assert(File[/var/lib/puppet/concat/bin/concatfragments.rb])
=====================================================================

Step result:    success
Execution time: 4.141784256 seconds

############## OUTPUT START ##############

##############  OUTPUT END  ##############

########## CHANGE SUMMARY START ##########
No changes.
##########  CHANGE SUMMARY END  ##########

=====================================================================
90. assert(File[/var/lib/puppet/concat/bin])
=====================================================================

Step result:    success
Execution time: 4.015111531 seconds

############## OUTPUT START ##############

##############  OUTPUT END  ##############

########## CHANGE SUMMARY START ##########
No changes.
##########  CHANGE SUMMARY END  ##########

=====================================================================
91. assert(File[/var/lib/puppet/concat])
=====================================================================

Step result:    success
Execution time: 3.826945862 seconds

############## OUTPUT START ##############

##############  OUTPUT END  ##############

########## CHANGE SUMMARY START ##########
No changes.
##########  CHANGE SUMMARY END  ##########

=====================================================================
92. assert(Package[curl])
=====================================================================

Step result:    success
Execution time: 3.585285636 seconds

############## OUTPUT START ##############

##############  OUTPUT END  ##############

########## CHANGE SUMMARY START ##########
No changes.
##########  CHANGE SUMMARY END  ##########

=====================================================================
93. assert(Package[python])
=====================================================================

Step result:    success
Execution time: 4.166735652 seconds

############## OUTPUT START ##############

##############  OUTPUT END  ##############

########## CHANGE SUMMARY START ##########
No changes.
##########  CHANGE SUMMARY END  ##########

=====================================================================
94. assert(Package[supervisor])
=====================================================================

Step result:    success
Execution time: 3.359890503 seconds

############## OUTPUT START ##############

##############  OUTPUT END  ##############

########## CHANGE SUMMARY START ##########
No changes.
##########  CHANGE SUMMARY END  ##########

=====================================================================
95. exec(File[/etc/supervisord.conf])
=====================================================================

Step result:    success
Execution time: 1.247454652 seconds

############## OUTPUT START ##############
Notice: /Stage[main]/Supervisord::Config/Concat[/etc/supervisord.conf]/File[/etc/supervisord.conf]/ensure: defined content as '{md5}2712bb67930fa94c5ab40515280dbe33'
Notice: /Stage[main]/Supervisord::Reload/Exec[supervisorctl_reread]/returns: error: <class 'socket.error'>, [Errno 2] No such file or directory: file: /usr/lib/python2.7/socket.py line: 224
Error: /Stage[main]/Supervisord::Reload/Exec[supervisorctl_reread]: Failed to call refresh: /usr/local/bin/supervisorctl reread returned 2 instead of one of [0]
Error: /Stage[main]/Supervisord::Reload/Exec[supervisorctl_reread]: /usr/local/bin/supervisorctl reread returned 2 instead of one of [0]
Notice: /Stage[main]/Supervisord::Reload/Exec[supervisorctl_update]/returns: error: <class 'socket.error'>, [Errno 2] No such file or directory: file: /usr/lib/python2.7/socket.py line: 224
Error: /Stage[main]/Supervisord::Reload/Exec[supervisorctl_update]: Failed to call refresh: /usr/local/bin/supervisorctl update returned 2 instead of one of [0]
Error: /Stage[main]/Supervisord::Reload/Exec[supervisorctl_update]: /usr/local/bin/supervisorctl update returned 2 instead of one of [0]
##############  OUTPUT END  ##############

=====================================================================
96. assert(Exec[concat_/etc/supervisord.conf])
=====================================================================

Step result:    success
Execution time: 6.351371705 seconds

############## OUTPUT START ##############

##############  OUTPUT END  ##############

########## CHANGE SUMMARY START ##########
No changes.
##########  CHANGE SUMMARY END  ##########

=====================================================================
97. assert(Exec[install_pip])
=====================================================================

Step result:    success
Execution time: 3.954626086 seconds

############## OUTPUT START ##############

##############  OUTPUT END  ##############

########## CHANGE SUMMARY START ##########
No changes.
##########  CHANGE SUMMARY END  ##########

=====================================================================
98. assert(Exec[install_setuptools])
=====================================================================

Step result:    success
Execution time: 4.050243519 seconds

############## OUTPUT START ##############

##############  OUTPUT END  ##############

########## CHANGE SUMMARY START ##########
No changes.
##########  CHANGE SUMMARY END  ##########

=====================================================================
99. assert(File[/etc/supervisord.conf])
=====================================================================

Step result:    success
Execution time: 4.193992234 seconds

############## OUTPUT START ##############

##############  OUTPUT END  ##############

########## CHANGE SUMMARY START ##########
No changes.
##########  CHANGE SUMMARY END  ##########

=====================================================================
100. assert(File[/var/lib/puppet/concat/_etc_supervisord.conf/fragments.concat])
=====================================================================

Step result:    success
Execution time: 3.130134739 seconds

############## OUTPUT START ##############

##############  OUTPUT END  ##############

########## CHANGE SUMMARY START ##########
No changes.
##########  CHANGE SUMMARY END  ##########

=====================================================================
101. assert(File[/var/lib/puppet/concat/_etc_supervisord.conf/fragments/01_supervisord_unix])
=====================================================================

Step result:    success
Execution time: 4.134024808 seconds

############## OUTPUT START ##############

##############  OUTPUT END  ##############

########## CHANGE SUMMARY START ##########
No changes.
##########  CHANGE SUMMARY END  ##########

=====================================================================
102. assert(File[/var/lib/puppet/concat/_etc_supervisord.conf/fragments/02_supervisord_main])
=====================================================================

Step result:    success
Execution time: 3.989141461 seconds

############## OUTPUT START ##############

##############  OUTPUT END  ##############

########## CHANGE SUMMARY START ##########
No changes.
##########  CHANGE SUMMARY END  ##########

=====================================================================
103. assert(File[/var/lib/puppet/concat/_etc_supervisord.conf/fragments])
=====================================================================

Step result:    success
Execution time: 2.93781822 seconds

############## OUTPUT START ##############

##############  OUTPUT END  ##############

########## CHANGE SUMMARY START ##########
No changes.
##########  CHANGE SUMMARY END  ##########

=====================================================================
104. assert(File[/var/lib/puppet/concat/_etc_supervisord.conf])
=====================================================================

Step result:    success
Execution time: 3.048576504 seconds

############## OUTPUT START ##############

##############  OUTPUT END  ##############

########## CHANGE SUMMARY START ##########
No changes.
##########  CHANGE SUMMARY END  ##########

=====================================================================
105. assert(File[/var/lib/puppet/concat/bin/concatfragments.rb])
=====================================================================

Step result:    success
Execution time: 3.974770309 seconds

############## OUTPUT START ##############

##############  OUTPUT END  ##############

########## CHANGE SUMMARY START ##########
No changes.
##########  CHANGE SUMMARY END  ##########

=====================================================================
106. assert(File[/var/lib/puppet/concat/bin])
=====================================================================

Step result:    success
Execution time: 4.373432752 seconds

############## OUTPUT START ##############

##############  OUTPUT END  ##############

########## CHANGE SUMMARY START ##########
No changes.
##########  CHANGE SUMMARY END  ##########

=====================================================================
107. assert(File[/var/lib/puppet/concat])
=====================================================================

Step result:    success
Execution time: 3.832740598 seconds

############## OUTPUT START ##############

##############  OUTPUT END  ##############

########## CHANGE SUMMARY START ##########
No changes.
##########  CHANGE SUMMARY END  ##########

=====================================================================
108. assert(Package[curl])
=====================================================================

Step result:    success
Execution time: 4.26682821 seconds

############## OUTPUT START ##############

##############  OUTPUT END  ##############

########## CHANGE SUMMARY START ##########
No changes.
##########  CHANGE SUMMARY END  ##########

=====================================================================
109. assert(Package[python])
=====================================================================

Step result:    success
Execution time: 4.13069075 seconds

############## OUTPUT START ##############

##############  OUTPUT END  ##############

########## CHANGE SUMMARY START ##########
No changes.
##########  CHANGE SUMMARY END  ##########

=====================================================================
110. assert(Package[supervisor])
=====================================================================

Step result:    success
Execution time: 3.447382609 seconds

############## OUTPUT START ##############

##############  OUTPUT END  ##############

########## CHANGE SUMMARY START ##########
No changes.
##########  CHANGE SUMMARY END  ##########

=====================================================================
111. exec(File[/etc/default/supervisor])
=====================================================================

Step result:    success
Execution time: 1.205743381 seconds

############## OUTPUT START ##############
Notice: /Stage[main]/Supervisord::Config/File[/etc/default/supervisor]/ensure: created
Error: /Stage[main]/Supervisord::Service/Service[supervisord]: Failed to call refresh: Could not find init script for 'supervisord'
Error: /Stage[main]/Supervisord::Service/Service[supervisord]: Could not find init script for 'supervisord'
Notice: /Stage[main]/Supervisord::Reload/Exec[supervisorctl_reread]/returns: error: <class 'socket.error'>, [Errno 2] No such file or directory: file: /usr/lib/python2.7/socket.py line: 224
Error: /Stage[main]/Supervisord::Reload/Exec[supervisorctl_reread]: Failed to call refresh: /usr/local/bin/supervisorctl reread returned 2 instead of one of [0]
Error: /Stage[main]/Supervisord::Reload/Exec[supervisorctl_reread]: /usr/local/bin/supervisorctl reread returned 2 instead of one of [0]
Notice: /Stage[main]/Supervisord::Reload/Exec[supervisorctl_update]/returns: error: <class 'socket.error'>, [Errno 2] No such file or directory: file: /usr/lib/python2.7/socket.py line: 224
Error: /Stage[main]/Supervisord::Reload/Exec[supervisorctl_update]: Failed to call refresh: /usr/local/bin/supervisorctl update returned 2 instead of one of [0]
Error: /Stage[main]/Supervisord::Reload/Exec[supervisorctl_update]: /usr/local/bin/supervisorctl update returned 2 instead of one of [0]
##############  OUTPUT END  ##############

=====================================================================
112. assert(Exec[concat_/etc/supervisord.conf])
=====================================================================

Step result:    success
Execution time: 6.35042473 seconds

############## OUTPUT START ##############

##############  OUTPUT END  ##############

########## CHANGE SUMMARY START ##########
No changes.
##########  CHANGE SUMMARY END  ##########

=====================================================================
113. assert(Exec[install_pip])
=====================================================================

Step result:    success
Execution time: 3.588902148 seconds

############## OUTPUT START ##############

##############  OUTPUT END  ##############

########## CHANGE SUMMARY START ##########
No changes.
##########  CHANGE SUMMARY END  ##########

=====================================================================
114. assert(Exec[install_setuptools])
=====================================================================

Step result:    success
Execution time: 3.754311783 seconds

############## OUTPUT START ##############

##############  OUTPUT END  ##############

########## CHANGE SUMMARY START ##########
No changes.
##########  CHANGE SUMMARY END  ##########

=====================================================================
115. assert(File[/etc/default/supervisor])
=====================================================================

Step result:    success
Execution time: 3.966209376 seconds

############## OUTPUT START ##############

##############  OUTPUT END  ##############

########## CHANGE SUMMARY START ##########
No changes.
##########  CHANGE SUMMARY END  ##########

=====================================================================
116. assert(File[/etc/supervisord.conf])
=====================================================================

Step result:    success
Execution time: 4.079447922 seconds

############## OUTPUT START ##############

##############  OUTPUT END  ##############

########## CHANGE SUMMARY START ##########
No changes.
##########  CHANGE SUMMARY END  ##########

=====================================================================
117. assert(File[/var/lib/puppet/concat/_etc_supervisord.conf/fragments.concat])
=====================================================================

Step result:    success
Execution time: 3.147741591 seconds

############## OUTPUT START ##############

##############  OUTPUT END  ##############

########## CHANGE SUMMARY START ##########
No changes.
##########  CHANGE SUMMARY END  ##########

=====================================================================
118. assert(File[/var/lib/puppet/concat/_etc_supervisord.conf/fragments/01_supervisord_unix])
=====================================================================

Step result:    success
Execution time: 4.219891456 seconds

############## OUTPUT START ##############

##############  OUTPUT END  ##############

########## CHANGE SUMMARY START ##########
No changes.
##########  CHANGE SUMMARY END  ##########

=====================================================================
119. assert(File[/var/lib/puppet/concat/_etc_supervisord.conf/fragments/02_supervisord_main])
=====================================================================

Step result:    success
Execution time: 4.054517278 seconds

############## OUTPUT START ##############

##############  OUTPUT END  ##############

########## CHANGE SUMMARY START ##########
No changes.
##########  CHANGE SUMMARY END  ##########

=====================================================================
120. assert(File[/var/lib/puppet/concat/_etc_supervisord.conf/fragments])
=====================================================================

Step result:    success
Execution time: 3.151384515 seconds

############## OUTPUT START ##############

##############  OUTPUT END  ##############

########## CHANGE SUMMARY START ##########
No changes.
##########  CHANGE SUMMARY END  ##########

=====================================================================
121. assert(File[/var/lib/puppet/concat/_etc_supervisord.conf])
=====================================================================

Step result:    success
Execution time: 3.000102397 seconds

############## OUTPUT START ##############

##############  OUTPUT END  ##############

########## CHANGE SUMMARY START ##########
No changes.
##########  CHANGE SUMMARY END  ##########

=====================================================================
122. assert(File[/var/lib/puppet/concat/bin/concatfragments.rb])
=====================================================================

Step result:    success
Execution time: 3.985806784 seconds

############## OUTPUT START ##############

##############  OUTPUT END  ##############

########## CHANGE SUMMARY START ##########
No changes.
##########  CHANGE SUMMARY END  ##########

=====================================================================
123. assert(File[/var/lib/puppet/concat/bin])
=====================================================================

Step result:    success
Execution time: 3.867865322 seconds

############## OUTPUT START ##############

##############  OUTPUT END  ##############

########## CHANGE SUMMARY START ##########
No changes.
##########  CHANGE SUMMARY END  ##########

=====================================================================
124. assert(File[/var/lib/puppet/concat])
=====================================================================

Step result:    success
Execution time: 4.055321979 seconds

############## OUTPUT START ##############

##############  OUTPUT END  ##############

########## CHANGE SUMMARY START ##########
No changes.
##########  CHANGE SUMMARY END  ##########

=====================================================================
125. assert(Package[curl])
=====================================================================

Step result:    success
Execution time: 4.072322105 seconds

############## OUTPUT START ##############

##############  OUTPUT END  ##############

########## CHANGE SUMMARY START ##########
No changes.
##########  CHANGE SUMMARY END  ##########

=====================================================================
126. assert(Package[python])
=====================================================================

Step result:    success
Execution time: 3.876761025 seconds

############## OUTPUT START ##############

##############  OUTPUT END  ##############

########## CHANGE SUMMARY START ##########
No changes.
##########  CHANGE SUMMARY END  ##########

=====================================================================
127. assert(Package[supervisor])
=====================================================================

Step result:    success
Execution time: 3.168201009 seconds

############## OUTPUT START ##############

##############  OUTPUT END  ##############

########## CHANGE SUMMARY START ##########
No changes.
##########  CHANGE SUMMARY END  ##########

