=====================================================================
Test Case Result - Overview
=====================================================================

Test Case: Test Case 28
Result:    SUCCESS

Steps:
  1. (success) exec(Package[curl])
  2. (success) assert(Package[curl])
  3. (success) exec(Package[python])
  4. (success) assert(Package[curl])
  5. (success) assert(Package[python])
  6. (success) exec(Exec[install_setuptools])
  7. (success) exec(Exec[install_pip])
  8. (success) assert(Exec[install_pip])
  9. (success) assert(Exec[install_setuptools])
  10. (success) assert(Package[curl])
  11. (success) assert(Package[python])
  12. (success) exec(Package[supervisor])
  13. (success) assert(Exec[install_pip])
  14. (success) assert(Exec[install_setuptools])
  15. (success) assert(Package[curl])
  16. (success) assert(Package[python])
  17. (success) assert(Package[supervisor])
  18. (success) exec(File[/etc/default/supervisor])
  19. (success) assert(Exec[install_pip])
  20. (success) assert(Exec[install_setuptools])
  21. (success) assert(File[/etc/default/supervisor])
  22. (success) assert(Package[curl])
  23. (success) assert(Package[python])
  24. (success) assert(Package[supervisor])
  25. (success) exec(File[/var/lib/puppet/concat])
  26. (success) assert(Exec[install_pip])
  27. (success) assert(Exec[install_setuptools])
  28. (success) assert(File[/etc/default/supervisor])
  29. (success) assert(File[/var/lib/puppet/concat])
  30. (success) assert(Package[curl])
  31. (success) assert(Package[python])
  32. (success) assert(Package[supervisor])
  33. (success) exec(File[/var/lib/puppet/concat/_etc_supervisord.conf])
  34. (success) assert(Exec[install_pip])
  35. (success) assert(Exec[install_setuptools])
  36. (success) assert(File[/etc/default/supervisor])
  37. (success) assert(File[/var/lib/puppet/concat/_etc_supervisord.conf])
  38. (success) assert(File[/var/lib/puppet/concat])
  39. (success) assert(Package[curl])
  40. (success) assert(Package[python])
  41. (success) assert(Package[supervisor])
  42. (success) exec(File[/var/lib/puppet/concat/_etc_supervisord.conf/fragments])
  43. (success) assert(Exec[install_pip])
  44. (success) assert(Exec[install_setuptools])
  45. (success) assert(File[/etc/default/supervisor])
  46. (success) assert(File[/var/lib/puppet/concat/_etc_supervisord.conf/fragments])
  47. (success) assert(File[/var/lib/puppet/concat/_etc_supervisord.conf])
  48. (success) assert(File[/var/lib/puppet/concat])
  49. (success) assert(Package[curl])
  50. (success) assert(Package[python])
  51. (success) assert(Package[supervisor])
  52. (success) exec(File[/var/lib/puppet/concat/_etc_supervisord.conf/fragments/02_supervisord_main])
  53. (success) assert(Exec[install_pip])
  54. (success) assert(Exec[install_setuptools])
  55. (success) assert(File[/etc/default/supervisor])
  56. (success) assert(File[/var/lib/puppet/concat/_etc_supervisord.conf/fragments/02_supervisord_main])
  57. (success) assert(File[/var/lib/puppet/concat/_etc_supervisord.conf/fragments])
  58. (success) assert(File[/var/lib/puppet/concat/_etc_supervisord.conf])
  59. (success) assert(File[/var/lib/puppet/concat])
  60. (success) assert(Package[curl])
  61. (success) assert(Package[python])
  62. (success) assert(Package[supervisor])

=====================================================================
1. exec(Package[curl])
=====================================================================

Step result:    success
Execution time: 0.146097452 seconds

############## OUTPUT START ##############

##############  OUTPUT END  ##############

=====================================================================
2. assert(Package[curl])
=====================================================================

Step result:    success
Execution time: 5.054102162 seconds

############## OUTPUT START ##############

##############  OUTPUT END  ##############

########## CHANGE SUMMARY START ##########
No changes.
##########  CHANGE SUMMARY END  ##########

=====================================================================
3. exec(Package[python])
=====================================================================

Step result:    success
Execution time: 0.222076328 seconds

############## OUTPUT START ##############

##############  OUTPUT END  ##############

=====================================================================
4. assert(Package[curl])
=====================================================================

Step result:    success
Execution time: 4.810700822 seconds

############## OUTPUT START ##############

##############  OUTPUT END  ##############

########## CHANGE SUMMARY START ##########
No changes.
##########  CHANGE SUMMARY END  ##########

=====================================================================
5. assert(Package[python])
=====================================================================

Step result:    success
Execution time: 3.360888196 seconds

############## OUTPUT START ##############

##############  OUTPUT END  ##############

########## CHANGE SUMMARY START ##########
No changes.
##########  CHANGE SUMMARY END  ##########

=====================================================================
6. exec(Exec[install_setuptools])
=====================================================================

Step result:    success
Execution time: 2.591562637 seconds

############## OUTPUT START ##############
Notice: /Stage[main]/Supervisord::Pip/Exec[install_setuptools]/returns: executed successfully
##############  OUTPUT END  ##############

=====================================================================
7. exec(Exec[install_pip])
=====================================================================

Step result:    success
Execution time: 4.809425523 seconds

############## OUTPUT START ##############
Notice: /Stage[main]/Supervisord::Pip/Exec[install_pip]/returns: executed successfully
##############  OUTPUT END  ##############

=====================================================================
8. assert(Exec[install_pip])
=====================================================================

Step result:    success
Execution time: 5.746829394 seconds

############## OUTPUT START ##############

##############  OUTPUT END  ##############

########## CHANGE SUMMARY START ##########
No changes.
##########  CHANGE SUMMARY END  ##########

=====================================================================
9. assert(Exec[install_setuptools])
=====================================================================

Step result:    success
Execution time: 4.077249885 seconds

############## OUTPUT START ##############

##############  OUTPUT END  ##############

########## CHANGE SUMMARY START ##########
No changes.
##########  CHANGE SUMMARY END  ##########

=====================================================================
10. assert(Package[curl])
=====================================================================

Step result:    success
Execution time: 3.954099521 seconds

############## OUTPUT START ##############

##############  OUTPUT END  ##############

########## CHANGE SUMMARY START ##########
No changes.
##########  CHANGE SUMMARY END  ##########

=====================================================================
11. assert(Package[python])
=====================================================================

Step result:    success
Execution time: 3.998285507 seconds

############## OUTPUT START ##############

##############  OUTPUT END  ##############

########## CHANGE SUMMARY START ##########
No changes.
##########  CHANGE SUMMARY END  ##########

=====================================================================
12. exec(Package[supervisor])
=====================================================================

Step result:    success
Execution time: 3.430415563 seconds

############## OUTPUT START ##############
Notice: /Stage[main]/Supervisord::Install/Package[supervisor]/ensure: created
##############  OUTPUT END  ##############

=====================================================================
13. assert(Exec[install_pip])
=====================================================================

Step result:    success
Execution time: 5.065560838 seconds

############## OUTPUT START ##############

##############  OUTPUT END  ##############

########## CHANGE SUMMARY START ##########
No changes.
##########  CHANGE SUMMARY END  ##########

=====================================================================
14. assert(Exec[install_setuptools])
=====================================================================

Step result:    success
Execution time: 3.998653824 seconds

############## OUTPUT START ##############

##############  OUTPUT END  ##############

########## CHANGE SUMMARY START ##########
No changes.
##########  CHANGE SUMMARY END  ##########

=====================================================================
15. assert(Package[curl])
=====================================================================

Step result:    success
Execution time: 3.710760485 seconds

############## OUTPUT START ##############

##############  OUTPUT END  ##############

########## CHANGE SUMMARY START ##########
No changes.
##########  CHANGE SUMMARY END  ##########

=====================================================================
16. assert(Package[python])
=====================================================================

Step result:    success
Execution time: 3.748824471 seconds

############## OUTPUT START ##############

##############  OUTPUT END  ##############

########## CHANGE SUMMARY START ##########
No changes.
##########  CHANGE SUMMARY END  ##########

=====================================================================
17. assert(Package[supervisor])
=====================================================================

Step result:    success
Execution time: 3.076607894 seconds

############## OUTPUT START ##############

##############  OUTPUT END  ##############

########## CHANGE SUMMARY START ##########
No changes.
##########  CHANGE SUMMARY END  ##########

=====================================================================
18. exec(File[/etc/default/supervisor])
=====================================================================

Step result:    success
Execution time: 1.177106479 seconds

############## OUTPUT START ##############
Notice: /Stage[main]/Supervisord::Config/File[/etc/default/supervisor]/ensure: created
Error: /Stage[main]/Supervisord::Service/Service[supervisord]: Failed to call refresh: Could not find init script for 'supervisord'
Error: /Stage[main]/Supervisord::Service/Service[supervisord]: Could not find init script for 'supervisord'
Notice: /Stage[main]/Supervisord::Reload/Exec[supervisorctl_reread]/returns: error: <class 'socket.error'>, [Errno 111] Connection refused: file: /usr/lib/python2.7/socket.py line: 571
Error: /Stage[main]/Supervisord::Reload/Exec[supervisorctl_reread]: Failed to call refresh: /usr/local/bin/supervisorctl reread returned 2 instead of one of [0]
Error: /Stage[main]/Supervisord::Reload/Exec[supervisorctl_reread]: /usr/local/bin/supervisorctl reread returned 2 instead of one of [0]
Notice: /Stage[main]/Supervisord::Reload/Exec[supervisorctl_update]/returns: error: <class 'socket.error'>, [Errno 111] Connection refused: file: /usr/lib/python2.7/socket.py line: 571
Error: /Stage[main]/Supervisord::Reload/Exec[supervisorctl_update]: Failed to call refresh: /usr/local/bin/supervisorctl update returned 2 instead of one of [0]
Error: /Stage[main]/Supervisord::Reload/Exec[supervisorctl_update]: /usr/local/bin/supervisorctl update returned 2 instead of one of [0]
##############  OUTPUT END  ##############

=====================================================================
19. assert(Exec[install_pip])
=====================================================================

Step result:    success
Execution time: 5.772558504 seconds

############## OUTPUT START ##############

##############  OUTPUT END  ##############

########## CHANGE SUMMARY START ##########
No changes.
##########  CHANGE SUMMARY END  ##########

=====================================================================
20. assert(Exec[install_setuptools])
=====================================================================

Step result:    success
Execution time: 3.955746608 seconds

############## OUTPUT START ##############

##############  OUTPUT END  ##############

########## CHANGE SUMMARY START ##########
No changes.
##########  CHANGE SUMMARY END  ##########

=====================================================================
21. assert(File[/etc/default/supervisor])
=====================================================================

Step result:    success
Execution time: 3.885171163 seconds

############## OUTPUT START ##############

##############  OUTPUT END  ##############

########## CHANGE SUMMARY START ##########
No changes.
##########  CHANGE SUMMARY END  ##########

=====================================================================
22. assert(Package[curl])
=====================================================================

Step result:    success
Execution time: 3.626894872 seconds

############## OUTPUT START ##############

##############  OUTPUT END  ##############

########## CHANGE SUMMARY START ##########
No changes.
##########  CHANGE SUMMARY END  ##########

=====================================================================
23. assert(Package[python])
=====================================================================

Step result:    success
Execution time: 4.032334885 seconds

############## OUTPUT START ##############

##############  OUTPUT END  ##############

########## CHANGE SUMMARY START ##########
No changes.
##########  CHANGE SUMMARY END  ##########

=====================================================================
24. assert(Package[supervisor])
=====================================================================

Step result:    success
Execution time: 3.078057493 seconds

############## OUTPUT START ##############

##############  OUTPUT END  ##############

########## CHANGE SUMMARY START ##########
No changes.
##########  CHANGE SUMMARY END  ##########

=====================================================================
25. exec(File[/var/lib/puppet/concat])
=====================================================================

Step result:    success
Execution time: 0.86555955 seconds

############## OUTPUT START ##############
Notice: /Stage[main]/Concat::Setup/File[/var/lib/puppet/concat]/ensure: created
##############  OUTPUT END  ##############

=====================================================================
26. assert(Exec[install_pip])
=====================================================================

Step result:    success
Execution time: 5.598255334 seconds

############## OUTPUT START ##############

##############  OUTPUT END  ##############

########## CHANGE SUMMARY START ##########
No changes.
##########  CHANGE SUMMARY END  ##########

=====================================================================
27. assert(Exec[install_setuptools])
=====================================================================

Step result:    success
Execution time: 3.917599034 seconds

############## OUTPUT START ##############

##############  OUTPUT END  ##############

########## CHANGE SUMMARY START ##########
No changes.
##########  CHANGE SUMMARY END  ##########

=====================================================================
28. assert(File[/etc/default/supervisor])
=====================================================================

Step result:    success
Execution time: 3.861898691 seconds

############## OUTPUT START ##############

##############  OUTPUT END  ##############

########## CHANGE SUMMARY START ##########
No changes.
##########  CHANGE SUMMARY END  ##########

=====================================================================
29. assert(File[/var/lib/puppet/concat])
=====================================================================

Step result:    success
Execution time: 3.606051457 seconds

############## OUTPUT START ##############

##############  OUTPUT END  ##############

########## CHANGE SUMMARY START ##########
No changes.
##########  CHANGE SUMMARY END  ##########

=====================================================================
30. assert(Package[curl])
=====================================================================

Step result:    success
Execution time: 3.781310162 seconds

############## OUTPUT START ##############

##############  OUTPUT END  ##############

########## CHANGE SUMMARY START ##########
No changes.
##########  CHANGE SUMMARY END  ##########

=====================================================================
31. assert(Package[python])
=====================================================================

Step result:    success
Execution time: 3.573501859 seconds

############## OUTPUT START ##############

##############  OUTPUT END  ##############

########## CHANGE SUMMARY START ##########
No changes.
##########  CHANGE SUMMARY END  ##########

=====================================================================
32. assert(Package[supervisor])
=====================================================================

Step result:    success
Execution time: 2.948819928 seconds

############## OUTPUT START ##############

##############  OUTPUT END  ##############

########## CHANGE SUMMARY START ##########
No changes.
##########  CHANGE SUMMARY END  ##########

=====================================================================
33. exec(File[/var/lib/puppet/concat/_etc_supervisord.conf])
=====================================================================

Step result:    success
Execution time: 1.059233657 seconds

############## OUTPUT START ##############
Notice: /Stage[main]/Supervisord::Config/Concat[/etc/supervisord.conf]/File[/var/lib/puppet/concat/_etc_supervisord.conf]/ensure: created
Error: /Stage[main]/Supervisord::Config/Concat[/etc/supervisord.conf]/Exec[concat_/etc/supervisord.conf]: Failed to call refresh: Could not find command '/var/lib/puppet/concat/bin/concatfragments.rb'
Error: /Stage[main]/Supervisord::Config/Concat[/etc/supervisord.conf]/Exec[concat_/etc/supervisord.conf]: Could not find command '/var/lib/puppet/concat/bin/concatfragments.rb'
Notice: /Stage[main]/Supervisord::Reload/Exec[supervisorctl_reread]/returns: error: <class 'socket.error'>, [Errno 111] Connection refused: file: /usr/lib/python2.7/socket.py line: 571
Error: /Stage[main]/Supervisord::Reload/Exec[supervisorctl_reread]: Failed to call refresh: /usr/local/bin/supervisorctl reread returned 2 instead of one of [0]
Error: /Stage[main]/Supervisord::Reload/Exec[supervisorctl_reread]: /usr/local/bin/supervisorctl reread returned 2 instead of one of [0]
Notice: /Stage[main]/Supervisord::Reload/Exec[supervisorctl_update]/returns: error: <class 'socket.error'>, [Errno 111] Connection refused: file: /usr/lib/python2.7/socket.py line: 571
Error: /Stage[main]/Supervisord::Reload/Exec[supervisorctl_update]: Failed to call refresh: /usr/local/bin/supervisorctl update returned 2 instead of one of [0]
Error: /Stage[main]/Supervisord::Reload/Exec[supervisorctl_update]: /usr/local/bin/supervisorctl update returned 2 instead of one of [0]
##############  OUTPUT END  ##############

=====================================================================
34. assert(Exec[install_pip])
=====================================================================

Step result:    success
Execution time: 5.635918896 seconds

############## OUTPUT START ##############

##############  OUTPUT END  ##############

########## CHANGE SUMMARY START ##########
No changes.
##########  CHANGE SUMMARY END  ##########

=====================================================================
35. assert(Exec[install_setuptools])
=====================================================================

Step result:    success
Execution time: 3.813832873 seconds

############## OUTPUT START ##############

##############  OUTPUT END  ##############

########## CHANGE SUMMARY START ##########
No changes.
##########  CHANGE SUMMARY END  ##########

=====================================================================
36. assert(File[/etc/default/supervisor])
=====================================================================

Step result:    success
Execution time: 3.746341445 seconds

############## OUTPUT START ##############

##############  OUTPUT END  ##############

########## CHANGE SUMMARY START ##########
No changes.
##########  CHANGE SUMMARY END  ##########

=====================================================================
37. assert(File[/var/lib/puppet/concat/_etc_supervisord.conf])
=====================================================================

Step result:    success
Execution time: 3.062686884 seconds

############## OUTPUT START ##############

##############  OUTPUT END  ##############

########## CHANGE SUMMARY START ##########
No changes.
##########  CHANGE SUMMARY END  ##########

=====================================================================
38. assert(File[/var/lib/puppet/concat])
=====================================================================

Step result:    success
Execution time: 3.828633689 seconds

############## OUTPUT START ##############

##############  OUTPUT END  ##############

########## CHANGE SUMMARY START ##########
No changes.
##########  CHANGE SUMMARY END  ##########

=====================================================================
39. assert(Package[curl])
=====================================================================

Step result:    success
Execution time: 3.61894138 seconds

############## OUTPUT START ##############

##############  OUTPUT END  ##############

########## CHANGE SUMMARY START ##########
No changes.
##########  CHANGE SUMMARY END  ##########

=====================================================================
40. assert(Package[python])
=====================================================================

Step result:    success
Execution time: 3.96961007 seconds

############## OUTPUT START ##############

##############  OUTPUT END  ##############

########## CHANGE SUMMARY START ##########
No changes.
##########  CHANGE SUMMARY END  ##########

=====================================================================
41. assert(Package[supervisor])
=====================================================================

Step result:    success
Execution time: 3.223803753 seconds

############## OUTPUT START ##############

##############  OUTPUT END  ##############

########## CHANGE SUMMARY START ##########
No changes.
##########  CHANGE SUMMARY END  ##########

=====================================================================
42. exec(File[/var/lib/puppet/concat/_etc_supervisord.conf/fragments])
=====================================================================

Step result:    success
Execution time: 1.107938268 seconds

############## OUTPUT START ##############
Notice: /Stage[main]/Supervisord::Config/Concat[/etc/supervisord.conf]/File[/var/lib/puppet/concat/_etc_supervisord.conf/fragments]/ensure: created
Error: /Stage[main]/Supervisord::Config/Concat[/etc/supervisord.conf]/Exec[concat_/etc/supervisord.conf]: Failed to call refresh: Could not find command '/var/lib/puppet/concat/bin/concatfragments.rb'
Error: /Stage[main]/Supervisord::Config/Concat[/etc/supervisord.conf]/Exec[concat_/etc/supervisord.conf]: Could not find command '/var/lib/puppet/concat/bin/concatfragments.rb'
Notice: /Stage[main]/Supervisord::Reload/Exec[supervisorctl_reread]/returns: error: <class 'socket.error'>, [Errno 111] Connection refused: file: /usr/lib/python2.7/socket.py line: 571
Error: /Stage[main]/Supervisord::Reload/Exec[supervisorctl_reread]: Failed to call refresh: /usr/local/bin/supervisorctl reread returned 2 instead of one of [0]
Error: /Stage[main]/Supervisord::Reload/Exec[supervisorctl_reread]: /usr/local/bin/supervisorctl reread returned 2 instead of one of [0]
Notice: /Stage[main]/Supervisord::Reload/Exec[supervisorctl_update]/returns: error: <class 'socket.error'>, [Errno 111] Connection refused: file: /usr/lib/python2.7/socket.py line: 571
Error: /Stage[main]/Supervisord::Reload/Exec[supervisorctl_update]: Failed to call refresh: /usr/local/bin/supervisorctl update returned 2 instead of one of [0]
Error: /Stage[main]/Supervisord::Reload/Exec[supervisorctl_update]: /usr/local/bin/supervisorctl update returned 2 instead of one of [0]
##############  OUTPUT END  ##############

=====================================================================
43. assert(Exec[install_pip])
=====================================================================

Step result:    success
Execution time: 5.714365147 seconds

############## OUTPUT START ##############

##############  OUTPUT END  ##############

########## CHANGE SUMMARY START ##########
No changes.
##########  CHANGE SUMMARY END  ##########

=====================================================================
44. assert(Exec[install_setuptools])
=====================================================================

Step result:    success
Execution time: 3.768666401 seconds

############## OUTPUT START ##############

##############  OUTPUT END  ##############

########## CHANGE SUMMARY START ##########
No changes.
##########  CHANGE SUMMARY END  ##########

=====================================================================
45. assert(File[/etc/default/supervisor])
=====================================================================

Step result:    success
Execution time: 3.974370301 seconds

############## OUTPUT START ##############

##############  OUTPUT END  ##############

########## CHANGE SUMMARY START ##########
No changes.
##########  CHANGE SUMMARY END  ##########

=====================================================================
46. assert(File[/var/lib/puppet/concat/_etc_supervisord.conf/fragments])
=====================================================================

Step result:    success
Execution time: 3.172213092 seconds

############## OUTPUT START ##############

##############  OUTPUT END  ##############

########## CHANGE SUMMARY START ##########
No changes.
##########  CHANGE SUMMARY END  ##########

=====================================================================
47. assert(File[/var/lib/puppet/concat/_etc_supervisord.conf])
=====================================================================

Step result:    success
Execution time: 2.974958965 seconds

############## OUTPUT START ##############

##############  OUTPUT END  ##############

########## CHANGE SUMMARY START ##########
No changes.
##########  CHANGE SUMMARY END  ##########

=====================================================================
48. assert(File[/var/lib/puppet/concat])
=====================================================================

Step result:    success
Execution time: 3.567521396 seconds

############## OUTPUT START ##############

##############  OUTPUT END  ##############

########## CHANGE SUMMARY START ##########
No changes.
##########  CHANGE SUMMARY END  ##########

=====================================================================
49. assert(Package[curl])
=====================================================================

Step result:    success
Execution time: 3.937048442 seconds

############## OUTPUT START ##############

##############  OUTPUT END  ##############

########## CHANGE SUMMARY START ##########
No changes.
##########  CHANGE SUMMARY END  ##########

=====================================================================
50. assert(Package[python])
=====================================================================

Step result:    success
Execution time: 3.477455336 seconds

############## OUTPUT START ##############

##############  OUTPUT END  ##############

########## CHANGE SUMMARY START ##########
No changes.
##########  CHANGE SUMMARY END  ##########

=====================================================================
51. assert(Package[supervisor])
=====================================================================

Step result:    success
Execution time: 3.200508515 seconds

############## OUTPUT START ##############

##############  OUTPUT END  ##############

########## CHANGE SUMMARY START ##########
No changes.
##########  CHANGE SUMMARY END  ##########

=====================================================================
52. exec(File[/var/lib/puppet/concat/_etc_supervisord.conf/fragments/02_supervisord_main])
=====================================================================

Step result:    success
Execution time: 1.168600315 seconds

############## OUTPUT START ##############
Notice: /Stage[main]/Supervisord::Config/Concat::Fragment[supervisord_main]/File[/var/lib/puppet/concat/_etc_supervisord.conf/fragments/02_supervisord_main]/ensure: defined content as '{md5}55c74a2fcacbea30c7d397a40dc0110d'
Error: /Stage[main]/Supervisord::Config/Concat[/etc/supervisord.conf]/Exec[concat_/etc/supervisord.conf]: Failed to call refresh: Could not find command '/var/lib/puppet/concat/bin/concatfragments.rb'
Error: /Stage[main]/Supervisord::Config/Concat[/etc/supervisord.conf]/Exec[concat_/etc/supervisord.conf]: Could not find command '/var/lib/puppet/concat/bin/concatfragments.rb'
Notice: /Stage[main]/Supervisord::Reload/Exec[supervisorctl_reread]/returns: error: <class 'socket.error'>, [Errno 111] Connection refused: file: /usr/lib/python2.7/socket.py line: 571
Error: /Stage[main]/Supervisord::Reload/Exec[supervisorctl_reread]: Failed to call refresh: /usr/local/bin/supervisorctl reread returned 2 instead of one of [0]
Error: /Stage[main]/Supervisord::Reload/Exec[supervisorctl_reread]: /usr/local/bin/supervisorctl reread returned 2 instead of one of [0]
Notice: /Stage[main]/Supervisord::Reload/Exec[supervisorctl_update]/returns: error: <class 'socket.error'>, [Errno 111] Connection refused: file: /usr/lib/python2.7/socket.py line: 571
Error: /Stage[main]/Supervisord::Reload/Exec[supervisorctl_update]: Failed to call refresh: /usr/local/bin/supervisorctl update returned 2 instead of one of [0]
Error: /Stage[main]/Supervisord::Reload/Exec[supervisorctl_update]: /usr/local/bin/supervisorctl update returned 2 instead of one of [0]
##############  OUTPUT END  ##############

=====================================================================
53. assert(Exec[install_pip])
=====================================================================

Step result:    success
Execution time: 5.80464005 seconds

############## OUTPUT START ##############

##############  OUTPUT END  ##############

########## CHANGE SUMMARY START ##########
No changes.
##########  CHANGE SUMMARY END  ##########

=====================================================================
54. assert(Exec[install_setuptools])
=====================================================================

Step result:    success
Execution time: 3.578004215 seconds

############## OUTPUT START ##############

##############  OUTPUT END  ##############

########## CHANGE SUMMARY START ##########
No changes.
##########  CHANGE SUMMARY END  ##########

=====================================================================
55. assert(File[/etc/default/supervisor])
=====================================================================

Step result:    success
Execution time: 3.854429377 seconds

############## OUTPUT START ##############

##############  OUTPUT END  ##############

########## CHANGE SUMMARY START ##########
No changes.
##########  CHANGE SUMMARY END  ##########

=====================================================================
56. assert(File[/var/lib/puppet/concat/_etc_supervisord.conf/fragments/02_supervisord_main])
=====================================================================

Step result:    success
Execution time: 3.852570444 seconds

############## OUTPUT START ##############

##############  OUTPUT END  ##############

########## CHANGE SUMMARY START ##########
No changes.
##########  CHANGE SUMMARY END  ##########

=====================================================================
57. assert(File[/var/lib/puppet/concat/_etc_supervisord.conf/fragments])
=====================================================================

Step result:    success
Execution time: 3.066898173 seconds

############## OUTPUT START ##############

##############  OUTPUT END  ##############

########## CHANGE SUMMARY START ##########
No changes.
##########  CHANGE SUMMARY END  ##########

=====================================================================
58. assert(File[/var/lib/puppet/concat/_etc_supervisord.conf])
=====================================================================

Step result:    success
Execution time: 3.101842916 seconds

############## OUTPUT START ##############

##############  OUTPUT END  ##############

########## CHANGE SUMMARY START ##########
No changes.
##########  CHANGE SUMMARY END  ##########

=====================================================================
59. assert(File[/var/lib/puppet/concat])
=====================================================================

Step result:    success
Execution time: 3.790289572 seconds

############## OUTPUT START ##############

##############  OUTPUT END  ##############

########## CHANGE SUMMARY START ##########
No changes.
##########  CHANGE SUMMARY END  ##########

=====================================================================
60. assert(Package[curl])
=====================================================================

Step result:    success
Execution time: 3.767829661 seconds

############## OUTPUT START ##############

##############  OUTPUT END  ##############

########## CHANGE SUMMARY START ##########
No changes.
##########  CHANGE SUMMARY END  ##########

=====================================================================
61. assert(Package[python])
=====================================================================

Step result:    success
Execution time: 3.685799417 seconds

############## OUTPUT START ##############

##############  OUTPUT END  ##############

########## CHANGE SUMMARY START ##########
No changes.
##########  CHANGE SUMMARY END  ##########

=====================================================================
62. assert(Package[supervisor])
=====================================================================

Step result:    success
Execution time: 3.194046417 seconds

############## OUTPUT START ##############

##############  OUTPUT END  ##############

########## CHANGE SUMMARY START ##########
No changes.
##########  CHANGE SUMMARY END  ##########

