=====================================================================
Test Case Result - Overview
=====================================================================

Test Case: Test Case 10
Result:    SUCCESS

Steps:
  1. (success) exec(Package[python])
  2. (success) exec(File[/var/lib/puppet/concat])
  3. (success) exec(Package[curl])
  4. (success) exec(Exec[install_setuptools])
  5. (success) exec(Exec[install_pip])
  6. (success) exec(Package[supervisor])
  7. (success) exec(File[/var/lib/puppet/concat/bin])
  8. (success) assert(Exec[install_pip])
  9. (success) assert(Exec[install_setuptools])
  10. (success) assert(File[/var/lib/puppet/concat/bin])
  11. (success) assert(File[/var/lib/puppet/concat])
  12. (success) assert(Package[curl])
  13. (success) assert(Package[python])
  14. (success) assert(Package[supervisor])
  15. (success) exec(File[/var/lib/puppet/concat/_etc_supervisord.conf])
  16. (success) assert(Exec[install_pip])
  17. (success) assert(Exec[install_setuptools])
  18. (success) assert(File[/var/lib/puppet/concat/_etc_supervisord.conf])
  19. (success) assert(File[/var/lib/puppet/concat/bin])
  20. (success) assert(File[/var/lib/puppet/concat])
  21. (success) assert(Package[curl])
  22. (success) assert(Package[python])
  23. (success) assert(Package[supervisor])
  24. (success) exec(File[/var/lib/puppet/concat/_etc_supervisord.conf/fragments])
  25. (success) assert(Exec[install_pip])
  26. (success) assert(Exec[install_setuptools])
  27. (success) assert(File[/var/lib/puppet/concat/_etc_supervisord.conf/fragments])
  28. (success) assert(File[/var/lib/puppet/concat/_etc_supervisord.conf])
  29. (success) assert(File[/var/lib/puppet/concat/bin])
  30. (success) assert(File[/var/lib/puppet/concat])
  31. (success) assert(Package[curl])
  32. (success) assert(Package[python])
  33. (success) assert(Package[supervisor])
  34. (success) exec(File[/var/lib/puppet/concat/_etc_supervisord.conf/fragments/02_supervisord_main])
  35. (success) assert(Exec[install_pip])
  36. (success) assert(Exec[install_setuptools])
  37. (success) assert(File[/var/lib/puppet/concat/_etc_supervisord.conf/fragments/02_supervisord_main])
  38. (success) assert(File[/var/lib/puppet/concat/_etc_supervisord.conf/fragments])
  39. (success) assert(File[/var/lib/puppet/concat/_etc_supervisord.conf])
  40. (success) assert(File[/var/lib/puppet/concat/bin])
  41. (success) assert(File[/var/lib/puppet/concat])
  42. (success) assert(Package[curl])
  43. (success) assert(Package[python])
  44. (success) assert(Package[supervisor])
  45. (success) exec(File[/var/lib/puppet/concat/bin/concatfragments.rb])
  46. (success) exec(File[/var/lib/puppet/concat/_etc_supervisord.conf/fragments.concat])
  47. (success) exec(File[/var/lib/puppet/concat/_etc_supervisord.conf/fragments/01_supervisord_unix])
  48. (success) exec(Exec[concat_/etc/supervisord.conf])
  49. (success) exec(File[/etc/supervisord.conf])
  50. (success) exec(File[/etc/supervisor.d])
  51. (success) assert(Exec[concat_/etc/supervisord.conf])
  52. (success) assert(Exec[install_pip])
  53. (success) assert(Exec[install_setuptools])
  54. (success) assert(File[/etc/supervisor.d])
  55. (success) assert(File[/etc/supervisord.conf])
  56. (success) assert(File[/var/lib/puppet/concat/_etc_supervisord.conf/fragments.concat])
  57. (success) assert(File[/var/lib/puppet/concat/_etc_supervisord.conf/fragments/01_supervisord_unix])
  58. (success) assert(File[/var/lib/puppet/concat/_etc_supervisord.conf/fragments/02_supervisord_main])
  59. (success) assert(File[/var/lib/puppet/concat/_etc_supervisord.conf/fragments])
  60. (success) assert(File[/var/lib/puppet/concat/_etc_supervisord.conf])
  61. (success) assert(File[/var/lib/puppet/concat/bin/concatfragments.rb])
  62. (success) assert(File[/var/lib/puppet/concat/bin])
  63. (success) assert(File[/var/lib/puppet/concat])
  64. (success) assert(Package[curl])
  65. (success) assert(Package[python])
  66. (success) assert(Package[supervisor])

=====================================================================
1. exec(Package[python])
=====================================================================

Step result:    success
Execution time: 0.149611173 seconds

############## OUTPUT START ##############

##############  OUTPUT END  ##############

=====================================================================
2. exec(File[/var/lib/puppet/concat])
=====================================================================

Step result:    success
Execution time: 0.160501871 seconds

############## OUTPUT START ##############
Notice: /Stage[main]/Concat::Setup/File[/var/lib/puppet/concat]/ensure: created
##############  OUTPUT END  ##############

=====================================================================
3. exec(Package[curl])
=====================================================================

Step result:    success
Execution time: 0.161762534 seconds

############## OUTPUT START ##############

##############  OUTPUT END  ##############

=====================================================================
4. exec(Exec[install_setuptools])
=====================================================================

Step result:    success
Execution time: 2.529158272 seconds

############## OUTPUT START ##############
Notice: /Stage[main]/Supervisord::Pip/Exec[install_setuptools]/returns: executed successfully
##############  OUTPUT END  ##############

=====================================================================
5. exec(Exec[install_pip])
=====================================================================

Step result:    success
Execution time: 5.112750294 seconds

############## OUTPUT START ##############
Notice: /Stage[main]/Supervisord::Pip/Exec[install_pip]/returns: executed successfully
##############  OUTPUT END  ##############

=====================================================================
6. exec(Package[supervisor])
=====================================================================

Step result:    success
Execution time: 3.878888188 seconds

############## OUTPUT START ##############
Notice: /Stage[main]/Supervisord::Install/Package[supervisor]/ensure: created
##############  OUTPUT END  ##############

=====================================================================
7. exec(File[/var/lib/puppet/concat/bin])
=====================================================================

Step result:    success
Execution time: 0.785808623 seconds

############## OUTPUT START ##############
Notice: /Stage[main]/Concat::Setup/File[/var/lib/puppet/concat/bin]/ensure: created
##############  OUTPUT END  ##############

=====================================================================
8. assert(Exec[install_pip])
=====================================================================

Step result:    success
Execution time: 5.574922957 seconds

############## OUTPUT START ##############

##############  OUTPUT END  ##############

########## CHANGE SUMMARY START ##########
No changes.
##########  CHANGE SUMMARY END  ##########

=====================================================================
9. assert(Exec[install_setuptools])
=====================================================================

Step result:    success
Execution time: 3.92534813 seconds

############## OUTPUT START ##############

##############  OUTPUT END  ##############

########## CHANGE SUMMARY START ##########
No changes.
##########  CHANGE SUMMARY END  ##########

=====================================================================
10. assert(File[/var/lib/puppet/concat/bin])
=====================================================================

Step result:    success
Execution time: 4.159058338 seconds

############## OUTPUT START ##############

##############  OUTPUT END  ##############

########## CHANGE SUMMARY START ##########
No changes.
##########  CHANGE SUMMARY END  ##########

=====================================================================
11. assert(File[/var/lib/puppet/concat])
=====================================================================

Step result:    success
Execution time: 4.107464695 seconds

############## OUTPUT START ##############

##############  OUTPUT END  ##############

########## CHANGE SUMMARY START ##########
No changes.
##########  CHANGE SUMMARY END  ##########

=====================================================================
12. assert(Package[curl])
=====================================================================

Step result:    success
Execution time: 3.933854598 seconds

############## OUTPUT START ##############

##############  OUTPUT END  ##############

########## CHANGE SUMMARY START ##########
No changes.
##########  CHANGE SUMMARY END  ##########

=====================================================================
13. assert(Package[python])
=====================================================================

Step result:    success
Execution time: 3.71608024 seconds

############## OUTPUT START ##############

##############  OUTPUT END  ##############

########## CHANGE SUMMARY START ##########
No changes.
##########  CHANGE SUMMARY END  ##########

=====================================================================
14. assert(Package[supervisor])
=====================================================================

Step result:    success
Execution time: 3.25894233 seconds

############## OUTPUT START ##############

##############  OUTPUT END  ##############

########## CHANGE SUMMARY START ##########
No changes.
##########  CHANGE SUMMARY END  ##########

=====================================================================
15. exec(File[/var/lib/puppet/concat/_etc_supervisord.conf])
=====================================================================

Step result:    success
Execution time: 1.158751188 seconds

############## OUTPUT START ##############
Notice: /Stage[main]/Supervisord::Config/Concat[/etc/supervisord.conf]/File[/var/lib/puppet/concat/_etc_supervisord.conf]/ensure: created
Error: /Stage[main]/Supervisord::Config/Concat[/etc/supervisord.conf]/Exec[concat_/etc/supervisord.conf]: Failed to call refresh: Could not find command '/var/lib/puppet/concat/bin/concatfragments.rb'
Error: /Stage[main]/Supervisord::Config/Concat[/etc/supervisord.conf]/Exec[concat_/etc/supervisord.conf]: Could not find command '/var/lib/puppet/concat/bin/concatfragments.rb'
Notice: /Stage[main]/Supervisord::Reload/Exec[supervisorctl_reread]/returns: error: <class 'socket.error'>, [Errno 111] Connection refused: file: /usr/lib/python2.7/socket.py line: 571
Error: /Stage[main]/Supervisord::Reload/Exec[supervisorctl_reread]: Failed to call refresh: /usr/local/bin/supervisorctl reread returned 2 instead of one of [0]
Error: /Stage[main]/Supervisord::Reload/Exec[supervisorctl_reread]: /usr/local/bin/supervisorctl reread returned 2 instead of one of [0]
Notice: /Stage[main]/Supervisord::Reload/Exec[supervisorctl_update]/returns: error: <class 'socket.error'>, [Errno 111] Connection refused: file: /usr/lib/python2.7/socket.py line: 571
Error: /Stage[main]/Supervisord::Reload/Exec[supervisorctl_update]: Failed to call refresh: /usr/local/bin/supervisorctl update returned 2 instead of one of [0]
Error: /Stage[main]/Supervisord::Reload/Exec[supervisorctl_update]: /usr/local/bin/supervisorctl update returned 2 instead of one of [0]
##############  OUTPUT END  ##############

=====================================================================
16. assert(Exec[install_pip])
=====================================================================

Step result:    success
Execution time: 6.38158288 seconds

############## OUTPUT START ##############

##############  OUTPUT END  ##############

########## CHANGE SUMMARY START ##########
No changes.
##########  CHANGE SUMMARY END  ##########

=====================================================================
17. assert(Exec[install_setuptools])
=====================================================================

Step result:    success
Execution time: 3.743917413 seconds

############## OUTPUT START ##############

##############  OUTPUT END  ##############

########## CHANGE SUMMARY START ##########
No changes.
##########  CHANGE SUMMARY END  ##########

=====================================================================
18. assert(File[/var/lib/puppet/concat/_etc_supervisord.conf])
=====================================================================

Step result:    success
Execution time: 3.113995704 seconds

############## OUTPUT START ##############

##############  OUTPUT END  ##############

########## CHANGE SUMMARY START ##########
No changes.
##########  CHANGE SUMMARY END  ##########

=====================================================================
19. assert(File[/var/lib/puppet/concat/bin])
=====================================================================

Step result:    success
Execution time: 3.968367954 seconds

############## OUTPUT START ##############

##############  OUTPUT END  ##############

########## CHANGE SUMMARY START ##########
No changes.
##########  CHANGE SUMMARY END  ##########

=====================================================================
20. assert(File[/var/lib/puppet/concat])
=====================================================================

Step result:    success
Execution time: 3.89690783 seconds

############## OUTPUT START ##############

##############  OUTPUT END  ##############

########## CHANGE SUMMARY START ##########
No changes.
##########  CHANGE SUMMARY END  ##########

=====================================================================
21. assert(Package[curl])
=====================================================================

Step result:    success
Execution time: 4.01806911 seconds

############## OUTPUT START ##############

##############  OUTPUT END  ##############

########## CHANGE SUMMARY START ##########
No changes.
##########  CHANGE SUMMARY END  ##########

=====================================================================
22. assert(Package[python])
=====================================================================

Step result:    success
Execution time: 4.168661627 seconds

############## OUTPUT START ##############

##############  OUTPUT END  ##############

########## CHANGE SUMMARY START ##########
No changes.
##########  CHANGE SUMMARY END  ##########

=====================================================================
23. assert(Package[supervisor])
=====================================================================

Step result:    success
Execution time: 3.095338374 seconds

############## OUTPUT START ##############

##############  OUTPUT END  ##############

########## CHANGE SUMMARY START ##########
No changes.
##########  CHANGE SUMMARY END  ##########

=====================================================================
24. exec(File[/var/lib/puppet/concat/_etc_supervisord.conf/fragments])
=====================================================================

Step result:    success
Execution time: 1.07458171 seconds

############## OUTPUT START ##############
Notice: /Stage[main]/Supervisord::Config/Concat[/etc/supervisord.conf]/File[/var/lib/puppet/concat/_etc_supervisord.conf/fragments]/ensure: created
Error: /Stage[main]/Supervisord::Config/Concat[/etc/supervisord.conf]/Exec[concat_/etc/supervisord.conf]: Failed to call refresh: Could not find command '/var/lib/puppet/concat/bin/concatfragments.rb'
Error: /Stage[main]/Supervisord::Config/Concat[/etc/supervisord.conf]/Exec[concat_/etc/supervisord.conf]: Could not find command '/var/lib/puppet/concat/bin/concatfragments.rb'
Notice: /Stage[main]/Supervisord::Reload/Exec[supervisorctl_reread]/returns: error: <class 'socket.error'>, [Errno 111] Connection refused: file: /usr/lib/python2.7/socket.py line: 571
Error: /Stage[main]/Supervisord::Reload/Exec[supervisorctl_reread]: Failed to call refresh: /usr/local/bin/supervisorctl reread returned 2 instead of one of [0]
Error: /Stage[main]/Supervisord::Reload/Exec[supervisorctl_reread]: /usr/local/bin/supervisorctl reread returned 2 instead of one of [0]
Notice: /Stage[main]/Supervisord::Reload/Exec[supervisorctl_update]/returns: error: <class 'socket.error'>, [Errno 111] Connection refused: file: /usr/lib/python2.7/socket.py line: 571
Error: /Stage[main]/Supervisord::Reload/Exec[supervisorctl_update]: Failed to call refresh: /usr/local/bin/supervisorctl update returned 2 instead of one of [0]
Error: /Stage[main]/Supervisord::Reload/Exec[supervisorctl_update]: /usr/local/bin/supervisorctl update returned 2 instead of one of [0]
##############  OUTPUT END  ##############

=====================================================================
25. assert(Exec[install_pip])
=====================================================================

Step result:    success
Execution time: 5.905638333 seconds

############## OUTPUT START ##############

##############  OUTPUT END  ##############

########## CHANGE SUMMARY START ##########
No changes.
##########  CHANGE SUMMARY END  ##########

=====================================================================
26. assert(Exec[install_setuptools])
=====================================================================

Step result:    success
Execution time: 4.299808493 seconds

############## OUTPUT START ##############

##############  OUTPUT END  ##############

########## CHANGE SUMMARY START ##########
No changes.
##########  CHANGE SUMMARY END  ##########

=====================================================================
27. assert(File[/var/lib/puppet/concat/_etc_supervisord.conf/fragments])
=====================================================================

Step result:    success
Execution time: 3.272051529 seconds

############## OUTPUT START ##############

##############  OUTPUT END  ##############

########## CHANGE SUMMARY START ##########
No changes.
##########  CHANGE SUMMARY END  ##########

=====================================================================
28. assert(File[/var/lib/puppet/concat/_etc_supervisord.conf])
=====================================================================

Step result:    success
Execution time: 2.88963649 seconds

############## OUTPUT START ##############

##############  OUTPUT END  ##############

########## CHANGE SUMMARY START ##########
No changes.
##########  CHANGE SUMMARY END  ##########

=====================================================================
29. assert(File[/var/lib/puppet/concat/bin])
=====================================================================

Step result:    success
Execution time: 3.63036132 seconds

############## OUTPUT START ##############

##############  OUTPUT END  ##############

########## CHANGE SUMMARY START ##########
No changes.
##########  CHANGE SUMMARY END  ##########

=====================================================================
30. assert(File[/var/lib/puppet/concat])
=====================================================================

Step result:    success
Execution time: 3.726645463 seconds

############## OUTPUT START ##############

##############  OUTPUT END  ##############

########## CHANGE SUMMARY START ##########
No changes.
##########  CHANGE SUMMARY END  ##########

=====================================================================
31. assert(Package[curl])
=====================================================================

Step result:    success
Execution time: 3.769501005 seconds

############## OUTPUT START ##############

##############  OUTPUT END  ##############

########## CHANGE SUMMARY START ##########
No changes.
##########  CHANGE SUMMARY END  ##########

=====================================================================
32. assert(Package[python])
=====================================================================

Step result:    success
Execution time: 3.694062734 seconds

############## OUTPUT START ##############

##############  OUTPUT END  ##############

########## CHANGE SUMMARY START ##########
No changes.
##########  CHANGE SUMMARY END  ##########

=====================================================================
33. assert(Package[supervisor])
=====================================================================

Step result:    success
Execution time: 3.330499655 seconds

############## OUTPUT START ##############

##############  OUTPUT END  ##############

########## CHANGE SUMMARY START ##########
No changes.
##########  CHANGE SUMMARY END  ##########

=====================================================================
34. exec(File[/var/lib/puppet/concat/_etc_supervisord.conf/fragments/02_supervisord_main])
=====================================================================

Step result:    success
Execution time: 1.072881751 seconds

############## OUTPUT START ##############
Notice: /Stage[main]/Supervisord::Config/Concat::Fragment[supervisord_main]/File[/var/lib/puppet/concat/_etc_supervisord.conf/fragments/02_supervisord_main]/ensure: defined content as '{md5}55c74a2fcacbea30c7d397a40dc0110d'
Error: /Stage[main]/Supervisord::Config/Concat[/etc/supervisord.conf]/Exec[concat_/etc/supervisord.conf]: Failed to call refresh: Could not find command '/var/lib/puppet/concat/bin/concatfragments.rb'
Error: /Stage[main]/Supervisord::Config/Concat[/etc/supervisord.conf]/Exec[concat_/etc/supervisord.conf]: Could not find command '/var/lib/puppet/concat/bin/concatfragments.rb'
Notice: /Stage[main]/Supervisord::Reload/Exec[supervisorctl_reread]/returns: error: <class 'socket.error'>, [Errno 111] Connection refused: file: /usr/lib/python2.7/socket.py line: 571
Error: /Stage[main]/Supervisord::Reload/Exec[supervisorctl_reread]: Failed to call refresh: /usr/local/bin/supervisorctl reread returned 2 instead of one of [0]
Error: /Stage[main]/Supervisord::Reload/Exec[supervisorctl_reread]: /usr/local/bin/supervisorctl reread returned 2 instead of one of [0]
Notice: /Stage[main]/Supervisord::Reload/Exec[supervisorctl_update]/returns: error: <class 'socket.error'>, [Errno 111] Connection refused: file: /usr/lib/python2.7/socket.py line: 571
Error: /Stage[main]/Supervisord::Reload/Exec[supervisorctl_update]: Failed to call refresh: /usr/local/bin/supervisorctl update returned 2 instead of one of [0]
Error: /Stage[main]/Supervisord::Reload/Exec[supervisorctl_update]: /usr/local/bin/supervisorctl update returned 2 instead of one of [0]
##############  OUTPUT END  ##############

=====================================================================
35. assert(Exec[install_pip])
=====================================================================

Step result:    success
Execution time: 5.771737438 seconds

############## OUTPUT START ##############

##############  OUTPUT END  ##############

########## CHANGE SUMMARY START ##########
No changes.
##########  CHANGE SUMMARY END  ##########

=====================================================================
36. assert(Exec[install_setuptools])
=====================================================================

Step result:    success
Execution time: 3.79385291 seconds

############## OUTPUT START ##############

##############  OUTPUT END  ##############

########## CHANGE SUMMARY START ##########
No changes.
##########  CHANGE SUMMARY END  ##########

=====================================================================
37. assert(File[/var/lib/puppet/concat/_etc_supervisord.conf/fragments/02_supervisord_main])
=====================================================================

Step result:    success
Execution time: 4.046354167 seconds

############## OUTPUT START ##############

##############  OUTPUT END  ##############

########## CHANGE SUMMARY START ##########
No changes.
##########  CHANGE SUMMARY END  ##########

=====================================================================
38. assert(File[/var/lib/puppet/concat/_etc_supervisord.conf/fragments])
=====================================================================

Step result:    success
Execution time: 3.016883233 seconds

############## OUTPUT START ##############

##############  OUTPUT END  ##############

########## CHANGE SUMMARY START ##########
No changes.
##########  CHANGE SUMMARY END  ##########

=====================================================================
39. assert(File[/var/lib/puppet/concat/_etc_supervisord.conf])
=====================================================================

Step result:    success
Execution time: 3.059504306 seconds

############## OUTPUT START ##############

##############  OUTPUT END  ##############

########## CHANGE SUMMARY START ##########
No changes.
##########  CHANGE SUMMARY END  ##########

=====================================================================
40. assert(File[/var/lib/puppet/concat/bin])
=====================================================================

Step result:    success
Execution time: 3.861199871 seconds

############## OUTPUT START ##############

##############  OUTPUT END  ##############

########## CHANGE SUMMARY START ##########
No changes.
##########  CHANGE SUMMARY END  ##########

=====================================================================
41. assert(File[/var/lib/puppet/concat])
=====================================================================

Step result:    success
Execution time: 3.63269095 seconds

############## OUTPUT START ##############

##############  OUTPUT END  ##############

########## CHANGE SUMMARY START ##########
No changes.
##########  CHANGE SUMMARY END  ##########

=====================================================================
42. assert(Package[curl])
=====================================================================

Step result:    success
Execution time: 3.974417876 seconds

############## OUTPUT START ##############

##############  OUTPUT END  ##############

########## CHANGE SUMMARY START ##########
No changes.
##########  CHANGE SUMMARY END  ##########

=====================================================================
43. assert(Package[python])
=====================================================================

Step result:    success
Execution time: 4.377291254 seconds

############## OUTPUT START ##############

##############  OUTPUT END  ##############

########## CHANGE SUMMARY START ##########
No changes.
##########  CHANGE SUMMARY END  ##########

=====================================================================
44. assert(Package[supervisor])
=====================================================================

Step result:    success
Execution time: 3.315248812 seconds

############## OUTPUT START ##############

##############  OUTPUT END  ##############

########## CHANGE SUMMARY START ##########
No changes.
##########  CHANGE SUMMARY END  ##########

=====================================================================
45. exec(File[/var/lib/puppet/concat/bin/concatfragments.rb])
=====================================================================

Step result:    success
Execution time: 0.902144021 seconds

############## OUTPUT START ##############
Notice: /Stage[main]/Concat::Setup/File[/var/lib/puppet/concat/bin/concatfragments.rb]/ensure: defined content as '{md5}b684db0eac243553a6a79365119a363d'
##############  OUTPUT END  ##############

=====================================================================
46. exec(File[/var/lib/puppet/concat/_etc_supervisord.conf/fragments.concat])
=====================================================================

Step result:    success
Execution time: 0.957687292 seconds

############## OUTPUT START ##############
Notice: /Stage[main]/Supervisord::Config/Concat[/etc/supervisord.conf]/File[/var/lib/puppet/concat/_etc_supervisord.conf/fragments.concat]/ensure: created
Notice: /Stage[main]/Supervisord::Reload/Exec[supervisorctl_reread]/returns: error: <class 'socket.error'>, [Errno 111] Connection refused: file: /usr/lib/python2.7/socket.py line: 571
Error: /Stage[main]/Supervisord::Reload/Exec[supervisorctl_reread]: Failed to call refresh: /usr/local/bin/supervisorctl reread returned 2 instead of one of [0]
Error: /Stage[main]/Supervisord::Reload/Exec[supervisorctl_reread]: /usr/local/bin/supervisorctl reread returned 2 instead of one of [0]
Notice: /Stage[main]/Supervisord::Reload/Exec[supervisorctl_update]/returns: error: <class 'socket.error'>, [Errno 111] Connection refused: file: /usr/lib/python2.7/socket.py line: 571
Error: /Stage[main]/Supervisord::Reload/Exec[supervisorctl_update]: Failed to call refresh: /usr/local/bin/supervisorctl update returned 2 instead of one of [0]
Error: /Stage[main]/Supervisord::Reload/Exec[supervisorctl_update]: /usr/local/bin/supervisorctl update returned 2 instead of one of [0]
##############  OUTPUT END  ##############

=====================================================================
47. exec(File[/var/lib/puppet/concat/_etc_supervisord.conf/fragments/01_supervisord_unix])
=====================================================================

Step result:    success
Execution time: 1.118694793 seconds

############## OUTPUT START ##############
Notice: /Stage[main]/Supervisord::Config/Concat::Fragment[supervisord_unix]/File[/var/lib/puppet/concat/_etc_supervisord.conf/fragments/01_supervisord_unix]/ensure: defined content as '{md5}2a371bf6742698a806a2ab9879d60540'
Notice: /Stage[main]/Supervisord::Config/Concat[/etc/supervisord.conf]/Exec[concat_/etc/supervisord.conf]: Triggered 'refresh' from 1 events
Notice: /Stage[main]/Supervisord::Reload/Exec[supervisorctl_reread]/returns: error: <class 'socket.error'>, [Errno 111] Connection refused: file: /usr/lib/python2.7/socket.py line: 571
Error: /Stage[main]/Supervisord::Reload/Exec[supervisorctl_reread]: Failed to call refresh: /usr/local/bin/supervisorctl reread returned 2 instead of one of [0]
Error: /Stage[main]/Supervisord::Reload/Exec[supervisorctl_reread]: /usr/local/bin/supervisorctl reread returned 2 instead of one of [0]
Notice: /Stage[main]/Supervisord::Reload/Exec[supervisorctl_update]/returns: error: <class 'socket.error'>, [Errno 111] Connection refused: file: /usr/lib/python2.7/socket.py line: 571
Error: /Stage[main]/Supervisord::Reload/Exec[supervisorctl_update]: Failed to call refresh: /usr/local/bin/supervisorctl update returned 2 instead of one of [0]
Error: /Stage[main]/Supervisord::Reload/Exec[supervisorctl_update]: /usr/local/bin/supervisorctl update returned 2 instead of one of [0]
##############  OUTPUT END  ##############

=====================================================================
48. exec(Exec[concat_/etc/supervisord.conf])
=====================================================================

Step result:    success
Execution time: 0.771321314 seconds

############## OUTPUT START ##############

##############  OUTPUT END  ##############

=====================================================================
49. exec(File[/etc/supervisord.conf])
=====================================================================

Step result:    success
Execution time: 0.999708273 seconds

############## OUTPUT START ##############
Notice: /Stage[main]/Supervisord::Config/Concat[/etc/supervisord.conf]/File[/etc/supervisord.conf]/ensure: defined content as '{md5}2712bb67930fa94c5ab40515280dbe33'
Notice: /Stage[main]/Supervisord::Reload/Exec[supervisorctl_reread]/returns: error: <class 'socket.error'>, [Errno 2] No such file or directory: file: /usr/lib/python2.7/socket.py line: 224
Error: /Stage[main]/Supervisord::Reload/Exec[supervisorctl_reread]: Failed to call refresh: /usr/local/bin/supervisorctl reread returned 2 instead of one of [0]
Error: /Stage[main]/Supervisord::Reload/Exec[supervisorctl_reread]: /usr/local/bin/supervisorctl reread returned 2 instead of one of [0]
Notice: /Stage[main]/Supervisord::Reload/Exec[supervisorctl_update]/returns: error: <class 'socket.error'>, [Errno 2] No such file or directory: file: /usr/lib/python2.7/socket.py line: 224
Error: /Stage[main]/Supervisord::Reload/Exec[supervisorctl_update]: Failed to call refresh: /usr/local/bin/supervisorctl update returned 2 instead of one of [0]
Error: /Stage[main]/Supervisord::Reload/Exec[supervisorctl_update]: /usr/local/bin/supervisorctl update returned 2 instead of one of [0]
##############  OUTPUT END  ##############

=====================================================================
50. exec(File[/etc/supervisor.d])
=====================================================================

Step result:    success
Execution time: 1.177341517 seconds

############## OUTPUT START ##############
Notice: /Stage[main]/Supervisord::Config/File[/etc/supervisor.d]/ensure: created
Notice: /Stage[main]/Supervisord::Reload/Exec[supervisorctl_reread]/returns: error: <class 'socket.error'>, [Errno 2] No such file or directory: file: /usr/lib/python2.7/socket.py line: 224
Error: /Stage[main]/Supervisord::Reload/Exec[supervisorctl_reread]: Failed to call refresh: /usr/local/bin/supervisorctl reread returned 2 instead of one of [0]
Error: /Stage[main]/Supervisord::Reload/Exec[supervisorctl_reread]: /usr/local/bin/supervisorctl reread returned 2 instead of one of [0]
Notice: /Stage[main]/Supervisord::Reload/Exec[supervisorctl_update]/returns: error: <class 'socket.error'>, [Errno 2] No such file or directory: file: /usr/lib/python2.7/socket.py line: 224
Error: /Stage[main]/Supervisord::Reload/Exec[supervisorctl_update]: Failed to call refresh: /usr/local/bin/supervisorctl update returned 2 instead of one of [0]
Error: /Stage[main]/Supervisord::Reload/Exec[supervisorctl_update]: /usr/local/bin/supervisorctl update returned 2 instead of one of [0]
##############  OUTPUT END  ##############

=====================================================================
51. assert(Exec[concat_/etc/supervisord.conf])
=====================================================================

Step result:    success
Execution time: 6.456464641 seconds

############## OUTPUT START ##############

##############  OUTPUT END  ##############

########## CHANGE SUMMARY START ##########
No changes.
##########  CHANGE SUMMARY END  ##########

=====================================================================
52. assert(Exec[install_pip])
=====================================================================

Step result:    success
Execution time: 3.767690295 seconds

############## OUTPUT START ##############

##############  OUTPUT END  ##############

########## CHANGE SUMMARY START ##########
No changes.
##########  CHANGE SUMMARY END  ##########

=====================================================================
53. assert(Exec[install_setuptools])
=====================================================================

Step result:    success
Execution time: 3.833225427 seconds

############## OUTPUT START ##############

##############  OUTPUT END  ##############

########## CHANGE SUMMARY START ##########
No changes.
##########  CHANGE SUMMARY END  ##########

=====================================================================
54. assert(File[/etc/supervisor.d])
=====================================================================

Step result:    success
Execution time: 4.361790878 seconds

############## OUTPUT START ##############

##############  OUTPUT END  ##############

########## CHANGE SUMMARY START ##########
No changes.
##########  CHANGE SUMMARY END  ##########

=====================================================================
55. assert(File[/etc/supervisord.conf])
=====================================================================

Step result:    success
Execution time: 4.415060903 seconds

############## OUTPUT START ##############

##############  OUTPUT END  ##############

########## CHANGE SUMMARY START ##########
No changes.
##########  CHANGE SUMMARY END  ##########

=====================================================================
56. assert(File[/var/lib/puppet/concat/_etc_supervisord.conf/fragments.concat])
=====================================================================

Step result:    success
Execution time: 3.127001038 seconds

############## OUTPUT START ##############

##############  OUTPUT END  ##############

########## CHANGE SUMMARY START ##########
No changes.
##########  CHANGE SUMMARY END  ##########

=====================================================================
57. assert(File[/var/lib/puppet/concat/_etc_supervisord.conf/fragments/01_supervisord_unix])
=====================================================================

Step result:    success
Execution time: 4.001870695 seconds

############## OUTPUT START ##############

##############  OUTPUT END  ##############

########## CHANGE SUMMARY START ##########
No changes.
##########  CHANGE SUMMARY END  ##########

=====================================================================
58. assert(File[/var/lib/puppet/concat/_etc_supervisord.conf/fragments/02_supervisord_main])
=====================================================================

Step result:    success
Execution time: 3.960850561 seconds

############## OUTPUT START ##############

##############  OUTPUT END  ##############

########## CHANGE SUMMARY START ##########
No changes.
##########  CHANGE SUMMARY END  ##########

=====================================================================
59. assert(File[/var/lib/puppet/concat/_etc_supervisord.conf/fragments])
=====================================================================

Step result:    success
Execution time: 3.328699761 seconds

############## OUTPUT START ##############

##############  OUTPUT END  ##############

########## CHANGE SUMMARY START ##########
No changes.
##########  CHANGE SUMMARY END  ##########

=====================================================================
60. assert(File[/var/lib/puppet/concat/_etc_supervisord.conf])
=====================================================================

Step result:    success
Execution time: 2.998168139 seconds

############## OUTPUT START ##############

##############  OUTPUT END  ##############

########## CHANGE SUMMARY START ##########
No changes.
##########  CHANGE SUMMARY END  ##########

=====================================================================
61. assert(File[/var/lib/puppet/concat/bin/concatfragments.rb])
=====================================================================

Step result:    success
Execution time: 3.988670049 seconds

############## OUTPUT START ##############

##############  OUTPUT END  ##############

########## CHANGE SUMMARY START ##########
No changes.
##########  CHANGE SUMMARY END  ##########

=====================================================================
62. assert(File[/var/lib/puppet/concat/bin])
=====================================================================

Step result:    success
Execution time: 3.801355667 seconds

############## OUTPUT START ##############

##############  OUTPUT END  ##############

########## CHANGE SUMMARY START ##########
No changes.
##########  CHANGE SUMMARY END  ##########

=====================================================================
63. assert(File[/var/lib/puppet/concat])
=====================================================================

Step result:    success
Execution time: 3.828703765 seconds

############## OUTPUT START ##############

##############  OUTPUT END  ##############

########## CHANGE SUMMARY START ##########
No changes.
##########  CHANGE SUMMARY END  ##########

=====================================================================
64. assert(Package[curl])
=====================================================================

Step result:    success
Execution time: 3.943580054 seconds

############## OUTPUT START ##############

##############  OUTPUT END  ##############

########## CHANGE SUMMARY START ##########
No changes.
##########  CHANGE SUMMARY END  ##########

=====================================================================
65. assert(Package[python])
=====================================================================

Step result:    success
Execution time: 4.029179489 seconds

############## OUTPUT START ##############

##############  OUTPUT END  ##############

########## CHANGE SUMMARY START ##########
No changes.
##########  CHANGE SUMMARY END  ##########

=====================================================================
66. assert(Package[supervisor])
=====================================================================

Step result:    success
Execution time: 3.286662863 seconds

############## OUTPUT START ##############

##############  OUTPUT END  ##############

########## CHANGE SUMMARY START ##########
No changes.
##########  CHANGE SUMMARY END  ##########

