=====================================================================
Test Case Result - Overview
=====================================================================

Test Case: Test Case 53
Result:    SUCCESS

Steps:
  1. (success) exec(Package[python])
  2. (success) exec(File[/var/lib/puppet/concat])
  3. (success) exec(Package[curl])
  4. (success) exec(Exec[install_setuptools])
  5. (success) exec(Exec[install_pip])
  6. (success) exec(Package[supervisor])
  7. (success) exec(File[/var/lib/puppet/concat/_etc_supervisord.conf])
  8. (success) exec(File[/etc/default/supervisor])
  9. (success) assert(Exec[install_pip])
  10. (success) assert(Exec[install_setuptools])
  11. (success) assert(File[/etc/default/supervisor])
  12. (success) assert(File[/var/lib/puppet/concat/_etc_supervisord.conf])
  13. (success) assert(File[/var/lib/puppet/concat])
  14. (success) assert(Package[curl])
  15. (success) assert(Package[python])
  16. (success) assert(Package[supervisor])
  17. (success) exec(File[/var/lib/puppet/concat/_etc_supervisord.conf/fragments.concat])
  18. (success) assert(Exec[install_pip])
  19. (success) assert(Exec[install_setuptools])
  20. (success) assert(File[/etc/default/supervisor])
  21. (success) assert(File[/var/lib/puppet/concat/_etc_supervisord.conf/fragments.concat])
  22. (success) assert(File[/var/lib/puppet/concat/_etc_supervisord.conf])
  23. (success) assert(File[/var/lib/puppet/concat])
  24. (success) assert(Package[curl])
  25. (success) assert(Package[python])
  26. (success) assert(Package[supervisor])

=====================================================================
1. exec(Package[python])
=====================================================================

Step result:    success
Execution time: 0.155553502 seconds

############## OUTPUT START ##############

##############  OUTPUT END  ##############

=====================================================================
2. exec(File[/var/lib/puppet/concat])
=====================================================================

Step result:    success
Execution time: 0.159708715 seconds

############## OUTPUT START ##############
Notice: /Stage[main]/Concat::Setup/File[/var/lib/puppet/concat]/ensure: created
##############  OUTPUT END  ##############

=====================================================================
3. exec(Package[curl])
=====================================================================

Step result:    success
Execution time: 0.177109194 seconds

############## OUTPUT START ##############

##############  OUTPUT END  ##############

=====================================================================
4. exec(Exec[install_setuptools])
=====================================================================

Step result:    success
Execution time: 1.969565256 seconds

############## OUTPUT START ##############
Notice: /Stage[main]/Supervisord::Pip/Exec[install_setuptools]/returns: executed successfully
##############  OUTPUT END  ##############

=====================================================================
5. exec(Exec[install_pip])
=====================================================================

Step result:    success
Execution time: 4.572133761 seconds

############## OUTPUT START ##############
Notice: /Stage[main]/Supervisord::Pip/Exec[install_pip]/returns: executed successfully
##############  OUTPUT END  ##############

=====================================================================
6. exec(Package[supervisor])
=====================================================================

Step result:    success
Execution time: 3.948432393 seconds

############## OUTPUT START ##############
Notice: /Stage[main]/Supervisord::Install/Package[supervisor]/ensure: created
##############  OUTPUT END  ##############

=====================================================================
7. exec(File[/var/lib/puppet/concat/_etc_supervisord.conf])
=====================================================================

Step result:    success
Execution time: 1.437542107 seconds

############## OUTPUT START ##############
Notice: /Stage[main]/Supervisord::Config/Concat[/etc/supervisord.conf]/File[/var/lib/puppet/concat/_etc_supervisord.conf]/ensure: created
Error: /Stage[main]/Supervisord::Config/Concat[/etc/supervisord.conf]/Exec[concat_/etc/supervisord.conf]: Failed to call refresh: Could not find command '/var/lib/puppet/concat/bin/concatfragments.rb'
Error: /Stage[main]/Supervisord::Config/Concat[/etc/supervisord.conf]/Exec[concat_/etc/supervisord.conf]: Could not find command '/var/lib/puppet/concat/bin/concatfragments.rb'
Notice: /Stage[main]/Supervisord::Reload/Exec[supervisorctl_reread]/returns: error: <class 'socket.error'>, [Errno 111] Connection refused: file: /usr/lib/python2.7/socket.py line: 571
Error: /Stage[main]/Supervisord::Reload/Exec[supervisorctl_reread]: Failed to call refresh: /usr/local/bin/supervisorctl reread returned 2 instead of one of [0]
Error: /Stage[main]/Supervisord::Reload/Exec[supervisorctl_reread]: /usr/local/bin/supervisorctl reread returned 2 instead of one of [0]
Notice: /Stage[main]/Supervisord::Reload/Exec[supervisorctl_update]/returns: error: <class 'socket.error'>, [Errno 111] Connection refused: file: /usr/lib/python2.7/socket.py line: 571
Error: /Stage[main]/Supervisord::Reload/Exec[supervisorctl_update]: Failed to call refresh: /usr/local/bin/supervisorctl update returned 2 instead of one of [0]
Error: /Stage[main]/Supervisord::Reload/Exec[supervisorctl_update]: /usr/local/bin/supervisorctl update returned 2 instead of one of [0]
##############  OUTPUT END  ##############

=====================================================================
8. exec(File[/etc/default/supervisor])
=====================================================================

Step result:    success
Execution time: 1.16280096 seconds

############## OUTPUT START ##############
Notice: /Stage[main]/Supervisord::Config/File[/etc/default/supervisor]/ensure: created
Error: /Stage[main]/Supervisord::Service/Service[supervisord]: Failed to call refresh: Could not find init script for 'supervisord'
Error: /Stage[main]/Supervisord::Service/Service[supervisord]: Could not find init script for 'supervisord'
Notice: /Stage[main]/Supervisord::Reload/Exec[supervisorctl_reread]/returns: error: <class 'socket.error'>, [Errno 111] Connection refused: file: /usr/lib/python2.7/socket.py line: 571
Error: /Stage[main]/Supervisord::Reload/Exec[supervisorctl_reread]: Failed to call refresh: /usr/local/bin/supervisorctl reread returned 2 instead of one of [0]
Error: /Stage[main]/Supervisord::Reload/Exec[supervisorctl_reread]: /usr/local/bin/supervisorctl reread returned 2 instead of one of [0]
Notice: /Stage[main]/Supervisord::Reload/Exec[supervisorctl_update]/returns: error: <class 'socket.error'>, [Errno 111] Connection refused: file: /usr/lib/python2.7/socket.py line: 571
Error: /Stage[main]/Supervisord::Reload/Exec[supervisorctl_update]: Failed to call refresh: /usr/local/bin/supervisorctl update returned 2 instead of one of [0]
Error: /Stage[main]/Supervisord::Reload/Exec[supervisorctl_update]: /usr/local/bin/supervisorctl update returned 2 instead of one of [0]
##############  OUTPUT END  ##############

=====================================================================
9. assert(Exec[install_pip])
=====================================================================

Step result:    success
Execution time: 6.430339999 seconds

############## OUTPUT START ##############

##############  OUTPUT END  ##############

########## CHANGE SUMMARY START ##########
No changes.
##########  CHANGE SUMMARY END  ##########

=====================================================================
10. assert(Exec[install_setuptools])
=====================================================================

Step result:    success
Execution time: 4.722036285 seconds

############## OUTPUT START ##############

##############  OUTPUT END  ##############

########## CHANGE SUMMARY START ##########
No changes.
##########  CHANGE SUMMARY END  ##########

=====================================================================
11. assert(File[/etc/default/supervisor])
=====================================================================

Step result:    success
Execution time: 4.419811727 seconds

############## OUTPUT START ##############

##############  OUTPUT END  ##############

########## CHANGE SUMMARY START ##########
No changes.
##########  CHANGE SUMMARY END  ##########

=====================================================================
12. assert(File[/var/lib/puppet/concat/_etc_supervisord.conf])
=====================================================================

Step result:    success
Execution time: 2.929748562 seconds

############## OUTPUT START ##############

##############  OUTPUT END  ##############

########## CHANGE SUMMARY START ##########
No changes.
##########  CHANGE SUMMARY END  ##########

=====================================================================
13. assert(File[/var/lib/puppet/concat])
=====================================================================

Step result:    success
Execution time: 4.302961543 seconds

############## OUTPUT START ##############

##############  OUTPUT END  ##############

########## CHANGE SUMMARY START ##########
No changes.
##########  CHANGE SUMMARY END  ##########

=====================================================================
14. assert(Package[curl])
=====================================================================

Step result:    success
Execution time: 4.890207932 seconds

############## OUTPUT START ##############

##############  OUTPUT END  ##############

########## CHANGE SUMMARY START ##########
No changes.
##########  CHANGE SUMMARY END  ##########

=====================================================================
15. assert(Package[python])
=====================================================================

Step result:    success
Execution time: 4.644452958 seconds

############## OUTPUT START ##############

##############  OUTPUT END  ##############

########## CHANGE SUMMARY START ##########
No changes.
##########  CHANGE SUMMARY END  ##########

=====================================================================
16. assert(Package[supervisor])
=====================================================================

Step result:    success
Execution time: 3.644029386 seconds

############## OUTPUT START ##############

##############  OUTPUT END  ##############

########## CHANGE SUMMARY START ##########
No changes.
##########  CHANGE SUMMARY END  ##########

=====================================================================
17. exec(File[/var/lib/puppet/concat/_etc_supervisord.conf/fragments.concat])
=====================================================================

Step result:    success
Execution time: 1.120984416 seconds

############## OUTPUT START ##############
Notice: /Stage[main]/Supervisord::Config/Concat[/etc/supervisord.conf]/File[/var/lib/puppet/concat/_etc_supervisord.conf/fragments.concat]/ensure: created
Notice: /Stage[main]/Supervisord::Reload/Exec[supervisorctl_reread]/returns: error: <class 'socket.error'>, [Errno 111] Connection refused: file: /usr/lib/python2.7/socket.py line: 571
Error: /Stage[main]/Supervisord::Reload/Exec[supervisorctl_reread]: Failed to call refresh: /usr/local/bin/supervisorctl reread returned 2 instead of one of [0]
Error: /Stage[main]/Supervisord::Reload/Exec[supervisorctl_reread]: /usr/local/bin/supervisorctl reread returned 2 instead of one of [0]
Notice: /Stage[main]/Supervisord::Reload/Exec[supervisorctl_update]/returns: error: <class 'socket.error'>, [Errno 111] Connection refused: file: /usr/lib/python2.7/socket.py line: 571
Error: /Stage[main]/Supervisord::Reload/Exec[supervisorctl_update]: Failed to call refresh: /usr/local/bin/supervisorctl update returned 2 instead of one of [0]
Error: /Stage[main]/Supervisord::Reload/Exec[supervisorctl_update]: /usr/local/bin/supervisorctl update returned 2 instead of one of [0]
##############  OUTPUT END  ##############

=====================================================================
18. assert(Exec[install_pip])
=====================================================================

Step result:    success
Execution time: 6.797800968 seconds

############## OUTPUT START ##############

##############  OUTPUT END  ##############

########## CHANGE SUMMARY START ##########
No changes.
##########  CHANGE SUMMARY END  ##########

=====================================================================
19. assert(Exec[install_setuptools])
=====================================================================

Step result:    success
Execution time: 4.545300158 seconds

############## OUTPUT START ##############

##############  OUTPUT END  ##############

########## CHANGE SUMMARY START ##########
No changes.
##########  CHANGE SUMMARY END  ##########

=====================================================================
20. assert(File[/etc/default/supervisor])
=====================================================================

Step result:    success
Execution time: 4.738295886 seconds

############## OUTPUT START ##############

##############  OUTPUT END  ##############

########## CHANGE SUMMARY START ##########
No changes.
##########  CHANGE SUMMARY END  ##########

=====================================================================
21. assert(File[/var/lib/puppet/concat/_etc_supervisord.conf/fragments.concat])
=====================================================================

Step result:    success
Execution time: 3.211590779 seconds

############## OUTPUT START ##############

##############  OUTPUT END  ##############

########## CHANGE SUMMARY START ##########
No changes.
##########  CHANGE SUMMARY END  ##########

=====================================================================
22. assert(File[/var/lib/puppet/concat/_etc_supervisord.conf])
=====================================================================

Step result:    success
Execution time: 3.138979581 seconds

############## OUTPUT START ##############

##############  OUTPUT END  ##############

########## CHANGE SUMMARY START ##########
No changes.
##########  CHANGE SUMMARY END  ##########

=====================================================================
23. assert(File[/var/lib/puppet/concat])
=====================================================================

Step result:    success
Execution time: 4.018758249 seconds

############## OUTPUT START ##############

##############  OUTPUT END  ##############

########## CHANGE SUMMARY START ##########
No changes.
##########  CHANGE SUMMARY END  ##########

=====================================================================
24. assert(Package[curl])
=====================================================================

Step result:    success
Execution time: 4.293858283 seconds

############## OUTPUT START ##############

##############  OUTPUT END  ##############

########## CHANGE SUMMARY START ##########
No changes.
##########  CHANGE SUMMARY END  ##########

=====================================================================
25. assert(Package[python])
=====================================================================

Step result:    success
Execution time: 4.61772114 seconds

############## OUTPUT START ##############

##############  OUTPUT END  ##############

########## CHANGE SUMMARY START ##########
No changes.
##########  CHANGE SUMMARY END  ##########

=====================================================================
26. assert(Package[supervisor])
=====================================================================

Step result:    success
Execution time: 3.542557543 seconds

############## OUTPUT START ##############

##############  OUTPUT END  ##############

########## CHANGE SUMMARY START ##########
No changes.
##########  CHANGE SUMMARY END  ##########

