=====================================================================
Test Case Result - Overview
=====================================================================

Test Case: Test Case 40
Result:    SUCCESS

Steps:
  1. (success) exec(Package[curl])
  2. (success) exec(Package[python])
  3. (success) exec(Exec[install_setuptools])
  4. (success) exec(Exec[install_pip])
  5. (success) exec(Package[supervisor])
  6. (success) exec(File[/etc/supervisor.d])
  7. (success) assert(Exec[install_pip])
  8. (success) assert(Exec[install_setuptools])
  9. (success) assert(File[/etc/supervisor.d])
  10. (success) assert(Package[curl])
  11. (success) assert(Package[python])
  12. (success) assert(Package[supervisor])
  13. (success) exec(File[/var/lib/puppet/concat])
  14. (success) assert(Exec[install_pip])
  15. (success) assert(Exec[install_setuptools])
  16. (success) assert(File[/etc/supervisor.d])
  17. (success) assert(File[/var/lib/puppet/concat])
  18. (success) assert(Package[curl])
  19. (success) assert(Package[python])
  20. (success) assert(Package[supervisor])
  21. (success) exec(File[/var/lib/puppet/concat/_etc_supervisord.conf])
  22. (success) assert(Exec[install_pip])
  23. (success) assert(Exec[install_setuptools])
  24. (success) assert(File[/etc/supervisor.d])
  25. (success) assert(File[/var/lib/puppet/concat/_etc_supervisord.conf])
  26. (success) assert(File[/var/lib/puppet/concat])
  27. (success) assert(Package[curl])
  28. (success) assert(Package[python])
  29. (success) assert(Package[supervisor])
  30. (success) exec(File[/var/lib/puppet/concat/_etc_supervisord.conf/fragments])
  31. (success) assert(Exec[install_pip])
  32. (success) assert(Exec[install_setuptools])
  33. (success) assert(File[/etc/supervisor.d])
  34. (success) assert(File[/var/lib/puppet/concat/_etc_supervisord.conf/fragments])
  35. (success) assert(File[/var/lib/puppet/concat/_etc_supervisord.conf])
  36. (success) assert(File[/var/lib/puppet/concat])
  37. (success) assert(Package[curl])
  38. (success) assert(Package[python])
  39. (success) assert(Package[supervisor])
  40. (success) exec(File[/var/lib/puppet/concat/_etc_supervisord.conf/fragments/02_supervisord_main])
  41. (success) assert(Exec[install_pip])
  42. (success) assert(Exec[install_setuptools])
  43. (success) assert(File[/etc/supervisor.d])
  44. (success) assert(File[/var/lib/puppet/concat/_etc_supervisord.conf/fragments/02_supervisord_main])
  45. (success) assert(File[/var/lib/puppet/concat/_etc_supervisord.conf/fragments])
  46. (success) assert(File[/var/lib/puppet/concat/_etc_supervisord.conf])
  47. (success) assert(File[/var/lib/puppet/concat])
  48. (success) assert(Package[curl])
  49. (success) assert(Package[python])
  50. (success) assert(Package[supervisor])

=====================================================================
1. exec(Package[curl])
=====================================================================

Step result:    success
Execution time: 0.161653857 seconds

############## OUTPUT START ##############

##############  OUTPUT END  ##############

=====================================================================
2. exec(Package[python])
=====================================================================

Step result:    success
Execution time: 10.015755123 seconds

############## OUTPUT START ##############
Notice: /Stage[main]/Prerequisites/Package[python]/ensure: ensure changed 'purged' to 'present'
##############  OUTPUT END  ##############

=====================================================================
3. exec(Exec[install_setuptools])
=====================================================================

Step result:    success
Execution time: 2.013198907 seconds

############## OUTPUT START ##############
Notice: /Stage[main]/Supervisord::Pip/Exec[install_setuptools]/returns: executed successfully
##############  OUTPUT END  ##############

=====================================================================
4. exec(Exec[install_pip])
=====================================================================

Step result:    success
Execution time: 4.565489539 seconds

############## OUTPUT START ##############
Notice: /Stage[main]/Supervisord::Pip/Exec[install_pip]/returns: executed successfully
##############  OUTPUT END  ##############

=====================================================================
5. exec(Package[supervisor])
=====================================================================

Step result:    success
Execution time: 3.792850213 seconds

############## OUTPUT START ##############
Notice: /Stage[main]/Supervisord::Install/Package[supervisor]/ensure: created
##############  OUTPUT END  ##############

=====================================================================
6. exec(File[/etc/supervisor.d])
=====================================================================

Step result:    success
Execution time: 0.961806652 seconds

############## OUTPUT START ##############
Notice: /Stage[main]/Supervisord::Config/File[/etc/supervisor.d]/ensure: created
Notice: /Stage[main]/Supervisord::Reload/Exec[supervisorctl_reread]/returns: error: <class 'socket.error'>, [Errno 111] Connection refused: file: /usr/lib/python2.7/socket.py line: 571
Error: /Stage[main]/Supervisord::Reload/Exec[supervisorctl_reread]: Failed to call refresh: /usr/local/bin/supervisorctl reread returned 2 instead of one of [0]
Error: /Stage[main]/Supervisord::Reload/Exec[supervisorctl_reread]: /usr/local/bin/supervisorctl reread returned 2 instead of one of [0]
Notice: /Stage[main]/Supervisord::Reload/Exec[supervisorctl_update]/returns: error: <class 'socket.error'>, [Errno 111] Connection refused: file: /usr/lib/python2.7/socket.py line: 571
Error: /Stage[main]/Supervisord::Reload/Exec[supervisorctl_update]: Failed to call refresh: /usr/local/bin/supervisorctl update returned 2 instead of one of [0]
Error: /Stage[main]/Supervisord::Reload/Exec[supervisorctl_update]: /usr/local/bin/supervisorctl update returned 2 instead of one of [0]
##############  OUTPUT END  ##############

=====================================================================
7. assert(Exec[install_pip])
=====================================================================

Step result:    success
Execution time: 5.538868182 seconds

############## OUTPUT START ##############

##############  OUTPUT END  ##############

########## CHANGE SUMMARY START ##########
No changes.
##########  CHANGE SUMMARY END  ##########

=====================================================================
8. assert(Exec[install_setuptools])
=====================================================================

Step result:    success
Execution time: 6.958017795 seconds

############## OUTPUT START ##############

##############  OUTPUT END  ##############

########## CHANGE SUMMARY START ##########
No changes.
##########  CHANGE SUMMARY END  ##########

=====================================================================
9. assert(File[/etc/supervisor.d])
=====================================================================

Step result:    success
Execution time: 4.118685088 seconds

############## OUTPUT START ##############

##############  OUTPUT END  ##############

########## CHANGE SUMMARY START ##########
No changes.
##########  CHANGE SUMMARY END  ##########

=====================================================================
10. assert(Package[curl])
=====================================================================

Step result:    success
Execution time: 3.818427809 seconds

############## OUTPUT START ##############

##############  OUTPUT END  ##############

########## CHANGE SUMMARY START ##########
No changes.
##########  CHANGE SUMMARY END  ##########

=====================================================================
11. assert(Package[python])
=====================================================================

Step result:    success
Execution time: 4.201657244 seconds

############## OUTPUT START ##############

##############  OUTPUT END  ##############

########## CHANGE SUMMARY START ##########
No changes.
##########  CHANGE SUMMARY END  ##########

=====================================================================
12. assert(Package[supervisor])
=====================================================================

Step result:    success
Execution time: 3.279099006 seconds

############## OUTPUT START ##############

##############  OUTPUT END  ##############

########## CHANGE SUMMARY START ##########
No changes.
##########  CHANGE SUMMARY END  ##########

=====================================================================
13. exec(File[/var/lib/puppet/concat])
=====================================================================

Step result:    success
Execution time: 0.884017289 seconds

############## OUTPUT START ##############
Notice: /Stage[main]/Concat::Setup/File[/var/lib/puppet/concat]/ensure: created
##############  OUTPUT END  ##############

=====================================================================
14. assert(Exec[install_pip])
=====================================================================

Step result:    success
Execution time: 6.376137304 seconds

############## OUTPUT START ##############

##############  OUTPUT END  ##############

########## CHANGE SUMMARY START ##########
No changes.
##########  CHANGE SUMMARY END  ##########

=====================================================================
15. assert(Exec[install_setuptools])
=====================================================================

Step result:    success
Execution time: 4.265427548 seconds

############## OUTPUT START ##############

##############  OUTPUT END  ##############

########## CHANGE SUMMARY START ##########
No changes.
##########  CHANGE SUMMARY END  ##########

=====================================================================
16. assert(File[/etc/supervisor.d])
=====================================================================

Step result:    success
Execution time: 4.654964484 seconds

############## OUTPUT START ##############

##############  OUTPUT END  ##############

########## CHANGE SUMMARY START ##########
No changes.
##########  CHANGE SUMMARY END  ##########

=====================================================================
17. assert(File[/var/lib/puppet/concat])
=====================================================================

Step result:    success
Execution time: 4.127679614 seconds

############## OUTPUT START ##############

##############  OUTPUT END  ##############

########## CHANGE SUMMARY START ##########
No changes.
##########  CHANGE SUMMARY END  ##########

=====================================================================
18. assert(Package[curl])
=====================================================================

Step result:    success
Execution time: 4.102585001 seconds

############## OUTPUT START ##############

##############  OUTPUT END  ##############

########## CHANGE SUMMARY START ##########
No changes.
##########  CHANGE SUMMARY END  ##########

=====================================================================
19. assert(Package[python])
=====================================================================

Step result:    success
Execution time: 4.549980243 seconds

############## OUTPUT START ##############

##############  OUTPUT END  ##############

########## CHANGE SUMMARY START ##########
No changes.
##########  CHANGE SUMMARY END  ##########

=====================================================================
20. assert(Package[supervisor])
=====================================================================

Step result:    success
Execution time: 3.039378854 seconds

############## OUTPUT START ##############

##############  OUTPUT END  ##############

########## CHANGE SUMMARY START ##########
No changes.
##########  CHANGE SUMMARY END  ##########

=====================================================================
21. exec(File[/var/lib/puppet/concat/_etc_supervisord.conf])
=====================================================================

Step result:    success
Execution time: 1.159474276 seconds

############## OUTPUT START ##############
Notice: /Stage[main]/Supervisord::Config/Concat[/etc/supervisord.conf]/File[/var/lib/puppet/concat/_etc_supervisord.conf]/ensure: created
Error: /Stage[main]/Supervisord::Config/Concat[/etc/supervisord.conf]/Exec[concat_/etc/supervisord.conf]: Failed to call refresh: Could not find command '/var/lib/puppet/concat/bin/concatfragments.rb'
Error: /Stage[main]/Supervisord::Config/Concat[/etc/supervisord.conf]/Exec[concat_/etc/supervisord.conf]: Could not find command '/var/lib/puppet/concat/bin/concatfragments.rb'
Notice: /Stage[main]/Supervisord::Reload/Exec[supervisorctl_reread]/returns: error: <class 'socket.error'>, [Errno 111] Connection refused: file: /usr/lib/python2.7/socket.py line: 571
Error: /Stage[main]/Supervisord::Reload/Exec[supervisorctl_reread]: Failed to call refresh: /usr/local/bin/supervisorctl reread returned 2 instead of one of [0]
Error: /Stage[main]/Supervisord::Reload/Exec[supervisorctl_reread]: /usr/local/bin/supervisorctl reread returned 2 instead of one of [0]
Notice: /Stage[main]/Supervisord::Reload/Exec[supervisorctl_update]/returns: error: <class 'socket.error'>, [Errno 111] Connection refused: file: /usr/lib/python2.7/socket.py line: 571
Error: /Stage[main]/Supervisord::Reload/Exec[supervisorctl_update]: Failed to call refresh: /usr/local/bin/supervisorctl update returned 2 instead of one of [0]
Error: /Stage[main]/Supervisord::Reload/Exec[supervisorctl_update]: /usr/local/bin/supervisorctl update returned 2 instead of one of [0]
##############  OUTPUT END  ##############

=====================================================================
22. assert(Exec[install_pip])
=====================================================================

Step result:    success
Execution time: 6.54263498 seconds

############## OUTPUT START ##############

##############  OUTPUT END  ##############

########## CHANGE SUMMARY START ##########
No changes.
##########  CHANGE SUMMARY END  ##########

=====================================================================
23. assert(Exec[install_setuptools])
=====================================================================

Step result:    success
Execution time: 4.03614064 seconds

############## OUTPUT START ##############

##############  OUTPUT END  ##############

########## CHANGE SUMMARY START ##########
No changes.
##########  CHANGE SUMMARY END  ##########

=====================================================================
24. assert(File[/etc/supervisor.d])
=====================================================================

Step result:    success
Execution time: 4.152257916 seconds

############## OUTPUT START ##############

##############  OUTPUT END  ##############

########## CHANGE SUMMARY START ##########
No changes.
##########  CHANGE SUMMARY END  ##########

=====================================================================
25. assert(File[/var/lib/puppet/concat/_etc_supervisord.conf])
=====================================================================

Step result:    success
Execution time: 2.866716272 seconds

############## OUTPUT START ##############

##############  OUTPUT END  ##############

########## CHANGE SUMMARY START ##########
No changes.
##########  CHANGE SUMMARY END  ##########

=====================================================================
26. assert(File[/var/lib/puppet/concat])
=====================================================================

Step result:    success
Execution time: 3.920025939 seconds

############## OUTPUT START ##############

##############  OUTPUT END  ##############

########## CHANGE SUMMARY START ##########
No changes.
##########  CHANGE SUMMARY END  ##########

=====================================================================
27. assert(Package[curl])
=====================================================================

Step result:    success
Execution time: 3.572505704 seconds

############## OUTPUT START ##############

##############  OUTPUT END  ##############

########## CHANGE SUMMARY START ##########
No changes.
##########  CHANGE SUMMARY END  ##########

=====================================================================
28. assert(Package[python])
=====================================================================

Step result:    success
Execution time: 3.599168922 seconds

############## OUTPUT START ##############

##############  OUTPUT END  ##############

########## CHANGE SUMMARY START ##########
No changes.
##########  CHANGE SUMMARY END  ##########

=====================================================================
29. assert(Package[supervisor])
=====================================================================

Step result:    success
Execution time: 2.974039487 seconds

############## OUTPUT START ##############

##############  OUTPUT END  ##############

########## CHANGE SUMMARY START ##########
No changes.
##########  CHANGE SUMMARY END  ##########

=====================================================================
30. exec(File[/var/lib/puppet/concat/_etc_supervisord.conf/fragments])
=====================================================================

Step result:    success
Execution time: 1.033513459 seconds

############## OUTPUT START ##############
Notice: /Stage[main]/Supervisord::Config/Concat[/etc/supervisord.conf]/File[/var/lib/puppet/concat/_etc_supervisord.conf/fragments]/ensure: created
Error: /Stage[main]/Supervisord::Config/Concat[/etc/supervisord.conf]/Exec[concat_/etc/supervisord.conf]: Failed to call refresh: Could not find command '/var/lib/puppet/concat/bin/concatfragments.rb'
Error: /Stage[main]/Supervisord::Config/Concat[/etc/supervisord.conf]/Exec[concat_/etc/supervisord.conf]: Could not find command '/var/lib/puppet/concat/bin/concatfragments.rb'
Notice: /Stage[main]/Supervisord::Reload/Exec[supervisorctl_reread]/returns: error: <class 'socket.error'>, [Errno 111] Connection refused: file: /usr/lib/python2.7/socket.py line: 571
Error: /Stage[main]/Supervisord::Reload/Exec[supervisorctl_reread]: Failed to call refresh: /usr/local/bin/supervisorctl reread returned 2 instead of one of [0]
Error: /Stage[main]/Supervisord::Reload/Exec[supervisorctl_reread]: /usr/local/bin/supervisorctl reread returned 2 instead of one of [0]
Notice: /Stage[main]/Supervisord::Reload/Exec[supervisorctl_update]/returns: error: <class 'socket.error'>, [Errno 111] Connection refused: file: /usr/lib/python2.7/socket.py line: 571
Error: /Stage[main]/Supervisord::Reload/Exec[supervisorctl_update]: Failed to call refresh: /usr/local/bin/supervisorctl update returned 2 instead of one of [0]
Error: /Stage[main]/Supervisord::Reload/Exec[supervisorctl_update]: /usr/local/bin/supervisorctl update returned 2 instead of one of [0]
##############  OUTPUT END  ##############

=====================================================================
31. assert(Exec[install_pip])
=====================================================================

Step result:    success
Execution time: 5.948244908 seconds

############## OUTPUT START ##############

##############  OUTPUT END  ##############

########## CHANGE SUMMARY START ##########
No changes.
##########  CHANGE SUMMARY END  ##########

=====================================================================
32. assert(Exec[install_setuptools])
=====================================================================

Step result:    success
Execution time: 3.740769828 seconds

############## OUTPUT START ##############

##############  OUTPUT END  ##############

########## CHANGE SUMMARY START ##########
No changes.
##########  CHANGE SUMMARY END  ##########

=====================================================================
33. assert(File[/etc/supervisor.d])
=====================================================================

Step result:    success
Execution time: 3.913866431 seconds

############## OUTPUT START ##############

##############  OUTPUT END  ##############

########## CHANGE SUMMARY START ##########
No changes.
##########  CHANGE SUMMARY END  ##########

=====================================================================
34. assert(File[/var/lib/puppet/concat/_etc_supervisord.conf/fragments])
=====================================================================

Step result:    success
Execution time: 2.906521136 seconds

############## OUTPUT START ##############

##############  OUTPUT END  ##############

########## CHANGE SUMMARY START ##########
No changes.
##########  CHANGE SUMMARY END  ##########

=====================================================================
35. assert(File[/var/lib/puppet/concat/_etc_supervisord.conf])
=====================================================================

Step result:    success
Execution time: 3.020703763 seconds

############## OUTPUT START ##############

##############  OUTPUT END  ##############

########## CHANGE SUMMARY START ##########
No changes.
##########  CHANGE SUMMARY END  ##########

=====================================================================
36. assert(File[/var/lib/puppet/concat])
=====================================================================

Step result:    success
Execution time: 3.845150385 seconds

############## OUTPUT START ##############

##############  OUTPUT END  ##############

########## CHANGE SUMMARY START ##########
No changes.
##########  CHANGE SUMMARY END  ##########

=====================================================================
37. assert(Package[curl])
=====================================================================

Step result:    success
Execution time: 3.917460295 seconds

############## OUTPUT START ##############

##############  OUTPUT END  ##############

########## CHANGE SUMMARY START ##########
No changes.
##########  CHANGE SUMMARY END  ##########

=====================================================================
38. assert(Package[python])
=====================================================================

Step result:    success
Execution time: 3.609176365 seconds

############## OUTPUT START ##############

##############  OUTPUT END  ##############

########## CHANGE SUMMARY START ##########
No changes.
##########  CHANGE SUMMARY END  ##########

=====================================================================
39. assert(Package[supervisor])
=====================================================================

Step result:    success
Execution time: 3.701199244 seconds

############## OUTPUT START ##############

##############  OUTPUT END  ##############

########## CHANGE SUMMARY START ##########
No changes.
##########  CHANGE SUMMARY END  ##########

=====================================================================
40. exec(File[/var/lib/puppet/concat/_etc_supervisord.conf/fragments/02_supervisord_main])
=====================================================================

Step result:    success
Execution time: 1.326363242 seconds

############## OUTPUT START ##############
Notice: /Stage[main]/Supervisord::Config/Concat::Fragment[supervisord_main]/File[/var/lib/puppet/concat/_etc_supervisord.conf/fragments/02_supervisord_main]/ensure: defined content as '{md5}55c74a2fcacbea30c7d397a40dc0110d'
Error: /Stage[main]/Supervisord::Config/Concat[/etc/supervisord.conf]/Exec[concat_/etc/supervisord.conf]: Failed to call refresh: Could not find command '/var/lib/puppet/concat/bin/concatfragments.rb'
Error: /Stage[main]/Supervisord::Config/Concat[/etc/supervisord.conf]/Exec[concat_/etc/supervisord.conf]: Could not find command '/var/lib/puppet/concat/bin/concatfragments.rb'
Notice: /Stage[main]/Supervisord::Reload/Exec[supervisorctl_reread]/returns: error: <class 'socket.error'>, [Errno 111] Connection refused: file: /usr/lib/python2.7/socket.py line: 571
Error: /Stage[main]/Supervisord::Reload/Exec[supervisorctl_reread]: Failed to call refresh: /usr/local/bin/supervisorctl reread returned 2 instead of one of [0]
Error: /Stage[main]/Supervisord::Reload/Exec[supervisorctl_reread]: /usr/local/bin/supervisorctl reread returned 2 instead of one of [0]
Notice: /Stage[main]/Supervisord::Reload/Exec[supervisorctl_update]/returns: error: <class 'socket.error'>, [Errno 111] Connection refused: file: /usr/lib/python2.7/socket.py line: 571
Error: /Stage[main]/Supervisord::Reload/Exec[supervisorctl_update]: Failed to call refresh: /usr/local/bin/supervisorctl update returned 2 instead of one of [0]
Error: /Stage[main]/Supervisord::Reload/Exec[supervisorctl_update]: /usr/local/bin/supervisorctl update returned 2 instead of one of [0]
##############  OUTPUT END  ##############

=====================================================================
41. assert(Exec[install_pip])
=====================================================================

Step result:    success
Execution time: 5.979453767 seconds

############## OUTPUT START ##############

##############  OUTPUT END  ##############

########## CHANGE SUMMARY START ##########
No changes.
##########  CHANGE SUMMARY END  ##########

=====================================================================
42. assert(Exec[install_setuptools])
=====================================================================

Step result:    success
Execution time: 3.976733732 seconds

############## OUTPUT START ##############

##############  OUTPUT END  ##############

########## CHANGE SUMMARY START ##########
No changes.
##########  CHANGE SUMMARY END  ##########

=====================================================================
43. assert(File[/etc/supervisor.d])
=====================================================================

Step result:    success
Execution time: 3.091735205 seconds

############## OUTPUT START ##############

##############  OUTPUT END  ##############

########## CHANGE SUMMARY START ##########
No changes.
##########  CHANGE SUMMARY END  ##########

=====================================================================
44. assert(File[/var/lib/puppet/concat/_etc_supervisord.conf/fragments/02_supervisord_main])
=====================================================================

Step result:    success
Execution time: 3.816063462 seconds

############## OUTPUT START ##############

##############  OUTPUT END  ##############

########## CHANGE SUMMARY START ##########
No changes.
##########  CHANGE SUMMARY END  ##########

=====================================================================
45. assert(File[/var/lib/puppet/concat/_etc_supervisord.conf/fragments])
=====================================================================

Step result:    success
Execution time: 2.839499571 seconds

############## OUTPUT START ##############

##############  OUTPUT END  ##############

########## CHANGE SUMMARY START ##########
No changes.
##########  CHANGE SUMMARY END  ##########

=====================================================================
46. assert(File[/var/lib/puppet/concat/_etc_supervisord.conf])
=====================================================================

Step result:    success
Execution time: 2.948134489 seconds

############## OUTPUT START ##############

##############  OUTPUT END  ##############

########## CHANGE SUMMARY START ##########
No changes.
##########  CHANGE SUMMARY END  ##########

=====================================================================
47. assert(File[/var/lib/puppet/concat])
=====================================================================

Step result:    success
Execution time: 3.8507227 seconds

############## OUTPUT START ##############

##############  OUTPUT END  ##############

########## CHANGE SUMMARY START ##########
No changes.
##########  CHANGE SUMMARY END  ##########

=====================================================================
48. assert(Package[curl])
=====================================================================

Step result:    success
Execution time: 3.667673249 seconds

############## OUTPUT START ##############

##############  OUTPUT END  ##############

########## CHANGE SUMMARY START ##########
No changes.
##########  CHANGE SUMMARY END  ##########

=====================================================================
49. assert(Package[python])
=====================================================================

Step result:    success
Execution time: 5.655267537 seconds

############## OUTPUT START ##############

##############  OUTPUT END  ##############

########## CHANGE SUMMARY START ##########
No changes.
##########  CHANGE SUMMARY END  ##########

=====================================================================
50. assert(Package[supervisor])
=====================================================================

Step result:    success
Execution time: 3.504129973 seconds

############## OUTPUT START ##############

##############  OUTPUT END  ##############

########## CHANGE SUMMARY START ##########
No changes.
##########  CHANGE SUMMARY END  ##########

