=====================================================================
Test Case Result - Overview
=====================================================================

Test Case: Test Case 84
Result:    SUCCESS

Steps:
  1. (success) exec(Package[curl])
  2. (success) exec(Package[python])
  3. (success) exec(Exec[install_setuptools])
  4. (success) exec(Exec[install_pip])
  5. (success) exec(Package[supervisor])
  6. (success) exec(File[/etc/default/supervisor])
  7. (success) assert(Exec[install_pip])
  8. (success) assert(Exec[install_setuptools])
  9. (success) assert(File[/etc/default/supervisor])
  10. (success) assert(Package[curl])
  11. (success) assert(Package[python])
  12. (success) assert(Package[supervisor])
  13. (success) exec(File[/var/log/supervisor])
  14. (success) assert(Exec[install_pip])
  15. (success) assert(Exec[install_setuptools])
  16. (success) assert(File[/etc/default/supervisor])
  17. (success) assert(File[/var/log/supervisor])
  18. (success) assert(Package[curl])
  19. (success) assert(Package[python])
  20. (success) assert(Package[supervisor])

=====================================================================
1. exec(Package[curl])
=====================================================================

Step result:    success
Execution time: 0.230134029 seconds

############## OUTPUT START ##############

##############  OUTPUT END  ##############

=====================================================================
2. exec(Package[python])
=====================================================================

Step result:    success
Execution time: 14.324095031 seconds

############## OUTPUT START ##############
Notice: /Stage[main]/Prerequisites/Package[python]/ensure: ensure changed 'purged' to 'present'
##############  OUTPUT END  ##############

=====================================================================
3. exec(Exec[install_setuptools])
=====================================================================

Step result:    success
Execution time: 2.333634638 seconds

############## OUTPUT START ##############
Notice: /Stage[main]/Supervisord::Pip/Exec[install_setuptools]/returns: executed successfully
##############  OUTPUT END  ##############

=====================================================================
4. exec(Exec[install_pip])
=====================================================================

Step result:    success
Execution time: 4.719874925 seconds

############## OUTPUT START ##############
Notice: /Stage[main]/Supervisord::Pip/Exec[install_pip]/returns: executed successfully
##############  OUTPUT END  ##############

=====================================================================
5. exec(Package[supervisor])
=====================================================================

Step result:    success
Execution time: 3.691614131 seconds

############## OUTPUT START ##############
Notice: /Stage[main]/Supervisord::Install/Package[supervisor]/ensure: created
##############  OUTPUT END  ##############

=====================================================================
6. exec(File[/etc/default/supervisor])
=====================================================================

Step result:    success
Execution time: 1.011723042 seconds

############## OUTPUT START ##############
Notice: /Stage[main]/Supervisord::Config/File[/etc/default/supervisor]/ensure: created
Error: /Stage[main]/Supervisord::Service/Service[supervisord]: Failed to call refresh: Could not find init script or upstart conf file for 'supervisord'
Error: /Stage[main]/Supervisord::Service/Service[supervisord]: Could not find init script or upstart conf file for 'supervisord'
Notice: /Stage[main]/Supervisord::Reload/Exec[supervisorctl_reread]/returns: error: <class 'socket.error'>, [Errno 111] Connection refused: file: /usr/lib/python2.7/socket.py line: 571
Error: /Stage[main]/Supervisord::Reload/Exec[supervisorctl_reread]: Failed to call refresh: /usr/local/bin/supervisorctl reread returned 2 instead of one of [0]
Error: /Stage[main]/Supervisord::Reload/Exec[supervisorctl_reread]: /usr/local/bin/supervisorctl reread returned 2 instead of one of [0]
Notice: /Stage[main]/Supervisord::Reload/Exec[supervisorctl_update]/returns: error: <class 'socket.error'>, [Errno 111] Connection refused: file: /usr/lib/python2.7/socket.py line: 571
Error: /Stage[main]/Supervisord::Reload/Exec[supervisorctl_update]: Failed to call refresh: /usr/local/bin/supervisorctl update returned 2 instead of one of [0]
Error: /Stage[main]/Supervisord::Reload/Exec[supervisorctl_update]: /usr/local/bin/supervisorctl update returned 2 instead of one of [0]
##############  OUTPUT END  ##############

=====================================================================
7. assert(Exec[install_pip])
=====================================================================

Step result:    success
Execution time: 7.36865233 seconds

############## OUTPUT START ##############

##############  OUTPUT END  ##############

########## CHANGE SUMMARY START ##########
No changes.
##########  CHANGE SUMMARY END  ##########

=====================================================================
8. assert(Exec[install_setuptools])
=====================================================================

Step result:    success
Execution time: 3.927599042 seconds

############## OUTPUT START ##############

##############  OUTPUT END  ##############

########## CHANGE SUMMARY START ##########
No changes.
##########  CHANGE SUMMARY END  ##########

=====================================================================
9. assert(File[/etc/default/supervisor])
=====================================================================

Step result:    success
Execution time: 3.800015423 seconds

############## OUTPUT START ##############

##############  OUTPUT END  ##############

########## CHANGE SUMMARY START ##########
No changes.
##########  CHANGE SUMMARY END  ##########

=====================================================================
10. assert(Package[curl])
=====================================================================

Step result:    success
Execution time: 3.539882386 seconds

############## OUTPUT START ##############

##############  OUTPUT END  ##############

########## CHANGE SUMMARY START ##########
No changes.
##########  CHANGE SUMMARY END  ##########

=====================================================================
11. assert(Package[python])
=====================================================================

Step result:    success
Execution time: 4.200894721 seconds

############## OUTPUT START ##############

##############  OUTPUT END  ##############

########## CHANGE SUMMARY START ##########
No changes.
##########  CHANGE SUMMARY END  ##########

=====================================================================
12. assert(Package[supervisor])
=====================================================================

Step result:    success
Execution time: 3.000568845 seconds

############## OUTPUT START ##############

##############  OUTPUT END  ##############

########## CHANGE SUMMARY START ##########
No changes.
##########  CHANGE SUMMARY END  ##########

=====================================================================
13. exec(File[/var/log/supervisor])
=====================================================================

Step result:    success
Execution time: 1.181834151 seconds

############## OUTPUT START ##############
Notice: /Stage[main]/Supervisord::Config/File[/var/log/supervisor]/ensure: created
Notice: /Stage[main]/Supervisord::Reload/Exec[supervisorctl_reread]/returns: error: <class 'socket.error'>, [Errno 111] Connection refused: file: /usr/lib/python2.7/socket.py line: 571
Error: /Stage[main]/Supervisord::Reload/Exec[supervisorctl_reread]: Failed to call refresh: /usr/local/bin/supervisorctl reread returned 2 instead of one of [0]
Error: /Stage[main]/Supervisord::Reload/Exec[supervisorctl_reread]: /usr/local/bin/supervisorctl reread returned 2 instead of one of [0]
Notice: /Stage[main]/Supervisord::Reload/Exec[supervisorctl_update]/returns: error: <class 'socket.error'>, [Errno 111] Connection refused: file: /usr/lib/python2.7/socket.py line: 571
Error: /Stage[main]/Supervisord::Reload/Exec[supervisorctl_update]: Failed to call refresh: /usr/local/bin/supervisorctl update returned 2 instead of one of [0]
Error: /Stage[main]/Supervisord::Reload/Exec[supervisorctl_update]: /usr/local/bin/supervisorctl update returned 2 instead of one of [0]
##############  OUTPUT END  ##############

=====================================================================
14. assert(Exec[install_pip])
=====================================================================

Step result:    success
Execution time: 6.362902932 seconds

############## OUTPUT START ##############

##############  OUTPUT END  ##############

########## CHANGE SUMMARY START ##########
No changes.
##########  CHANGE SUMMARY END  ##########

=====================================================================
15. assert(Exec[install_setuptools])
=====================================================================

Step result:    success
Execution time: 3.769741138 seconds

############## OUTPUT START ##############

##############  OUTPUT END  ##############

########## CHANGE SUMMARY START ##########
No changes.
##########  CHANGE SUMMARY END  ##########

=====================================================================
16. assert(File[/etc/default/supervisor])
=====================================================================

Step result:    success
Execution time: 3.871157682 seconds

############## OUTPUT START ##############

##############  OUTPUT END  ##############

########## CHANGE SUMMARY START ##########
No changes.
##########  CHANGE SUMMARY END  ##########

=====================================================================
17. assert(File[/var/log/supervisor])
=====================================================================

Step result:    success
Execution time: 3.938048921 seconds

############## OUTPUT START ##############

##############  OUTPUT END  ##############

########## CHANGE SUMMARY START ##########
No changes.
##########  CHANGE SUMMARY END  ##########

=====================================================================
18. assert(Package[curl])
=====================================================================

Step result:    success
Execution time: 3.930915374 seconds

############## OUTPUT START ##############

##############  OUTPUT END  ##############

########## CHANGE SUMMARY START ##########
No changes.
##########  CHANGE SUMMARY END  ##########

=====================================================================
19. assert(Package[python])
=====================================================================

Step result:    success
Execution time: 4.006650811 seconds

############## OUTPUT START ##############

##############  OUTPUT END  ##############

########## CHANGE SUMMARY START ##########
No changes.
##########  CHANGE SUMMARY END  ##########

=====================================================================
20. assert(Package[supervisor])
=====================================================================

Step result:    success
Execution time: 3.346028256 seconds

############## OUTPUT START ##############

##############  OUTPUT END  ##############

########## CHANGE SUMMARY START ##########
No changes.
##########  CHANGE SUMMARY END  ##########

